#
# There is insufficient memory for the Java Runtime Environment to continue.
# Native memory allocation (mmap) failed to map 123731968 bytes for committing reserved memory.
# Possible reasons:
#   The system is out of physical RAM or swap space
#   In 32 bit mode, the process size limit was hit
# Possible solutions:
#   Reduce memory load on the system
#   Increase physical memory or swap space
#   Check if swap backing store is full
#   Use 64 bit Java on a 64 bit OS
#   Decrease Java heap size (-Xmx/-Xms)
#   Decrease number of Java threads
#   Decrease Java thread stack sizes (-Xss)
#   Set larger code cache with -XX:ReservedCodeCacheSize=
# This output file may be truncated or incomplete.
#
#  Out of Memory Error (os_linux.cpp:2643), pid=16262, tid=0x00007f6750fb4700
#
# JRE version: OpenJDK Runtime Environment (8.0_131-b11) (build 1.8.0_131-8u131-b11-2ubuntu1.16.04.3-b11)
# Java VM: OpenJDK 64-Bit Server VM (25.131-b11 mixed mode linux-amd64 compressed oops)
# Failed to write core dump. Core dumps have been disabled. To enable core dumping, try "ulimit -c unlimited" before starting Java again
#

---------------  T H R E A D  ---------------

Current thread (0x00007f6764075800):  VMThread [stack: 0x00007f6750eb4000,0x00007f6750fb5000] [id=16272]

Stack: [0x00007f6750eb4000,0x00007f6750fb5000],  sp=0x00007f6750fb34c0,  free space=1021k
Native frames: (J=compiled Java code, j=interpreted, Vv=VM code, C=native code)
V  [libjvm.so+0xa6a1bb]
V  [libjvm.so+0x4c5a6c]
V  [libjvm.so+0x8b85a0]
V  [libjvm.so+0x8b2a1e]
V  [libjvm.so+0x92d556]
V  [libjvm.so+0x92e883]
V  [libjvm.so+0x92af33]
V  [libjvm.so+0x92b1fc]
V  [libjvm.so+0x8dd093]
V  [libjvm.so+0xa6be72]
V  [libjvm.so+0xa70f57]
V  [libjvm.so+0xa6e727]
V  [libjvm.so+0xa6fbaf]
V  [libjvm.so+0xa700a1]
V  [libjvm.so+0x8b5a82]

VM_Operation (0x00007f676b356850): ParallelGCFailedAllocation, mode: safepoint, requested by thread 0x00007f676400c800


---------------  P R O C E S S  ---------------

Java Threads: ( => current thread )
  0x00007f67642ba800 JavaThread "Service Thread" daemon [_thread_blocked, id=16278, stack(0x00007f6750197000,0x00007f6750298000)]
  0x00007f67642af000 JavaThread "C1 CompilerThread1" daemon [_thread_blocked, id=16277, stack(0x00007f6750298000,0x00007f6750399000)]
  0x00007f67642ad800 JavaThread "C2 CompilerThread0" daemon [_thread_blocked, id=16276, stack(0x00007f6750399000,0x00007f675049a000)]
  0x00007f67642ab000 JavaThread "Signal Dispatcher" daemon [_thread_blocked, id=16275, stack(0x00007f675049a000,0x00007f675059b000)]
  0x00007f6764082000 JavaThread "Finalizer" daemon [_thread_blocked, id=16274, stack(0x00007f6750cb2000,0x00007f6750db3000)]
  0x00007f676407d800 JavaThread "Reference Handler" daemon [_thread_blocked, id=16273, stack(0x00007f6750db3000,0x00007f6750eb4000)]
  0x00007f676400c800 JavaThread "main" [_thread_blocked, id=16268, stack(0x00007f676b25b000,0x00007f676b35c000)]

Other Threads:
=>0x00007f6764075800 VMThread [stack: 0x00007f6750eb4000,0x00007f6750fb5000] [id=16272]
  0x00007f67642bd000 WatcherThread [stack: 0x00007f6750096000,0x00007f6750197000] [id=16279]

VM state:at safepoint (normal execution)

VM Mutex/Monitor currently owned by a thread:  ([mutex/lock_event])
[0x00007f6764008a50] Threads_lock - owner thread: 0x00007f6764075800
[0x00007f6764008f50] Heap_lock - owner thread: 0x00007f676400c800

Heap:
 PSYoungGen      total 207360K, used 4601K [0x00000000ebb00000, 0x00000000f8a00000, 0x0000000100000000)
  eden space 202752K, 0% used [0x00000000ebb00000,0x00000000ebb00000,0x00000000f8100000)
  from space 4608K, 99% used [0x00000000f8100000,0x00000000f857e4b0,0x00000000f8580000)
  to   space 4608K, 0% used [0x00000000f8580000,0x00000000f8580000,0x00000000f8a00000)
 ParOldGen       total 42496K, used 12523K [0x00000000c3000000, 0x00000000c5980000, 0x00000000ebb00000)
  object space 42496K, 29% used [0x00000000c3000000,0x00000000c3c3ade0,0x00000000c5980000)
 Metaspace       used 17876K, capacity 18204K, committed 18304K, reserved 1064960K
  class space    used 2332K, capacity 2424K, committed 2432K, reserved 1048576K

Card table byte_map: [0x00007f675463c000,0x00007f6754825000] byte_map_base: 0x00007f6754024000

Marking Bits: (ParMarkBitMap*) 0x00007f676a5282c0
 Begin Bits: [0x00007f6752474000, 0x00007f67533b4000)
 End Bits:   [0x00007f67533b4000, 0x00007f67542f4000)

Polling page: 0x00007f676b37b000

CodeCache: size=245760Kb used=5392Kb max_used=5396Kb free=240367Kb
 bounds [0x00007f6754be5000, 0x00007f6755135000, 0x00007f6763be5000]
 total_blobs=2187 nmethods=1819 adapters=282
 compilation: enabled

Compilation events (10 events):
Event: 4,596 Thread 0x00007f67642af000 1819       3       java.util.regex.Pattern$BitClass::isSatisfiedBy (22 bytes)
Event: 4,596 Thread 0x00007f67642af000 nmethod 1819 0x00007f6755125b10 code [0x00007f6755125c80, 0x00007f6755125e90]
Event: 4,596 Thread 0x00007f67642af000 1820       3       java.util.regex.Matcher::start (22 bytes)
Event: 4,596 Thread 0x00007f67642af000 nmethod 1820 0x00007f67551255d0 code [0x00007f6755125740, 0x00007f67551259a8]
Event: 4,601 Thread 0x00007f67642af000 1822       1       java.util.Formatter$FixedString::index (3 bytes)
Event: 4,601 Thread 0x00007f67642af000 nmethod 1822 0x00007f675512d910 code [0x00007f675512da60, 0x00007f675512db70]
Event: 4,630 Thread 0x00007f67642af000 1823       3       java.lang.StringBuilder::append (6 bytes)
Event: 4,630 Thread 0x00007f67642af000 nmethod 1823 0x00007f675512d450 code [0x00007f675512d5c0, 0x00007f675512d828]
Event: 4,630 Thread 0x00007f67642af000 1824       3       java.lang.StringBuilder::append (6 bytes)
Event: 4,630 Thread 0x00007f67642af000 nmethod 1824 0x00007f675512cf90 code [0x00007f675512d100, 0x00007f675512d368]

GC Heap History (10 events):
Event: 2,173 GC heap after
Heap after GC invocations=6 (full 0):
 PSYoungGen      total 67584K, used 1664K [0x00000000ebb00000, 0x00000000f0100000, 0x0000000100000000)
  eden space 63488K, 0% used [0x00000000ebb00000,0x00000000ebb00000,0x00000000ef900000)
  from space 4096K, 40% used [0x00000000efd00000,0x00000000efea0020,0x00000000f0100000)
  to   space 4096K, 0% used [0x00000000ef900000,0x00000000ef900000,0x00000000efd00000)
 ParOldGen       total 42496K, used 1313K [0x00000000c3000000, 0x00000000c5980000, 0x00000000ebb00000)
  object space 42496K, 3% used [0x00000000c3000000,0x00000000c31484f8,0x00000000c5980000)
 Metaspace       used 9870K, capacity 10034K, committed 10240K, reserved 1058816K
  class space    used 1376K, capacity 1471K, committed 1536K, reserved 1048576K
}
Event: 2,195 GC heap before
{Heap before GC invocations=7 (full 0):
 PSYoungGen      total 67584K, used 65152K [0x00000000ebb00000, 0x00000000f0100000, 0x0000000100000000)
  eden space 63488K, 100% used [0x00000000ebb00000,0x00000000ef900000,0x00000000ef900000)
  from space 4096K, 40% used [0x00000000efd00000,0x00000000efea0020,0x00000000f0100000)
  to   space 4096K, 0% used [0x00000000ef900000,0x00000000ef900000,0x00000000efd00000)
 ParOldGen       total 42496K, used 1313K [0x00000000c3000000, 0x00000000c5980000, 0x00000000ebb00000)
  object space 42496K, 3% used [0x00000000c3000000,0x00000000c31484f8,0x00000000c5980000)
 Metaspace       used 9870K, capacity 10034K, committed 10240K, reserved 1058816K
  class space    used 1376K, capacity 1471K, committed 1536K, reserved 1048576K
Event: 2,198 GC heap after
Heap after GC invocations=7 (full 0):
 PSYoungGen      total 67584K, used 64K [0x00000000ebb00000, 0x00000000f3f00000, 0x0000000100000000)
  eden space 63488K, 0% used [0x00000000ebb00000,0x00000000ebb00000,0x00000000ef900000)
  from space 4096K, 1% used [0x00000000ef900000,0x00000000ef910000,0x00000000efd00000)
  to   space 4096K, 0% used [0x00000000f3b00000,0x00000000f3b00000,0x00000000f3f00000)
 ParOldGen       total 42496K, used 2905K [0x00000000c3000000, 0x00000000c5980000, 0x00000000ebb00000)
  object space 42496K, 6% used [0x00000000c3000000,0x00000000c32d6710,0x00000000c5980000)
 Metaspace       used 9870K, capacity 10034K, committed 10240K, reserved 1058816K
  class space    used 1376K, capacity 1471K, committed 1536K, reserved 1048576K
}
Event: 2,209 GC heap before
{Heap before GC invocations=8 (full 0):
 PSYoungGen      total 67584K, used 63552K [0x00000000ebb00000, 0x00000000f3f00000, 0x0000000100000000)
  eden space 63488K, 100% used [0x00000000ebb00000,0x00000000ef900000,0x00000000ef900000)
  from space 4096K, 1% used [0x00000000ef900000,0x00000000ef910000,0x00000000efd00000)
  to   space 4096K, 0% used [0x00000000f3b00000,0x00000000f3b00000,0x00000000f3f00000)
 ParOldGen       total 42496K, used 2905K [0x00000000c3000000, 0x00000000c5980000, 0x00000000ebb00000)
  object space 42496K, 6% used [0x00000000c3000000,0x00000000c32d6710,0x00000000c5980000)
 Metaspace       used 9870K, capacity 10034K, committed 10240K, reserved 1058816K
  class space    used 1376K, capacity 1471K, committed 1536K, reserved 1048576K
Event: 2,209 GC heap after
Heap after GC invocations=8 (full 0):
 PSYoungGen      total 130560K, used 52K [0x00000000ebb00000, 0x00000000f4000000, 0x0000000100000000)
  eden space 126464K, 0% used [0x00000000ebb00000,0x00000000ebb00000,0x00000000f3680000)
  from space 4096K, 1% used [0x00000000f3b00000,0x00000000f3b0d2f0,0x00000000f3f00000)
  to   space 4608K, 0% used [0x00000000f3680000,0x00000000f3680000,0x00000000f3b00000)
 ParOldGen       total 42496K, used 2905K [0x00000000c3000000, 0x00000000c5980000, 0x00000000ebb00000)
  object space 42496K, 6% used [0x00000000c3000000,0x00000000c32d6710,0x00000000c5980000)
 Metaspace       used 9870K, capacity 10034K, committed 10240K, reserved 1058816K
  class space    used 1376K, capacity 1471K, committed 1536K, reserved 1048576K
}
Event: 2,272 GC heap before
{Heap before GC invocations=9 (full 0):
 PSYoungGen      total 130560K, used 126516K [0x00000000ebb00000, 0x00000000f4000000, 0x0000000100000000)
  eden space 126464K, 100% used [0x00000000ebb00000,0x00000000f3680000,0x00000000f3680000)
  from space 4096K, 1% used [0x00000000f3b00000,0x00000000f3b0d2f0,0x00000000f3f00000)
  to   space 4608K, 0% used [0x00000000f3680000,0x00000000f3680000,0x00000000f3b00000)
 ParOldGen       total 42496K, used 2905K [0x00000000c3000000, 0x00000000c5980000, 0x00000000ebb00000)
  object space 42496K, 6% used [0x00000000c3000000,0x00000000c32d6710,0x00000000c5980000)
 Metaspace       used 9870K, capacity 10034K, committed 10240K, reserved 1058816K
  class space    used 1376K, capacity 1471K, committed 1536K, reserved 1048576K
Event: 2,276 GC heap after
Heap after GC invocations=9 (full 0):
 PSYoungGen      total 131072K, used 57K [0x00000000ebb00000, 0x00000000f8a00000, 0x0000000100000000)
  eden space 126464K, 0% used [0x00000000ebb00000,0x00000000ebb00000,0x00000000f3680000)
  from space 4608K, 1% used [0x00000000f3680000,0x00000000f368e7f8,0x00000000f3b00000)
  to   space 4608K, 0% used [0x00000000f8580000,0x00000000f8580000,0x00000000f8a00000)
 ParOldGen       total 42496K, used 2913K [0x00000000c3000000, 0x00000000c5980000, 0x00000000ebb00000)
  object space 42496K, 6% used [0x00000000c3000000,0x00000000c32d8710,0x00000000c5980000)
 Metaspace       used 9870K, capacity 10034K, committed 10240K, reserved 1058816K
  class space    used 1376K, capacity 1471K, committed 1536K, reserved 1048576K
}
Event: 2,304 GC heap before
{Heap before GC invocations=10 (full 0):
 PSYoungGen      total 131072K, used 126521K [0x00000000ebb00000, 0x00000000f8a00000, 0x0000000100000000)
  eden space 126464K, 100% used [0x00000000ebb00000,0x00000000f3680000,0x00000000f3680000)
  from space 4608K, 1% used [0x00000000f3680000,0x00000000f368e7f8,0x00000000f3b00000)
  to   space 4608K, 0% used [0x00000000f8580000,0x00000000f8580000,0x00000000f8a00000)
 ParOldGen       total 42496K, used 2913K [0x00000000c3000000, 0x00000000c5980000, 0x00000000ebb00000)
  object space 42496K, 6% used [0x00000000c3000000,0x00000000c32d8710,0x00000000c5980000)
 Metaspace       used 9870K, capacity 10034K, committed 10240K, reserved 1058816K
  class space    used 1376K, capacity 1471K, committed 1536K, reserved 1048576K
Event: 2,307 GC heap after
Heap after GC invocations=10 (full 0):
 PSYoungGen      total 207360K, used 32K [0x00000000ebb00000, 0x00000000f8a00000, 0x0000000100000000)
  eden space 202752K, 0% used [0x00000000ebb00000,0x00000000ebb00000,0x00000000f8100000)
  from space 4608K, 0% used [0x00000000f8580000,0x00000000f8588000,0x00000000f8a00000)
  to   space 4608K, 0% used [0x00000000f8100000,0x00000000f8100000,0x00000000f8580000)
 ParOldGen       total 42496K, used 2913K [0x00000000c3000000, 0x00000000c5980000, 0x00000000ebb00000)
  object space 42496K, 6% used [0x00000000c3000000,0x00000000c32d8710,0x00000000c5980000)
 Metaspace       used 9870K, capacity 10034K, committed 10240K, reserved 1058816K
  class space    used 1376K, capacity 1471K, committed 1536K, reserved 1048576K
}
Event: 4,633 GC heap before
{Heap before GC invocations=11 (full 0):
 PSYoungGen      total 207360K, used 202784K [0x00000000ebb00000, 0x00000000f8a00000, 0x0000000100000000)
  eden space 202752K, 100% used [0x00000000ebb00000,0x00000000f8100000,0x00000000f8100000)
  from space 4608K, 0% used [0x00000000f8580000,0x00000000f8588000,0x00000000f8a00000)
  to   space 4608K, 0% used [0x00000000f8100000,0x00000000f8100000,0x00000000f8580000)
 ParOldGen       total 42496K, used 2913K [0x00000000c3000000, 0x00000000c5980000, 0x00000000ebb00000)
  object space 42496K, 6% used [0x00000000c3000000,0x00000000c32d8710,0x00000000c5980000)
 Metaspace       used 17876K, capacity 18204K, committed 18304K, reserved 1064960K
  class space    used 2332K, capacity 2424K, committed 2432K, reserved 1048576K

Deoptimization events (10 events):
Event: 3,978 Thread 0x00007f676400c800 Uncommon trap: reason=class_check action=maybe_recompile pc=0x00007f6754ff3108 method=java.util.regex.Pattern$CharProperty.match(Ljava/util/regex/Matcher;ILjava/lang/CharSequence;)Z @ 18
Event: 3,978 Thread 0x00007f676400c800 Uncommon trap: reason=class_check action=maybe_recompile pc=0x00007f6754ff3108 method=java.util.regex.Pattern$CharProperty.match(Ljava/util/regex/Matcher;ILjava/lang/CharSequence;)Z @ 18
Event: 4,013 Thread 0x00007f676400c800 Uncommon trap: reason=unstable_if action=reinterpret pc=0x00007f67550b7810 method=javassist.bytecode.AttributeInfo.read(Ljavassist/bytecode/ConstPool;Ljava/io/DataInputStream;)Ljavassist/bytecode/AttributeInfo; @ 256
Event: 4,019 Thread 0x00007f676400c800 Uncommon trap: reason=unstable_if action=reinterpret pc=0x00007f6754dbe8a0 method=sun.net.www.ParseUtil.encodePath(Ljava/lang/String;Z)Ljava/lang/String; @ 109
Event: 4,094 Thread 0x00007f676400c800 Uncommon trap: reason=bimorphic action=maybe_recompile pc=0x00007f67550afde4 method=java.util.regex.Pattern$CharProperty.match(Ljava/util/regex/Matcher;ILjava/lang/CharSequence;)Z @ 37
Event: 4,098 Thread 0x00007f676400c800 Uncommon trap: reason=bimorphic action=maybe_recompile pc=0x00007f67550afde4 method=java.util.regex.Pattern$CharProperty.match(Ljava/util/regex/Matcher;ILjava/lang/CharSequence;)Z @ 37
Event: 4,104 Thread 0x00007f676400c800 Uncommon trap: reason=bimorphic action=maybe_recompile pc=0x00007f67550afde4 method=java.util.regex.Pattern$CharProperty.match(Ljava/util/regex/Matcher;ILjava/lang/CharSequence;)Z @ 37
Event: 4,105 Thread 0x00007f676400c800 Uncommon trap: reason=bimorphic action=maybe_recompile pc=0x00007f67550afde4 method=java.util.regex.Pattern$CharProperty.match(Ljava/util/regex/Matcher;ILjava/lang/CharSequence;)Z @ 37
Event: 4,167 Thread 0x00007f676400c800 Uncommon trap: reason=unstable_if action=reinterpret pc=0x00007f6754e45f28 method=java.lang.AbstractStringBuilder.append(Ljava/lang/String;)Ljava/lang/AbstractStringBuilder; @ 1
Event: 4,405 Thread 0x00007f676400c800 Uncommon trap: reason=unstable_if action=reinterpret pc=0x00007f67550e79d0 method=java.util.HashMap.hash(Ljava/lang/Object;)I @ 1

Internal exceptions (10 events):
Event: 1,826 Thread 0x00007f676400c800 Exception <a 'java/lang/ClassNotFoundException': org/apache/log4j/PatternLayoutCustomizer> (0x00000000ec8917d8) thrown at [/build/openjdk-8-pZyJp3/openjdk-8-8u131-b11/src/hotspot/src/share/vm/classfile/systemDictionary.cpp, line 210]
Event: 1,831 Thread 0x00007f676400c800 Implicit null exception at 0x00007f6754dcfaf6 to 0x00007f6754dcfe9d
Event: 2,360 Thread 0x00007f676400c800 Exception <a 'java/lang/ArrayIndexOutOfBoundsException'> (0x00000000ef2147e0) thrown at [/build/openjdk-8-pZyJp3/openjdk-8-8u131-b11/src/hotspot/src/share/vm/runtime/sharedRuntime.cpp, line 605]
Event: 2,361 Thread 0x00007f676400c800 Exception <a 'java/lang/ArrayIndexOutOfBoundsException'> (0x00000000ef215428) thrown at [/build/openjdk-8-pZyJp3/openjdk-8-8u131-b11/src/hotspot/src/share/vm/runtime/sharedRuntime.cpp, line 605]
Event: 2,522 Thread 0x00007f676400c800 Exception <a 'java/lang/ArrayIndexOutOfBoundsException'> (0x00000000efac3688) thrown at [/build/openjdk-8-pZyJp3/openjdk-8-8u131-b11/src/hotspot/src/share/vm/runtime/sharedRuntime.cpp, line 605]
Event: 3,196 Thread 0x00007f676400c800 Implicit null exception at 0x00007f675500843b to 0x00007f6755008e91
Event: 3,328 Thread 0x00007f676400c800 Exception <a 'java/lang/ArrayIndexOutOfBoundsException'> (0x00000000f419c138) thrown at [/build/openjdk-8-pZyJp3/openjdk-8-8u131-b11/src/hotspot/src/share/vm/runtime/sharedRuntime.cpp, line 605]
Event: 3,369 Thread 0x00007f676400c800 Exception <a 'java/lang/ArrayIndexOutOfBoundsException'> (0x00000000f4202198) thrown at [/build/openjdk-8-pZyJp3/openjdk-8-8u131-b11/src/hotspot/src/share/vm/runtime/sharedRuntime.cpp, line 605]
Event: 4,167 Thread 0x00007f676400c800 Implicit null exception at 0x00007f6754e45b75 to 0x00007f6754e45f15
Event: 4,405 Thread 0x00007f676400c800 Implicit null exception at 0x00007f67550e6f20 to 0x00007f67550e79b9

Events (10 events):
Event: 4,420 Executing VM operation: EnableBiasedLocking done
Event: 4,422 loading class org/hibernate/internal/CoreMessageLogger_$logger_es_AR
Event: 4,422 loading class org/hibernate/internal/CoreMessageLogger_$logger_es_AR done
Event: 4,423 loading class org/hibernate/internal/CoreMessageLogger_$logger_es
Event: 4,423 loading class org/hibernate/internal/CoreMessageLogger_$logger_es done
Event: 4,492 loading class org/hibernate/internal/CoreMessageLogger_$logger_es_AR
Event: 4,492 loading class org/hibernate/internal/CoreMessageLogger_$logger_es_AR done
Event: 4,493 loading class org/hibernate/internal/CoreMessageLogger_$logger_es
Event: 4,493 loading class org/hibernate/internal/CoreMessageLogger_$logger_es done
Event: 4,633 Executing VM operation: ParallelGCFailedAllocation


Dynamic libraries:
00400000-00401000 r-xp 00000000 08:01 170472                             /usr/lib/jvm/java-8-openjdk-amd64/jre/bin/java
00600000-00601000 r--p 00000000 08:01 170472                             /usr/lib/jvm/java-8-openjdk-amd64/jre/bin/java
00601000-00602000 rw-p 00001000 08:01 170472                             /usr/lib/jvm/java-8-openjdk-amd64/jre/bin/java
00808000-00829000 rw-p 00000000 00:00 0                                  [heap]
c3000000-c5980000 rw-p 00000000 00:00 0 
c5980000-ebb00000 ---p 00000000 00:00 0 
ebb00000-f8a00000 rw-p 00000000 00:00 0 
100000000-100260000 rw-p 00000000 00:00 0 
100260000-140000000 ---p 00000000 00:00 0 
7f6724000000-7f6724021000 rw-p 00000000 00:00 0 
7f6724021000-7f6728000000 ---p 00000000 00:00 0 
7f672b6a9000-7f672b6b0000 r--s 00000000 08:01 278058                     /usr/lib/x86_64-linux-gnu/gconv/gconv-modules.cache
7f672b6b0000-7f672b6d5000 r--p 00000000 08:01 414184                     /usr/share/locale-langpack/es/LC_MESSAGES/libc.mo
7f672b6d5000-7f672b855000 rw-p 00000000 00:00 0 
7f672b855000-7f672b8d5000 ---p 00000000 00:00 0 
7f672b8d5000-7f672bad5000 rw-p 00000000 00:00 0 
7f672bad5000-7f672bae8000 r--s 00346000 08:01 170437                     /usr/lib/jvm/java-8-openjdk-amd64/jre/lib/resources.jar
7f672bae8000-7f672bce8000 rw-p 00000000 00:00 0 
7f672bce8000-7f672bee8000 rw-p 00000000 00:00 0 
7f672bee8000-7f672bef5000 r--s 00148000 08:01 965660                     /home/dds/.m2/repository/org/hsqldb/hsqldb/2.2.8/hsqldb-2.2.8.jar
7f672bef5000-7f672befc000 r--s 000ca000 08:01 965659                     /home/dds/.m2/repository/mysql/mysql-connector-java/5.1.26/mysql-connector-java-5.1.26.jar
7f672befc000-7f672befe000 r--s 00011000 08:01 965655                     /home/dds/.m2/repository/org/jboss/jandex/1.1.0.Final/jandex-1.1.0.Final.jar
7f672befe000-7f672bf03000 r--s 00068000 08:01 857389                     /home/dds/.m2/repository/antlr/antlr/2.7.7/antlr-2.7.7.jar
7f672bf03000-7f672bf08000 r--s 00017000 08:01 965652                     /home/dds/.m2/repository/org/hibernate/javax/persistence/hibernate-jpa-2.1-api/1.0.0.Final/hibernate-jpa-2.1-api-1.0.0.Final.jar
7f672bf08000-7f672bf0b000 r--s 00010000 08:01 965647                     /home/dds/.m2/repository/org/hibernate/common/hibernate-commons-annotations/4.0.5.Final/hibernate-commons-annotations-4.0.5.Final.jar
7f672bf0b000-7f672bf0c000 r--s 00006000 08:01 965650                     /home/dds/.m2/repository/org/jboss/spec/javax/transaction/jboss-transaction-api_1.2_spec/1.0.0.Final/jboss-transaction-api_1.2_spec-1.0.0.Final.jar
7f672bf0c000-7f672bf6a000 r--s 004a5000 08:01 965653                     /home/dds/.m2/repository/org/hibernate/hibernate-core/4.3.6.Final/hibernate-core-4.3.6.Final.jar
7f672bf6a000-7f672bf78000 r--s 00090000 08:01 965638                     /home/dds/.m2/repository/org/hibernate/hibernate-entitymanager/4.3.6.Final/hibernate-entitymanager-4.3.6.Final.jar
7f672bf78000-7f672bf80000 r--s 00071000 08:01 843118                     /home/dds/.m2/repository/org/apache/commons/commons-lang3/3.6/commons-lang3-3.6.jar
7f672bf80000-7f672bf86000 r--s 00093000 08:01 840727                     /home/dds/.m2/repository/net/java/dev/javacc/javacc/7.0.2/javacc-7.0.2.jar
7f672bf86000-7f672bf99000 r--s 00211000 08:01 938036                     /home/dds/.m2/repository/org/eclipse/swt/gtk/org.eclipse.swt.gtk.linux.x86_64/3.5.2.v3557f/org.eclipse.swt.gtk.linux.x86_64-3.5.2.v3557f.jar
7f672bf99000-7f672bfdd000 r--s 0037c000 08:01 938034                     /home/dds/.m2/repository/org/eclipse/ui/org.eclipse.ui.workbench/3.4.2.M20090127-1700/org.eclipse.ui.workbench-3.4.2.M20090127-1700.jar
7f672bfdd000-7f672bfec000 r--s 000e5000 08:01 938030                     /home/dds/.m2/repository/org/eclipse/org.eclipse.osgi/3.4.3.R34x_v20081215-1030/org.eclipse.osgi-3.4.3.R34x_v20081215-1030.jar
7f672bfec000-7f672c000000 r--s 000eb000 08:01 938028                     /home/dds/.m2/repository/org/eclipse/org.eclipse.jface/3.4.2.M20090107-0800/org.eclipse.jface-3.4.2.M20090107-0800.jar
7f672c000000-7f672c4ed000 rw-p 00000000 00:00 0 
7f672c4ed000-7f6730000000 ---p 00000000 00:00 0 
7f6730000000-7f6730021000 rw-p 00000000 00:00 0 
7f6730021000-7f6734000000 ---p 00000000 00:00 0 
7f6734000000-7f6734021000 rw-p 00000000 00:00 0 
7f6734021000-7f6738000000 ---p 00000000 00:00 0 
7f6738000000-7f67388ec000 rw-p 00000000 00:00 0 
7f67388ec000-7f673c000000 ---p 00000000 00:00 0 
7f673c000000-7f673c021000 rw-p 00000000 00:00 0 
7f673c021000-7f6740000000 ---p 00000000 00:00 0 
7f6740000000-7f6740021000 rw-p 00000000 00:00 0 
7f6740021000-7f6744000000 ---p 00000000 00:00 0 
7f6744000000-7f6744021000 rw-p 00000000 00:00 0 
7f6744021000-7f6748000000 ---p 00000000 00:00 0 
7f6748000000-7f6748021000 rw-p 00000000 00:00 0 
7f6748021000-7f674c000000 ---p 00000000 00:00 0 
7f674c000000-7f674c021000 rw-p 00000000 00:00 0 
7f674c021000-7f6750000000 ---p 00000000 00:00 0 
7f6750000000-7f6750001000 r--s 00002000 08:01 965645                     /home/dds/.m2/repository/org/jboss/logging/jboss-logging-annotations/1.2.0.Beta1/jboss-logging-annotations-1.2.0.Beta1.jar
7f6750001000-7f6750003000 r--s 0000c000 08:01 965642                     /home/dds/.m2/repository/org/jboss/logging/jboss-logging/3.1.3.GA/jboss-logging-3.1.3.GA.jar
7f6750003000-7f6750005000 r--s 00002000 08:01 965634                     /home/dds/.m2/repository/org/uqbar-project/jpa-java8-extras/1.0-alpha-1/jpa-java8-extras-1.0-alpha-1.jar
7f6750005000-7f675000a000 r--s 0002b000 08:01 938023                     /home/dds/.m2/repository/org/eclipse/jface/org.eclipse.jface.databinding/1.2.1.M20080827-0800a/org.eclipse.jface.databinding-1.2.1.M20080827-0800a.jar
7f675000a000-7f675000d000 r--s 00015000 08:01 938021                     /home/dds/.m2/repository/org/eclipse/equinox/org.eclipse.equinox.common/3.4.0.v20080421-2006/org.eclipse.equinox.common-3.4.0.v20080421-2006.jar
7f675000d000-7f6750016000 r--s 0004c000 08:01 938019                     /home/dds/.m2/repository/org/eclipse/core/org.eclipse.core.databinding/1.1.1.M20080827-0800b/org.eclipse.core.databinding-1.1.1.M20080827-0800b.jar
7f6750016000-7f6750018000 r--s 0000d000 08:01 938017                     /home/dds/.m2/repository/org/eclipse/core/databinding/org.eclipse.core.databinding.beans/1.1.1.M20080827-0800a/org.eclipse.core.databinding.beans-1.1.1.M20080827-0800a.jar
7f6750018000-7f675001b000 r--s 00017000 08:01 793468                     /home/dds/.m2/repository/org/eclipse/core/org.eclipse.core.commands/3.4.0.I20080509-2000/org.eclipse.core.commands-3.4.0.I20080509-2000.jar
7f675001b000-7f6750069000 r--s 0087c000 08:01 793466                     /home/dds/.m2/repository/com/ibm/icu/icu4j/50.1.1/icu4j-50.1.1.jar
7f6750069000-7f675008a000 r--s 00162000 08:01 939737                     /home/dds/.m2/repository/org/mockito/mockito-all/1.9.5/mockito-all-1.9.5.jar
7f675008a000-7f675008c000 r--s 00008000 08:01 939735                     /home/dds/.m2/repository/org/uqbar-project/arena-poo/3.6.1/arena-poo-3.6.1.jar
7f675008c000-7f6750096000 r--s 00095000 08:01 814437                     /home/dds/.m2/repository/org/scala-lang/modules/scala-xml_2.11/1.0.2/scala-xml_2.11-1.0.2.jar
7f6750096000-7f6750097000 ---p 00000000 00:00 0 
7f6750097000-7f6750197000 rw-p 00000000 00:00 0 
7f6750197000-7f675019a000 ---p 00000000 00:00 0 
7f675019a000-7f6750298000 rw-p 00000000 00:00 0 
7f6750298000-7f675029b000 ---p 00000000 00:00 0 
7f675029b000-7f6750399000 rw-p 00000000 00:00 0 
7f6750399000-7f675039c000 ---p 00000000 00:00 0 
7f675039c000-7f675049a000 rw-p 00000000 00:00 0 
7f675049a000-7f675049d000 ---p 00000000 00:00 0 
7f675049d000-7f675059b000 rw-p 00000000 00:00 0 
7f675059b000-7f67505f3000 r--s 004f2000 08:01 814435                     /home/dds/.m2/repository/org/scala-lang/scala-library/2.11.2/scala-library-2.11.2.jar
7f67505f3000-7f67505f8000 r--s 00016000 08:01 793460                     /home/dds/.m2/repository/xml-apis/xml-apis/1.0.b2/xml-apis-1.0.b2.jar
7f67505f8000-7f67505fd000 r--s 00048000 08:01 793457                     /home/dds/.m2/repository/dom4j/dom4j/1.6.1/dom4j-1.6.1.jar
7f67505fd000-7f6750600000 r--s 00006000 08:01 793454                     /home/dds/.m2/repository/com/google/code/findbugs/jsr305/1.3.9/jsr305-1.3.9.jar
7f6750600000-7f6750621000 r--s 00172000 08:01 793451                     /home/dds/.m2/repository/com/google/guava/guava/11.0.2/guava-11.0.2.jar
7f6750621000-7f6750624000 r--s 00017000 08:01 793448                     /home/dds/.m2/repository/org/reflections/reflections/0.9.8/reflections-0.9.8.jar
7f6750624000-7f675062e000 r--s 000a5000 08:01 793445                     /home/dds/.m2/repository/org/javassist/javassist/3.18.1-GA/javassist-3.18.1-GA.jar
7f675062e000-7f6750632000 r--s 00038000 08:01 793423                     /home/dds/.m2/repository/commons-lang/commons-lang/2.2/commons-lang-2.2.jar
7f6750632000-7f675063a000 r--s 00053000 08:01 793420                     /home/dds/.m2/repository/net/sf/oval/oval/1.81/oval-1.81.jar
7f675063a000-7f675063c000 r--s 0000d000 08:01 793417                     /home/dds/.m2/repository/commons-logging/commons-logging/1.1.1/commons-logging-1.1.1.jar
7f675063c000-7f6750641000 r--s 0002a000 08:01 793414                     /home/dds/.m2/repository/commons-beanutils/commons-beanutils/1.7.0/commons-beanutils-1.7.0.jar
7f6750641000-7f675064d000 r--s 00076000 08:01 793411                     /home/dds/.m2/repository/net/sourceforge/collections/collections-generic/4.01/collections-generic-4.01.jar
7f675064d000-7f675065b000 r--s 0007f000 08:01 793408                     /home/dds/.m2/repository/commons-collections/commons-collections/3.2.1/commons-collections-3.2.1.jar
7f675065b000-7f675065d000 r--s 00008000 08:01 814432                     /home/dds/.m2/repository/org/uqbar-project/uqbar-domain/3.6.1/uqbar-domain-3.6.1.jar
7f675065d000-7f6750661000 r--s 00028000 08:01 939733                     /home/dds/.m2/repository/org/uqbar-project/arena-apo/3.6.1/arena-apo-3.6.1.jar
7f6750661000-7f6750664000 r--s 00014000 08:01 939731                     /home/dds/.m2/repository/org/uqbar-project/arena-pot/3.6.1/arena-pot-3.6.1.jar
7f6750664000-7f675066b000 r--s 0002c000 08:01 939729                     /home/dds/.m2/repository/org/uqbar-project/arena-core/3.6.1/arena-core-3.6.1.jar
7f675066b000-7f6750671000 r--s 00035000 08:01 939727                     /home/dds/.m2/repository/org/uqbar-project/arena-jface/3.6.1/arena-jface-3.6.1.jar
7f6750671000-7f675067a000 r--s 0006f000 08:01 793390                     /home/dds/.m2/repository/log4j/log4j/1.2.17/log4j-1.2.17.jar
7f675067a000-7f675067f000 r--s 00034000 08:01 793387                     /home/dds/.m2/repository/com/google/code/gson/gson/2.8.0/gson-2.8.0.jar
7f675067f000-7f6750681000 r--s 00009000 08:01 787749                     /home/dds/.m2/repository/org/hamcrest/hamcrest-core/1.3/hamcrest-core-1.3.jar
7f6750681000-7f6750689000 r--s 00045000 08:01 793384                     /home/dds/.m2/repository/junit/junit/4.12/junit-4.12.jar
7f6750689000-7f6750693000 r--s 00061000 08:01 793378                     /home/dds/.m2/repository/com/sun/jersey/jersey-core/1.19.3/jersey-core-1.19.3.jar
7f6750693000-7f6750697000 r--s 0001d000 08:01 793375                     /home/dds/.m2/repository/com/sun/jersey/jersey-client/1.19.3/jersey-client-1.19.3.jar
7f6750697000-7f6750699000 r--s 0000a000 08:01 793381                     /home/dds/.m2/repository/javax/ws/rs/jsr311-api/1.1.1/jsr311-api-1.1.1.jar
7f6750699000-7f675072f000 r--s 008d7000 08:01 550478                     /usr/share/java/openjfx/jre/lib/ext/jfxrt.jar
7f675072f000-7f675074a000 r--s 001d6000 08:01 155727                     /usr/lib/jvm/java-8-openjdk-amd64/jre/lib/ext/nashorn.jar
7f675074a000-7f6750765000 r--s 00394000 08:01 155153                     /usr/lib/jvm/java-8-openjdk-amd64/jre/lib/ext/cldrdata.jar
7f6750765000-7f6750cb2000 r--p 00000000 08:01 2262                       /usr/lib/locale/locale-archive
7f6750cb2000-7f6750cb5000 ---p 00000000 00:00 0 
7f6750cb5000-7f6750db3000 rw-p 00000000 00:00 0 
7f6750db3000-7f6750db6000 ---p 00000000 00:00 0 
7f6750db6000-7f6750eb4000 rw-p 00000000 00:00 0 
7f6750eb4000-7f6750eb5000 ---p 00000000 00:00 0 
7f6750eb5000-7f67518be000 rw-p 00000000 00:00 0 
7f67518be000-7f6751a8c000 r--s 03c13000 08:01 141429                     /usr/lib/jvm/java-8-openjdk-amd64/jre/lib/rt.jar
7f6751a8c000-7f67542f4000 rw-p 00000000 00:00 0 
7f67542f4000-7f67542f5000 ---p 00000000 00:00 0 
7f67542f5000-7f67543f5000 rw-p 00000000 00:00 0 
7f67543f5000-7f67543f6000 ---p 00000000 00:00 0 
7f67543f6000-7f675450b000 rw-p 00000000 00:00 0 
7f675450b000-7f675463c000 ---p 00000000 00:00 0 
7f675463c000-7f6754651000 rw-p 00000000 00:00 0 
7f6754651000-7f6754781000 ---p 00000000 00:00 0 
7f6754781000-7f67547e9000 rw-p 00000000 00:00 0 
7f67547e9000-7f6754824000 ---p 00000000 00:00 0 
7f6754824000-7f675483b000 rw-p 00000000 00:00 0 
7f675483b000-7f6754be5000 ---p 00000000 00:00 0 
7f6754be5000-7f6755135000 rwxp 00000000 00:00 0 
7f6755135000-7f6763be5000 ---p 00000000 00:00 0 
7f6763be5000-7f6763bed000 r-xp 00000000 08:01 170412                     /usr/lib/jvm/java-8-openjdk-amd64/jre/lib/amd64/libzip.so
7f6763bed000-7f6763dec000 ---p 00008000 08:01 170412                     /usr/lib/jvm/java-8-openjdk-amd64/jre/lib/amd64/libzip.so
7f6763dec000-7f6763ded000 r--p 00007000 08:01 170412                     /usr/lib/jvm/java-8-openjdk-amd64/jre/lib/amd64/libzip.so
7f6763ded000-7f6763dee000 rw-p 00008000 08:01 170412                     /usr/lib/jvm/java-8-openjdk-amd64/jre/lib/amd64/libzip.so
7f6763dee000-7f6763df9000 r-xp 00000000 08:01 1056813                    /lib/x86_64-linux-gnu/libnss_files-2.23.so
7f6763df9000-7f6763ff8000 ---p 0000b000 08:01 1056813                    /lib/x86_64-linux-gnu/libnss_files-2.23.so
7f6763ff8000-7f6763ff9000 r--p 0000a000 08:01 1056813                    /lib/x86_64-linux-gnu/libnss_files-2.23.so
7f6763ff9000-7f6763ffa000 rw-p 0000b000 08:01 1056813                    /lib/x86_64-linux-gnu/libnss_files-2.23.so
7f6763ffa000-7f6764000000 rw-p 00000000 00:00 0 
7f6764000000-7f676488d000 rw-p 00000000 00:00 0 
7f676488d000-7f6768000000 ---p 00000000 00:00 0 
7f6768000000-7f6768004000 r--s 00037000 08:01 155729                     /usr/lib/jvm/java-8-openjdk-amd64/jre/lib/ext/sunpkcs11.jar
7f6768004000-7f6768007000 r--s 0000f000 08:01 155733                     /usr/lib/jvm/java-8-openjdk-amd64/jre/lib/ext/icedtea-sound.jar
7f6768007000-7f6768009000 r--s 00001000 08:01 155730                     /usr/lib/jvm/java-8-openjdk-amd64/jre/lib/ext/dnsns.jar
7f6768009000-7f67680ee000 rw-p 00000000 00:00 0 
7f67680ee000-7f67680f9000 r-xp 00000000 08:01 1056816                    /lib/x86_64-linux-gnu/libnss_nis-2.23.so
7f67680f9000-7f67682f8000 ---p 0000b000 08:01 1056816                    /lib/x86_64-linux-gnu/libnss_nis-2.23.so
7f67682f8000-7f67682f9000 r--p 0000a000 08:01 1056816                    /lib/x86_64-linux-gnu/libnss_nis-2.23.so
7f67682f9000-7f67682fa000 rw-p 0000b000 08:01 1056816                    /lib/x86_64-linux-gnu/libnss_nis-2.23.so
7f67682fa000-7f6768310000 r-xp 00000000 08:01 1048632                    /lib/x86_64-linux-gnu/libnsl-2.23.so
7f6768310000-7f676850f000 ---p 00016000 08:01 1048632                    /lib/x86_64-linux-gnu/libnsl-2.23.so
7f676850f000-7f6768510000 r--p 00015000 08:01 1048632                    /lib/x86_64-linux-gnu/libnsl-2.23.so
7f6768510000-7f6768511000 rw-p 00016000 08:01 1048632                    /lib/x86_64-linux-gnu/libnsl-2.23.so
7f6768511000-7f6768513000 rw-p 00000000 00:00 0 
7f6768513000-7f676851b000 r-xp 00000000 08:01 1056822                    /lib/x86_64-linux-gnu/libnss_compat-2.23.so
7f676851b000-7f676871a000 ---p 00008000 08:01 1056822                    /lib/x86_64-linux-gnu/libnss_compat-2.23.so
7f676871a000-7f676871b000 r--p 00007000 08:01 1056822                    /lib/x86_64-linux-gnu/libnss_compat-2.23.so
7f676871b000-7f676871c000 rw-p 00008000 08:01 1056822                    /lib/x86_64-linux-gnu/libnss_compat-2.23.so
7f676871c000-7f6768749000 r-xp 00000000 08:01 170427                     /usr/lib/jvm/java-8-openjdk-amd64/jre/lib/amd64/libjava.so
7f6768749000-7f6768948000 ---p 0002d000 08:01 170427                     /usr/lib/jvm/java-8-openjdk-amd64/jre/lib/amd64/libjava.so
7f6768948000-7f6768949000 r--p 0002c000 08:01 170427                     /usr/lib/jvm/java-8-openjdk-amd64/jre/lib/amd64/libjava.so
7f6768949000-7f676894b000 rw-p 0002d000 08:01 170427                     /usr/lib/jvm/java-8-openjdk-amd64/jre/lib/amd64/libjava.so
7f676894b000-7f676895a000 r-xp 00000000 08:01 170406                     /usr/lib/jvm/java-8-openjdk-amd64/jre/lib/amd64/libverify.so
7f676895a000-7f6768b59000 ---p 0000f000 08:01 170406                     /usr/lib/jvm/java-8-openjdk-amd64/jre/lib/amd64/libverify.so
7f6768b59000-7f6768b5b000 r--p 0000e000 08:01 170406                     /usr/lib/jvm/java-8-openjdk-amd64/jre/lib/amd64/libverify.so
7f6768b5b000-7f6768b5c000 rw-p 00010000 08:01 170406                     /usr/lib/jvm/java-8-openjdk-amd64/jre/lib/amd64/libverify.so
7f6768b5c000-7f6768b63000 r-xp 00000000 08:01 1056818                    /lib/x86_64-linux-gnu/librt-2.23.so
7f6768b63000-7f6768d62000 ---p 00007000 08:01 1056818                    /lib/x86_64-linux-gnu/librt-2.23.so
7f6768d62000-7f6768d63000 r--p 00006000 08:01 1056818                    /lib/x86_64-linux-gnu/librt-2.23.so
7f6768d63000-7f6768d64000 rw-p 00007000 08:01 1056818                    /lib/x86_64-linux-gnu/librt-2.23.so
7f6768d64000-7f6768d7a000 r-xp 00000000 08:01 1054182                    /lib/x86_64-linux-gnu/libgcc_s.so.1
7f6768d7a000-7f6768f79000 ---p 00016000 08:01 1054182                    /lib/x86_64-linux-gnu/libgcc_s.so.1
7f6768f79000-7f6768f7a000 rw-p 00015000 08:01 1054182                    /lib/x86_64-linux-gnu/libgcc_s.so.1
7f6768f7a000-7f6769082000 r-xp 00000000 08:01 1056827                    /lib/x86_64-linux-gnu/libm-2.23.so
7f6769082000-7f6769281000 ---p 00108000 08:01 1056827                    /lib/x86_64-linux-gnu/libm-2.23.so
7f6769281000-7f6769282000 r--p 00107000 08:01 1056827                    /lib/x86_64-linux-gnu/libm-2.23.so
7f6769282000-7f6769283000 rw-p 00108000 08:01 1056827                    /lib/x86_64-linux-gnu/libm-2.23.so
7f6769283000-7f67693f5000 r-xp 00000000 08:01 140859                     /usr/lib/x86_64-linux-gnu/libstdc++.so.6.0.21
7f67693f5000-7f67695f5000 ---p 00172000 08:01 140859                     /usr/lib/x86_64-linux-gnu/libstdc++.so.6.0.21
7f67695f5000-7f67695ff000 r--p 00172000 08:01 140859                     /usr/lib/x86_64-linux-gnu/libstdc++.so.6.0.21
7f67695ff000-7f6769601000 rw-p 0017c000 08:01 140859                     /usr/lib/x86_64-linux-gnu/libstdc++.so.6.0.21
7f6769601000-7f6769605000 rw-p 00000000 00:00 0 
7f6769605000-7f676a259000 r-xp 00000000 08:01 170411                     /usr/lib/jvm/java-8-openjdk-amd64/jre/lib/amd64/server/libjvm.so
7f676a259000-7f676a459000 ---p 00c54000 08:01 170411                     /usr/lib/jvm/java-8-openjdk-amd64/jre/lib/amd64/server/libjvm.so
7f676a459000-7f676a4ec000 r--p 00c54000 08:01 170411                     /usr/lib/jvm/java-8-openjdk-amd64/jre/lib/amd64/server/libjvm.so
7f676a4ec000-7f676a515000 rw-p 00ce7000 08:01 170411                     /usr/lib/jvm/java-8-openjdk-amd64/jre/lib/amd64/server/libjvm.so
7f676a515000-7f676a545000 rw-p 00000000 00:00 0 
7f676a545000-7f676a55d000 r-xp 00000000 08:01 1056815                    /lib/x86_64-linux-gnu/libpthread-2.23.so
7f676a55d000-7f676a75c000 ---p 00018000 08:01 1056815                    /lib/x86_64-linux-gnu/libpthread-2.23.so
7f676a75c000-7f676a75d000 r--p 00017000 08:01 1056815                    /lib/x86_64-linux-gnu/libpthread-2.23.so
7f676a75d000-7f676a75e000 rw-p 00018000 08:01 1056815                    /lib/x86_64-linux-gnu/libpthread-2.23.so
7f676a75e000-7f676a762000 rw-p 00000000 00:00 0 
7f676a762000-7f676a765000 r-xp 00000000 08:01 1056821                    /lib/x86_64-linux-gnu/libdl-2.23.so
7f676a765000-7f676a964000 ---p 00003000 08:01 1056821                    /lib/x86_64-linux-gnu/libdl-2.23.so
7f676a964000-7f676a965000 r--p 00002000 08:01 1056821                    /lib/x86_64-linux-gnu/libdl-2.23.so
7f676a965000-7f676a966000 rw-p 00003000 08:01 1056821                    /lib/x86_64-linux-gnu/libdl-2.23.so
7f676a966000-7f676a97f000 r-xp 00000000 08:01 1057478                    /lib/x86_64-linux-gnu/libz.so.1.2.8
7f676a97f000-7f676ab7e000 ---p 00019000 08:01 1057478                    /lib/x86_64-linux-gnu/libz.so.1.2.8
7f676ab7e000-7f676ab7f000 r--p 00018000 08:01 1057478                    /lib/x86_64-linux-gnu/libz.so.1.2.8
7f676ab7f000-7f676ab80000 rw-p 00019000 08:01 1057478                    /lib/x86_64-linux-gnu/libz.so.1.2.8
7f676ab80000-7f676ad40000 r-xp 00000000 08:01 1056842                    /lib/x86_64-linux-gnu/libc-2.23.so
7f676ad40000-7f676af40000 ---p 001c0000 08:01 1056842                    /lib/x86_64-linux-gnu/libc-2.23.so
7f676af40000-7f676af44000 r--p 001c0000 08:01 1056842                    /lib/x86_64-linux-gnu/libc-2.23.so
7f676af44000-7f676af46000 rw-p 001c4000 08:01 1056842                    /lib/x86_64-linux-gnu/libc-2.23.so
7f676af46000-7f676af4a000 rw-p 00000000 00:00 0 
7f676af4a000-7f676af57000 r-xp 00000000 08:01 170404                     /usr/lib/jvm/java-8-openjdk-amd64/jre/lib/amd64/jli/libjli.so
7f676af57000-7f676b157000 ---p 0000d000 08:01 170404                     /usr/lib/jvm/java-8-openjdk-amd64/jre/lib/amd64/jli/libjli.so
7f676b157000-7f676b158000 r--p 0000d000 08:01 170404                     /usr/lib/jvm/java-8-openjdk-amd64/jre/lib/amd64/jli/libjli.so
7f676b158000-7f676b159000 rw-p 0000e000 08:01 170404                     /usr/lib/jvm/java-8-openjdk-amd64/jre/lib/amd64/jli/libjli.so
7f676b159000-7f676b17f000 r-xp 00000000 08:01 1056810                    /lib/x86_64-linux-gnu/ld-2.23.so
7f676b17f000-7f676b180000 r--s 00003000 08:01 938032                     /home/dds/.m2/repository/org/eclipse/org.eclipse.swt/3.4.2.v3452b/org.eclipse.swt-3.4.2.v3452b.jar
7f676b180000-7f676b182000 r--s 00008000 08:01 155734                     /usr/lib/jvm/java-8-openjdk-amd64/jre/lib/ext/sunec.jar
7f676b182000-7f676b25b000 rw-p 00000000 00:00 0 
7f676b25b000-7f676b25e000 ---p 00000000 00:00 0 
7f676b25e000-7f676b361000 rw-p 00000000 00:00 0 
7f676b361000-7f676b362000 r--s 0000a000 08:01 155731                     /usr/lib/jvm/java-8-openjdk-amd64/jre/lib/ext/jaccess.jar
7f676b362000-7f676b367000 r--s 0003b000 08:01 155732                     /usr/lib/jvm/java-8-openjdk-amd64/jre/lib/ext/sunjce_provider.jar
7f676b367000-7f676b368000 r--s 00010000 08:01 155735                     /usr/lib/jvm/java-8-openjdk-amd64/jre/lib/ext/zipfs.jar
7f676b368000-7f676b372000 r--s 00116000 08:01 155728                     /usr/lib/jvm/java-8-openjdk-amd64/jre/lib/ext/localedata.jar
7f676b372000-7f676b37a000 rw-s 00000000 08:01 4353                       /tmp/hsperfdata_dds/16262
7f676b37a000-7f676b37b000 rw-p 00000000 00:00 0 
7f676b37b000-7f676b37c000 ---p 00000000 00:00 0 
7f676b37c000-7f676b37e000 rw-p 00000000 00:00 0 
7f676b37e000-7f676b37f000 r--p 00025000 08:01 1056810                    /lib/x86_64-linux-gnu/ld-2.23.so
7f676b37f000-7f676b380000 rw-p 00026000 08:01 1056810                    /lib/x86_64-linux-gnu/ld-2.23.so
7f676b380000-7f676b381000 rw-p 00000000 00:00 0 
7fffee1b5000-7fffee1d7000 rw-p 00000000 00:00 0                          [stack]
7fffee1f4000-7fffee1f6000 r--p 00000000 00:00 0                          [vvar]
7fffee1f6000-7fffee1f8000 r-xp 00000000 00:00 0                          [vdso]
ffffffffff600000-ffffffffff601000 r-xp 00000000 00:00 0                  [vsyscall]

VM Arguments:
jvm_args: -Djava.system.class.loader=org.uqbar.apo.APOClassLoader -Dfile.encoding=UTF-8 
java_command: AsesorApplication
java_class_path (initial): /home/dds/Desarrollo/workspace/2017-vn-group-10/target/classes:/home/dds/.m2/repository/javax/ws/rs/jsr311-api/1.1.1/jsr311-api-1.1.1.jar:/home/dds/.m2/repository/com/sun/jersey/jersey-client/1.19.3/jersey-client-1.19.3.jar:/home/dds/.m2/repository/com/sun/jersey/jersey-core/1.19.3/jersey-core-1.19.3.jar:/home/dds/.m2/repository/junit/junit/4.12/junit-4.12.jar:/home/dds/.m2/repository/org/hamcrest/hamcrest-core/1.3/hamcrest-core-1.3.jar:/home/dds/.m2/repository/com/google/code/gson/gson/2.8.0/gson-2.8.0.jar:/home/dds/.m2/repository/log4j/log4j/1.2.17/log4j-1.2.17.jar:/home/dds/.m2/repository/org/uqbar-project/arena-jface/3.6.1/arena-jface-3.6.1.jar:/home/dds/.m2/repository/org/uqbar-project/arena-core/3.6.1/arena-core-3.6.1.jar:/home/dds/.m2/repository/org/uqbar-project/arena-pot/3.6.1/arena-pot-3.6.1.jar:/home/dds/.m2/repository/org/uqbar-project/arena-apo/3.6.1/arena-apo-3.6.1.jar:/home/dds/.m2/repository/org/uqbar-project/uqbar-domain/3.6.1/uqbar-domain-3.6.1.jar:/home/dds/.m2/repository/commons-collections/commons-collections/3.2.1/commons-collections-3.2.1.jar:/home/dds/.m2/repository/net/sourceforge/collections/collections-generic/4.01/collections-generic-4.01.jar:/home/dds/.m2/repository/commons-beanutils/commons-beanutils/1.7.0/commons-beanutils-1.7.0.jar:/home/dds/.m2/repository/commons-logging/commons-logging/1.1.1/commons-logging-1.1.1.jar:/home/dds/.m2/repository/net/sf/oval/oval/1.81/oval-1.81.jar:/home/dds/.m2/repository/commons-lang/commons-lang/2.2/commons-lang-2.2.jar:/home/dds/.m2/repository/org/javassist/javassist/3.18.1-GA/javassist-3.18.1-GA.jar:/home/dds/.m2/repository/org/reflections/reflections/0.9.8/reflections-0.9.8.jar:/home/dds/.m2/repository/com/google/guava/guava/11.0.2/guava-11.0.2.jar:/home/dds/.m2/repository/com/google/code/findbugs/jsr305/1.3.9/jsr305-1.3.9.jar:/home/dds/.m2/repository/dom4j/dom4j/1.6.1/dom4j-1.6.1.jar:/home/dds/.m2/repository/xml-apis/xml-apis/1.0.b2/xml-apis-1.0.b2.jar:/home/dds/.m2/re
Launcher Type: SUN_STANDARD

Environment Variables:
PATH=/home/dds/bin:/home/dds/.local/bin:/usr/local/sbin:/usr/local/bin:/usr/sbin:/usr/bin:/sbin:/bin:/usr/games:/usr/local/games:/snap/bin
SHELL=/bin/bash
DISPLAY=:0

Signal Handlers:
SIGSEGV: [libjvm.so+0xa6ad10], sa_mask[0]=11111111011111111101111111111110, sa_flags=SA_RESTART|SA_SIGINFO
SIGBUS: [libjvm.so+0xa6ad10], sa_mask[0]=11111111011111111101111111111110, sa_flags=SA_RESTART|SA_SIGINFO
SIGFPE: [libjvm.so+0x8b3bc0], sa_mask[0]=11111111011111111101111111111110, sa_flags=SA_RESTART|SA_SIGINFO
SIGPIPE: [libjvm.so+0x8b3bc0], sa_mask[0]=11111111011111111101111111111110, sa_flags=SA_RESTART|SA_SIGINFO
SIGXFSZ: [libjvm.so+0x8b3bc0], sa_mask[0]=11111111011111111101111111111110, sa_flags=SA_RESTART|SA_SIGINFO
SIGILL: [libjvm.so+0x8b3bc0], sa_mask[0]=11111111011111111101111111111110, sa_flags=SA_RESTART|SA_SIGINFO
SIGUSR1: SIG_DFL, sa_mask[0]=00000000000000000000000000000000, sa_flags=none
SIGUSR2: [libjvm.so+0x8b3a70], sa_mask[0]=00100000000000000000000000000000, sa_flags=SA_RESTART|SA_SIGINFO
SIGHUP: [libjvm.so+0x8b3f40], sa_mask[0]=11111111011111111101111111111110, sa_flags=SA_RESTART|SA_SIGINFO
SIGINT: [libjvm.so+0x8b3f40], sa_mask[0]=11111111011111111101111111111110, sa_flags=SA_RESTART|SA_SIGINFO
SIGTERM: [libjvm.so+0x8b3f40], sa_mask[0]=11111111011111111101111111111110, sa_flags=SA_RESTART|SA_SIGINFO
SIGQUIT: [libjvm.so+0x8b3f40], sa_mask[0]=11111111011111111101111111111110, sa_flags=SA_RESTART|SA_SIGINFO


---------------  S Y S T E M  ---------------

OS:DISTRIB_ID=Ubuntu
DISTRIB_RELEASE=16.04
DISTRIB_CODENAME=xenial
DISTRIB_DESCRIPTION="Ubuntu 16.04.3 LTS"

uname:Linux 4.10.0-32-generic #36~16.04.1-Ubuntu SMP Wed Aug 9 09:19:02 UTC 2017 x86_64
libc:glibc 2.23 NPTL 2.23 
rlimit: STACK 8192k, CORE 0k, NPROC 15431, NOFILE 1048576, AS infinity
load average:0,62 0,49 0,35

/proc/meminfo:
MemTotal:        3995084 kB
MemFree:          104944 kB
MemAvailable:      17704 kB
Buffers:            1468 kB
Cached:            41840 kB
SwapCached:        12704 kB
Active:          3228788 kB
Inactive:         532240 kB
Active(anon):    3209664 kB
Inactive(anon):   513756 kB
Active(file):      19124 kB
Inactive(file):    18484 kB
Unevictable:          40 kB
Mlocked:              40 kB
SwapTotal:       2095100 kB
SwapFree:          12388 kB
Dirty:               216 kB
Writeback:           884 kB
AnonPages:       3703400 kB
Mapped:            34720 kB
Shmem:              5600 kB
Slab:              50968 kB
SReclaimable:      24556 kB
SUnreclaim:        26412 kB
KernelStack:       10800 kB
PageTables:        38436 kB
NFS_Unstable:          0 kB
Bounce:                0 kB
WritebackTmp:          0 kB
CommitLimit:     4092640 kB
Committed_AS:    9754160 kB
VmallocTotal:   34359738367 kB
VmallocUsed:           0 kB
VmallocChunk:          0 kB
HardwareCorrupted:     0 kB
AnonHugePages:   1822720 kB
ShmemHugePages:        0 kB
ShmemPmdMapped:        0 kB
CmaTotal:              0 kB
CmaFree:               0 kB
HugePages_Total:       0
HugePages_Free:        0
HugePages_Rsvd:        0
HugePages_Surp:        0
Hugepagesize:       2048 kB
DirectMap4k:      118720 kB
DirectMap2M:     4026368 kB


CPU:total 2 (initial active 2) (2 cores per cpu, 1 threads per core) family 6 model 58 stepping 9, cmov, cx8, fxsr, mmx, sse, sse2, sse3, ssse3, sse4.1, sse4.2, popcnt, avx, aes, clmul, tsc, tscinvbit, tscinv

/proc/cpuinfo:
processor	: 0
vendor_id	: GenuineIntel
cpu family	: 6
model		: 58
model name	: Intel(R) Core(TM) i5-3210M CPU @ 2.50GHz
stepping	: 9
microcode	: 0x19
cpu MHz		: 2494.316
cache size	: 3072 KB
physical id	: 0
siblings	: 2
core id		: 0
cpu cores	: 2
apicid		: 0
initial apicid	: 0
fpu		: yes
fpu_exception	: yes
cpuid level	: 13
wp		: yes
flags		: fpu vme de pse tsc msr pae mce cx8 apic sep mtrr pge mca cmov pat pse36 clflush mmx fxsr sse sse2 ht syscall nx rdtscp lm constant_tsc rep_good nopl xtopology nonstop_tsc pni pclmulqdq ssse3 cx16 sse4_1 sse4_2 x2apic popcnt aes xsave avx rdrand hypervisor lahf_lm
bugs		:
bogomips	: 4988.63
clflush size	: 64
cache_alignment	: 64
address sizes	: 36 bits physical, 48 bits virtual
power management:

processor	: 1
vendor_id	: GenuineIntel
cpu family	: 6
model		: 58
model name	: Intel(R) Core(TM) i5-3210M CPU @ 2.50GHz
stepping	: 9
microcode	: 0x19
cpu MHz		: 2494.316
cache size	: 3072 KB
physical id	: 0
siblings	: 2
core id		: 1
cpu cores	: 2
apicid		: 1
initial apicid	: 1
fpu		: yes
fpu_exception	: yes
cpuid level	: 13
wp		: yes
flags		: fpu vme de pse tsc msr pae mce cx8 apic sep mtrr pge mca cmov pat pse36 clflush mmx fxsr sse sse2 ht syscall nx rdtscp lm constant_tsc rep_good nopl xtopology nonstop_tsc pni pclmulqdq ssse3 cx16 sse4_1 sse4_2 x2apic popcnt aes xsave avx rdrand hypervisor lahf_lm
bugs		:
bogomips	: 4988.63
clflush size	: 64
cache_alignment	: 64
address sizes	: 36 bits physical, 48 bits virtual
power management:



Memory: 4k page, physical 3995084k(104944k free), swap 2095100k(12392k free)

vm_info: OpenJDK 64-Bit Server VM (25.131-b11) for linux-amd64 JRE (1.8.0_131-8u131-b11-2ubuntu1.16.04.3-b11), built on Jul 28 2017 01:23:32 by "buildd" with gcc 5.4.0 20160609

time: Fri Sep 15 19:50:19 2017
elapsed time: 4 seconds (0d 0h 0m 4s)

