#
# There is insufficient memory for the Java Runtime Environment to continue.
# Native memory allocation (mmap) failed to map 68157440 bytes for committing reserved memory.
# Possible reasons:
#   The system is out of physical RAM or swap space
#   In 32 bit mode, the process size limit was hit
# Possible solutions:
#   Reduce memory load on the system
#   Increase physical memory or swap space
#   Check if swap backing store is full
#   Use 64 bit Java on a 64 bit OS
#   Decrease Java heap size (-Xmx/-Xms)
#   Decrease number of Java threads
#   Decrease Java thread stack sizes (-Xss)
#   Set larger code cache with -XX:ReservedCodeCacheSize=
# This output file may be truncated or incomplete.
#
#  Out of Memory Error (os_linux.cpp:2643), pid=8597, tid=0x00007fcc9b1f1700
#
# JRE version: OpenJDK Runtime Environment (8.0_131-b11) (build 1.8.0_131-8u131-b11-2ubuntu1.16.04.3-b11)
# Java VM: OpenJDK 64-Bit Server VM (25.131-b11 mixed mode linux-amd64 compressed oops)
# Failed to write core dump. Core dumps have been disabled. To enable core dumping, try "ulimit -c unlimited" before starting Java again
#

---------------  T H R E A D  ---------------

Current thread (0x00007fccb007a000):  VMThread [stack: 0x00007fcc9b0f1000,0x00007fcc9b1f2000] [id=8608]

Stack: [0x00007fcc9b0f1000,0x00007fcc9b1f2000],  sp=0x00007fcc9b1f04c0,  free space=1021k
Native frames: (J=compiled Java code, j=interpreted, Vv=VM code, C=native code)
V  [libjvm.so+0xa6a1bb]
V  [libjvm.so+0x4c5a6c]
V  [libjvm.so+0x8b85a0]
V  [libjvm.so+0x8b2a1e]
V  [libjvm.so+0x92d556]
V  [libjvm.so+0x92e883]
V  [libjvm.so+0x92af33]
V  [libjvm.so+0x92b1fc]
V  [libjvm.so+0x8dd093]
V  [libjvm.so+0xa6be72]
V  [libjvm.so+0xa70f57]
V  [libjvm.so+0xa6e727]
V  [libjvm.so+0xa6fbaf]
V  [libjvm.so+0xa700a1]
V  [libjvm.so+0x8b5a82]

VM_Operation (0x00007fccb7fb34d0): ParallelGCFailedAllocation, mode: safepoint, requested by thread 0x00007fccb000c800


---------------  P R O C E S S  ---------------

Java Threads: ( => current thread )
  0x00007fccb02b9000 JavaThread "Service Thread" daemon [_thread_blocked, id=8615, stack(0x00007fcc9a323000,0x00007fcc9a424000)]
  0x00007fccb02b5800 JavaThread "C1 CompilerThread2" daemon [_thread_blocked, id=8614, stack(0x00007fcc9a424000,0x00007fcc9a525000)]
  0x00007fccb02b3000 JavaThread "C2 CompilerThread1" daemon [_thread_blocked, id=8613, stack(0x00007fcc9a525000,0x00007fcc9a626000)]
  0x00007fccb02b1800 JavaThread "C2 CompilerThread0" daemon [_thread_blocked, id=8612, stack(0x00007fcc9a626000,0x00007fcc9a727000)]
  0x00007fccb02af000 JavaThread "Signal Dispatcher" daemon [_thread_blocked, id=8611, stack(0x00007fcc9a727000,0x00007fcc9a828000)]
  0x00007fccb0086000 JavaThread "Finalizer" daemon [_thread_blocked, id=8610, stack(0x00007fcc9aeef000,0x00007fcc9aff0000)]
  0x00007fccb0081800 JavaThread "Reference Handler" daemon [_thread_blocked, id=8609, stack(0x00007fcc9aff0000,0x00007fcc9b0f1000)]
  0x00007fccb000c800 JavaThread "main" [_thread_blocked, id=8603, stack(0x00007fccb7eb4000,0x00007fccb7fb5000)]

Other Threads:
=>0x00007fccb007a000 VMThread [stack: 0x00007fcc9b0f1000,0x00007fcc9b1f2000] [id=8608]
  0x00007fccb02bb000 WatcherThread [stack: 0x00007fcc9a222000,0x00007fcc9a323000] [id=8616]

VM state:at safepoint (normal execution)

VM Mutex/Monitor currently owned by a thread:  ([mutex/lock_event])
[0x00007fccb0008a50] Threads_lock - owner thread: 0x00007fccb007a000
[0x00007fccb0008f50] Heap_lock - owner thread: 0x00007fccb000c800

Heap:
 PSYoungGen      total 66048K, used 1632K [0x00000000ebb00000, 0x00000000efe00000, 0x0000000100000000)
  eden space 63488K, 0% used [0x00000000ebb00000,0x00000000ebb00000,0x00000000ef900000)
  from space 2560K, 63% used [0x00000000ef900000,0x00000000efa98040,0x00000000efb80000)
  to   space 2560K, 0% used [0x00000000efb80000,0x00000000efb80000,0x00000000efe00000)
 ParOldGen       total 42496K, used 1512K [0x00000000c3000000, 0x00000000c5980000, 0x00000000ebb00000)
  object space 42496K, 3% used [0x00000000c3000000,0x00000000c317a3d0,0x00000000c5980000)
 Metaspace       used 9881K, capacity 10098K, committed 10240K, reserved 1058816K
  class space    used 1377K, capacity 1471K, committed 1536K, reserved 1048576K

Card table byte_map: [0x00007fccb4383000,0x00007fccb456c000] byte_map_base: 0x00007fccb3d6b000

Marking Bits: (ParMarkBitMap*) 0x00007fccb71812c0
 Begin Bits: [0x00007fcc96f7e000, 0x00007fcc97ebe000)
 End Bits:   [0x00007fcc97ebe000, 0x00007fcc98dfe000)

Polling page: 0x00007fccb7fd4000

CodeCache: size=245760Kb used=2798Kb max_used=2811Kb free=242961Kb
 bounds [0x00007fcca1000000, 0x00007fcca12d0000, 0x00007fccb0000000]
 total_blobs=956 nmethods=668 adapters=203
 compilation: enabled

Compilation events (10 events):
Event: 0,991 Thread 0x00007fccb02b5800 nmethod 665 0x00007fcca12b9a50 code [0x00007fcca12b9ba0, 0x00007fcca12b9c90]
Event: 0,991 Thread 0x00007fccb02b5800  664       3       java.util.zip.ZipFile$ZipFileInflaterInputStream::finalize (5 bytes)
Event: 0,991 Thread 0x00007fccb02b5800 nmethod 664 0x00007fcca12b96d0 code [0x00007fcca12b9840, 0x00007fcca12b99c8]
Event: 0,999 Thread 0x00007fccb02b3000 nmethod 620 0x00007fcca12bd190 code [0x00007fcca12bd500, 0x00007fcca12bf720]
Event: 1,000 Thread 0x00007fccb02b1800  666       4       java.lang.String::valueOf (14 bytes)
Event: 1,001 Thread 0x00007fccb02b1800 nmethod 666 0x00007fcca12b7cd0 code [0x00007fcca12b7e20, 0x00007fcca12b7e98]
Event: 1,002 Thread 0x00007fccb02b1800  667       4       java.lang.StringBuilder::<init> (18 bytes)
Event: 1,003 Thread 0x00007fccb02b3000  668   !   4       java.io.BufferedReader::read (104 bytes)
Event: 1,007 Thread 0x00007fccb02b3000 nmethod 668 0x00007fcca12bb110 code [0x00007fcca12bb260, 0x00007fcca12bb5b8]
Event: 1,010 Thread 0x00007fccb02b1800 nmethod 667 0x00007fcca12b7250 code [0x00007fcca12b73c0, 0x00007fcca12b78d8]

GC Heap History (9 events):
Event: 0,579 GC heap before
{Heap before GC invocations=1 (full 0):
 PSYoungGen      total 18432K, used 15856K [0x00000000ebb00000, 0x00000000ecf80000, 0x0000000100000000)
  eden space 15872K, 99% used [0x00000000ebb00000,0x00000000eca7c010,0x00000000eca80000)
  from space 2560K, 0% used [0x00000000ecd00000,0x00000000ecd00000,0x00000000ecf80000)
  to   space 2560K, 0% used [0x00000000eca80000,0x00000000eca80000,0x00000000ecd00000)
 ParOldGen       total 42496K, used 0K [0x00000000c3000000, 0x00000000c5980000, 0x00000000ebb00000)
  object space 42496K, 0% used [0x00000000c3000000,0x00000000c3000000,0x00000000c5980000)
 Metaspace       used 5330K, capacity 6552K, committed 6784K, reserved 1056768K
  class space    used 725K, capacity 776K, committed 896K, reserved 1048576K
Event: 0,590 GC heap after
Heap after GC invocations=1 (full 0):
 PSYoungGen      total 18432K, used 2541K [0x00000000ebb00000, 0x00000000edf00000, 0x0000000100000000)
  eden space 15872K, 0% used [0x00000000ebb00000,0x00000000ebb00000,0x00000000eca80000)
  from space 2560K, 99% used [0x00000000eca80000,0x00000000eccfb660,0x00000000ecd00000)
  to   space 2560K, 0% used [0x00000000edc80000,0x00000000edc80000,0x00000000edf00000)
 ParOldGen       total 42496K, used 480K [0x00000000c3000000, 0x00000000c5980000, 0x00000000ebb00000)
  object space 42496K, 1% used [0x00000000c3000000,0x00000000c3078198,0x00000000c5980000)
 Metaspace       used 5330K, capacity 6552K, committed 6784K, reserved 1056768K
  class space    used 725K, capacity 776K, committed 896K, reserved 1048576K
}
Event: 0,977 GC heap before
{Heap before GC invocations=2 (full 0):
 PSYoungGen      total 18432K, used 18413K [0x00000000ebb00000, 0x00000000edf00000, 0x0000000100000000)
  eden space 15872K, 100% used [0x00000000ebb00000,0x00000000eca80000,0x00000000eca80000)
  from space 2560K, 99% used [0x00000000eca80000,0x00000000eccfb660,0x00000000ecd00000)
  to   space 2560K, 0% used [0x00000000edc80000,0x00000000edc80000,0x00000000edf00000)
 ParOldGen       total 42496K, used 480K [0x00000000c3000000, 0x00000000c5980000, 0x00000000ebb00000)
  object space 42496K, 1% used [0x00000000c3000000,0x00000000c3078198,0x00000000c5980000)
 Metaspace       used 9879K, capacity 10034K, committed 10240K, reserved 1058816K
  class space    used 1377K, capacity 1471K, committed 1536K, reserved 1048576K
Event: 0,980 GC heap after
Heap after GC invocations=2 (full 0):
 PSYoungGen      total 34304K, used 2557K [0x00000000ebb00000, 0x00000000edf00000, 0x0000000100000000)
  eden space 31744K, 0% used [0x00000000ebb00000,0x00000000ebb00000,0x00000000eda00000)
  from space 2560K, 99% used [0x00000000edc80000,0x00000000edeff728,0x00000000edf00000)
  to   space 2560K, 0% used [0x00000000eda00000,0x00000000eda00000,0x00000000edc80000)
 ParOldGen       total 42496K, used 1440K [0x00000000c3000000, 0x00000000c5980000, 0x00000000ebb00000)
  object space 42496K, 3% used [0x00000000c3000000,0x00000000c31683c0,0x00000000c5980000)
 Metaspace       used 9879K, capacity 10034K, committed 10240K, reserved 1058816K
  class space    used 1377K, capacity 1471K, committed 1536K, reserved 1048576K
}
Event: 0,991 GC heap before
{Heap before GC invocations=3 (full 0):
 PSYoungGen      total 34304K, used 34301K [0x00000000ebb00000, 0x00000000edf00000, 0x0000000100000000)
  eden space 31744K, 100% used [0x00000000ebb00000,0x00000000eda00000,0x00000000eda00000)
  from space 2560K, 99% used [0x00000000edc80000,0x00000000edeff728,0x00000000edf00000)
  to   space 2560K, 0% used [0x00000000eda00000,0x00000000eda00000,0x00000000edc80000)
 ParOldGen       total 42496K, used 1440K [0x00000000c3000000, 0x00000000c5980000, 0x00000000ebb00000)
  object space 42496K, 3% used [0x00000000c3000000,0x00000000c31683c0,0x00000000c5980000)
 Metaspace       used 9881K, capacity 10098K, committed 10240K, reserved 1058816K
  class space    used 1377K, capacity 1471K, committed 1536K, reserved 1048576K
Event: 0,996 GC heap after
Heap after GC invocations=3 (full 0):
 PSYoungGen      total 34304K, used 1744K [0x00000000ebb00000, 0x00000000efe00000, 0x0000000100000000)
  eden space 31744K, 0% used [0x00000000ebb00000,0x00000000ebb00000,0x00000000eda00000)
  from space 2560K, 68% used [0x00000000eda00000,0x00000000edbb4040,0x00000000edc80000)
  to   space 2560K, 0% used [0x00000000efb80000,0x00000000efb80000,0x00000000efe00000)
 ParOldGen       total 42496K, used 1440K [0x00000000c3000000, 0x00000000c5980000, 0x00000000ebb00000)
  object space 42496K, 3% used [0x00000000c3000000,0x00000000c31683c0,0x00000000c5980000)
 Metaspace       used 9881K, capacity 10098K, committed 10240K, reserved 1058816K
  class space    used 1377K, capacity 1471K, committed 1536K, reserved 1048576K
}
Event: 1,003 GC heap before
{Heap before GC invocations=4 (full 0):
 PSYoungGen      total 34304K, used 33488K [0x00000000ebb00000, 0x00000000efe00000, 0x0000000100000000)
  eden space 31744K, 100% used [0x00000000ebb00000,0x00000000eda00000,0x00000000eda00000)
  from space 2560K, 68% used [0x00000000eda00000,0x00000000edbb4040,0x00000000edc80000)
  to   space 2560K, 0% used [0x00000000efb80000,0x00000000efb80000,0x00000000efe00000)
 ParOldGen       total 42496K, used 1440K [0x00000000c3000000, 0x00000000c5980000, 0x00000000ebb00000)
  object space 42496K, 3% used [0x00000000c3000000,0x00000000c31683c0,0x00000000c5980000)
 Metaspace       used 9881K, capacity 10098K, committed 10240K, reserved 1058816K
  class space    used 1377K, capacity 1471K, committed 1536K, reserved 1048576K
Event: 1,004 GC heap after
Heap after GC invocations=4 (full 0):
 PSYoungGen      total 66048K, used 1664K [0x00000000ebb00000, 0x00000000efe00000, 0x0000000100000000)
  eden space 63488K, 0% used [0x00000000ebb00000,0x00000000ebb00000,0x00000000ef900000)
  from space 2560K, 65% used [0x00000000efb80000,0x00000000efd20020,0x00000000efe00000)
  to   space 2560K, 0% used [0x00000000ef900000,0x00000000ef900000,0x00000000efb80000)
 ParOldGen       total 42496K, used 1512K [0x00000000c3000000, 0x00000000c5980000, 0x00000000ebb00000)
  object space 42496K, 3% used [0x00000000c3000000,0x00000000c317a3d0,0x00000000c5980000)
 Metaspace       used 9881K, capacity 10098K, committed 10240K, reserved 1058816K
  class space    used 1377K, capacity 1471K, committed 1536K, reserved 1048576K
}
Event: 1,023 GC heap before
{Heap before GC invocations=5 (full 0):
 PSYoungGen      total 66048K, used 65152K [0x00000000ebb00000, 0x00000000efe00000, 0x0000000100000000)
  eden space 63488K, 100% used [0x00000000ebb00000,0x00000000ef900000,0x00000000ef900000)
  from space 2560K, 65% used [0x00000000efb80000,0x00000000efd20020,0x00000000efe00000)
  to   space 2560K, 0% used [0x00000000ef900000,0x00000000ef900000,0x00000000efb80000)
 ParOldGen       total 42496K, used 1512K [0x00000000c3000000, 0x00000000c5980000, 0x00000000ebb00000)
  object space 42496K, 3% used [0x00000000c3000000,0x00000000c317a3d0,0x00000000c5980000)
 Metaspace       used 9881K, capacity 10098K, committed 10240K, reserved 1058816K
  class space    used 1377K, capacity 1471K, committed 1536K, reserved 1048576K

Deoptimization events (9 events):
Event: 0,528 Thread 0x00007fccb000c800 Uncommon trap: reason=unstable_if action=reinterpret pc=0x00007fcca11081cc method=java.lang.String.indexOf([CII[CIII)I @ 123
Event: 0,530 Thread 0x00007fccb000c800 Uncommon trap: reason=unstable_if action=reinterpret pc=0x00007fcca1158228 method=sun.misc.URLClassPath.getLoader(I)Lsun/misc/URLClassPath$Loader; @ 36
Event: 0,530 Thread 0x00007fccb000c800 Uncommon trap: reason=unstable_if action=reinterpret pc=0x00007fcca1192c4c method=sun.misc.URLClassPath$JarLoader.getResource(Ljava/lang/String;Z)Lsun/misc/Resource; @ 4
Event: 0,530 Thread 0x00007fccb000c800 Uncommon trap: reason=unstable_if action=reinterpret pc=0x00007fcca1183280 method=java.lang.String.startsWith(Ljava/lang/String;I)Z @ 37
Event: 0,530 Thread 0x00007fccb000c800 Uncommon trap: reason=unstable_if action=reinterpret pc=0x00007fcca115acfc method=sun.misc.URLClassPath.getLoader(I)Lsun/misc/URLClassPath$Loader; @ 36
Event: 0,530 Thread 0x00007fccb000c800 Uncommon trap: reason=unstable_if action=reinterpret pc=0x00007fcca1157ab4 method=sun.misc.URLClassPath$JarLoader.ensureOpen()V @ 4
Event: 0,535 Thread 0x00007fccb000c800 Uncommon trap: reason=unstable_if action=reinterpret pc=0x00007fcca11669fc method=java.util.zip.ZipCoder.encoder()Ljava/nio/charset/CharsetEncoder; @ 4
Event: 0,537 Thread 0x00007fccb000c800 Uncommon trap: reason=unstable_if action=reinterpret pc=0x00007fcca11633ec method=java.util.zip.ZipCoder.encoder()Ljava/nio/charset/CharsetEncoder; @ 4
Event: 0,941 Thread 0x00007fccb000c800 Uncommon trap: reason=unstable_if action=reinterpret pc=0x00007fcca118e634 method=java.lang.AbstractStringBuilder.append(Ljava/lang/String;)Ljava/lang/AbstractStringBuilder; @ 1

Internal exceptions (10 events):
Event: 0,923 Thread 0x00007fccb000c800 Exception <a 'java/lang/ClassNotFoundException': org/apache/log4j/PatternLayoutBeanInfo> (0x00000000ec83b870) thrown at [/build/openjdk-8-pZyJp3/openjdk-8-8u131-b11/src/hotspot/src/share/vm/classfile/systemDictionary.cpp, line 210]
Event: 0,923 Thread 0x00007fccb000c800 Exception <a 'java/lang/ClassNotFoundException': org/apache/log4j/LayoutBeanInfo> (0x00000000ec847e38) thrown at [/build/openjdk-8-pZyJp3/openjdk-8-8u131-b11/src/hotspot/src/share/vm/classfile/systemDictionary.cpp, line 210]
Event: 0,923 Thread 0x00007fccb000c800 Exception <a 'java/lang/ClassNotFoundException': java/lang/ObjectBeanInfo> (0x00000000ec84da18) thrown at [/build/openjdk-8-pZyJp3/openjdk-8-8u131-b11/src/hotspot/src/share/vm/classfile/systemDictionary.cpp, line 210]
Event: 0,924 Thread 0x00007fccb000c800 Exception <a 'java/lang/ClassNotFoundException': java/lang/ObjectCustomizer> (0x00000000ec853760) thrown at [/build/openjdk-8-pZyJp3/openjdk-8-8u131-b11/src/hotspot/src/share/vm/classfile/systemDictionary.cpp, line 210]
Event: 0,929 Thread 0x00007fccb000c800 Exception <a 'java/lang/ArrayIndexOutOfBoundsException': 18> (0x00000000ec855d98) thrown at [/build/openjdk-8-pZyJp3/openjdk-8-8u131-b11/src/hotspot/src/share/vm/interpreter/interpreterRuntime.cpp, line 366]
Event: 0,931 Thread 0x00007fccb000c800 Exception <a 'java/lang/ArrayIndexOutOfBoundsException': 22> (0x00000000ec8590e0) thrown at [/build/openjdk-8-pZyJp3/openjdk-8-8u131-b11/src/hotspot/src/share/vm/interpreter/interpreterRuntime.cpp, line 366]
Event: 0,932 Thread 0x00007fccb000c800 Exception <a 'java/lang/ArrayIndexOutOfBoundsException': 160> (0x00000000ec85b4b8) thrown at [/build/openjdk-8-pZyJp3/openjdk-8-8u131-b11/src/hotspot/src/share/vm/interpreter/interpreterRuntime.cpp, line 366]
Event: 0,937 Thread 0x00007fccb000c800 Exception <a 'java/lang/ClassNotFoundException': org/apache/log4j/LayoutCustomizer> (0x00000000ec86a770) thrown at [/build/openjdk-8-pZyJp3/openjdk-8-8u131-b11/src/hotspot/src/share/vm/classfile/systemDictionary.cpp, line 210]
Event: 0,938 Thread 0x00007fccb000c800 Exception <a 'java/lang/ClassNotFoundException': org/apache/log4j/PatternLayoutCustomizer> (0x00000000ec888690) thrown at [/build/openjdk-8-pZyJp3/openjdk-8-8u131-b11/src/hotspot/src/share/vm/classfile/systemDictionary.cpp, line 210]
Event: 0,941 Thread 0x00007fccb000c800 Implicit null exception at 0x00007fcca118e276 to 0x00007fcca118e61d

Events (10 events):
Event: 0,970 loading class java/lang/invoke/InnerClassLambdaMetafactory$ForwardingMethodGenerator done
Event: 0,973 loading class java/io/FileWriter
Event: 0,974 loading class java/io/FileWriter done
Event: 0,976 Executing VM operation: ParallelGCFailedAllocation
Event: 0,980 Executing VM operation: ParallelGCFailedAllocation done
Event: 0,991 Executing VM operation: ParallelGCFailedAllocation
Event: 0,996 Executing VM operation: ParallelGCFailedAllocation done
Event: 1,003 Executing VM operation: ParallelGCFailedAllocation
Event: 1,005 Executing VM operation: ParallelGCFailedAllocation done
Event: 1,023 Executing VM operation: ParallelGCFailedAllocation


Dynamic libraries:
00400000-00401000 r-xp 00000000 08:01 170472                             /usr/lib/jvm/java-8-openjdk-amd64/jre/bin/java
00600000-00601000 r--p 00000000 08:01 170472                             /usr/lib/jvm/java-8-openjdk-amd64/jre/bin/java
00601000-00602000 rw-p 00001000 08:01 170472                             /usr/lib/jvm/java-8-openjdk-amd64/jre/bin/java
02308000-02329000 rw-p 00000000 00:00 0                                  [heap]
c3000000-c5980000 rw-p 00000000 00:00 0 
c5980000-ebb00000 ---p 00000000 00:00 0 
ebb00000-efe00000 rw-p 00000000 00:00 0 
f3f00000-100000000 ---p 00000000 00:00 0 
100000000-100180000 rw-p 00000000 00:00 0 
100180000-140000000 ---p 00000000 00:00 0 
7fcc60000000-7fcc60021000 rw-p 00000000 00:00 0 
7fcc60021000-7fcc64000000 ---p 00000000 00:00 0 
7fcc64000000-7fcc64021000 rw-p 00000000 00:00 0 
7fcc64021000-7fcc68000000 ---p 00000000 00:00 0 
7fcc68000000-7fcc6826a000 rw-p 00000000 00:00 0 
7fcc6826a000-7fcc6c000000 ---p 00000000 00:00 0 
7fcc6c000000-7fcc6c200000 rw-p 00000000 00:00 0 
7fcc6c200000-7fcc70000000 ---p 00000000 00:00 0 
7fcc70000000-7fcc70021000 rw-p 00000000 00:00 0 
7fcc70021000-7fcc74000000 ---p 00000000 00:00 0 
7fcc74000000-7fcc74314000 rw-p 00000000 00:00 0 
7fcc74314000-7fcc78000000 ---p 00000000 00:00 0 
7fcc78000000-7fcc78021000 rw-p 00000000 00:00 0 
7fcc78021000-7fcc7c000000 ---p 00000000 00:00 0 
7fcc7c000000-7fcc7c021000 rw-p 00000000 00:00 0 
7fcc7c021000-7fcc80000000 ---p 00000000 00:00 0 
7fcc80000000-7fcc80021000 rw-p 00000000 00:00 0 
7fcc80021000-7fcc84000000 ---p 00000000 00:00 0 
7fcc84000000-7fcc84021000 rw-p 00000000 00:00 0 
7fcc84021000-7fcc88000000 ---p 00000000 00:00 0 
7fcc88000000-7fcc88021000 rw-p 00000000 00:00 0 
7fcc88021000-7fcc8c000000 ---p 00000000 00:00 0 
7fcc90000000-7fcc90021000 rw-p 00000000 00:00 0 
7fcc90021000-7fcc94000000 ---p 00000000 00:00 0 
7fcc96f7e000-7fcc98dfe000 rw-p 00000000 00:00 0 
7fcc99e4a000-7fcc99e51000 r--s 00000000 08:01 278058                     /usr/lib/x86_64-linux-gnu/gconv/gconv-modules.cache
7fcc99e51000-7fcc99e76000 r--p 00000000 08:01 414184                     /usr/share/locale-langpack/es/LC_MESSAGES/libc.mo
7fcc99e76000-7fcc99ef6000 rw-p 00000000 00:00 0 
7fcc99ef6000-7fcc9a076000 ---p 00000000 00:00 0 
7fcc9a076000-7fcc9a083000 r--s 00148000 08:01 965660                     /home/dds/.m2/repository/org/hsqldb/hsqldb/2.2.8/hsqldb-2.2.8.jar
7fcc9a083000-7fcc9a08a000 r--s 000ca000 08:01 965659                     /home/dds/.m2/repository/mysql/mysql-connector-java/5.1.26/mysql-connector-java-5.1.26.jar
7fcc9a08a000-7fcc9a08c000 r--s 00011000 08:01 965655                     /home/dds/.m2/repository/org/jboss/jandex/1.1.0.Final/jandex-1.1.0.Final.jar
7fcc9a08c000-7fcc9a091000 r--s 00068000 08:01 857389                     /home/dds/.m2/repository/antlr/antlr/2.7.7/antlr-2.7.7.jar
7fcc9a091000-7fcc9a096000 r--s 00017000 08:01 965652                     /home/dds/.m2/repository/org/hibernate/javax/persistence/hibernate-jpa-2.1-api/1.0.0.Final/hibernate-jpa-2.1-api-1.0.0.Final.jar
7fcc9a096000-7fcc9a099000 r--s 00010000 08:01 965647                     /home/dds/.m2/repository/org/hibernate/common/hibernate-commons-annotations/4.0.5.Final/hibernate-commons-annotations-4.0.5.Final.jar
7fcc9a099000-7fcc9a0f7000 r--s 004a5000 08:01 965653                     /home/dds/.m2/repository/org/hibernate/hibernate-core/4.3.6.Final/hibernate-core-4.3.6.Final.jar
7fcc9a0f7000-7fcc9a0f9000 r--s 0000c000 08:01 965642                     /home/dds/.m2/repository/org/jboss/logging/jboss-logging/3.1.3.GA/jboss-logging-3.1.3.GA.jar
7fcc9a0f9000-7fcc9a107000 r--s 00090000 08:01 965638                     /home/dds/.m2/repository/org/hibernate/hibernate-entitymanager/4.3.6.Final/hibernate-entitymanager-4.3.6.Final.jar
7fcc9a107000-7fcc9a109000 r--s 00002000 08:01 965634                     /home/dds/.m2/repository/org/uqbar-project/jpa-java8-extras/1.0-alpha-1/jpa-java8-extras-1.0-alpha-1.jar
7fcc9a109000-7fcc9a111000 r--s 00071000 08:01 843118                     /home/dds/.m2/repository/org/apache/commons/commons-lang3/3.6/commons-lang3-3.6.jar
7fcc9a111000-7fcc9a117000 r--s 00093000 08:01 840727                     /home/dds/.m2/repository/net/java/dev/javacc/javacc/7.0.2/javacc-7.0.2.jar
7fcc9a117000-7fcc9a12a000 r--s 00211000 08:01 938036                     /home/dds/.m2/repository/org/eclipse/swt/gtk/org.eclipse.swt.gtk.linux.x86_64/3.5.2.v3557f/org.eclipse.swt.gtk.linux.x86_64-3.5.2.v3557f.jar
7fcc9a12a000-7fcc9a16e000 r--s 0037c000 08:01 938034                     /home/dds/.m2/repository/org/eclipse/ui/org.eclipse.ui.workbench/3.4.2.M20090127-1700/org.eclipse.ui.workbench-3.4.2.M20090127-1700.jar
7fcc9a16e000-7fcc9a17d000 r--s 000e5000 08:01 938030                     /home/dds/.m2/repository/org/eclipse/org.eclipse.osgi/3.4.3.R34x_v20081215-1030/org.eclipse.osgi-3.4.3.R34x_v20081215-1030.jar
7fcc9a17d000-7fcc9a191000 r--s 000eb000 08:01 938028                     /home/dds/.m2/repository/org/eclipse/org.eclipse.jface/3.4.2.M20090107-0800/org.eclipse.jface-3.4.2.M20090107-0800.jar
7fcc9a191000-7fcc9a196000 r--s 0002b000 08:01 938023                     /home/dds/.m2/repository/org/eclipse/jface/org.eclipse.jface.databinding/1.2.1.M20080827-0800a/org.eclipse.jface.databinding-1.2.1.M20080827-0800a.jar
7fcc9a196000-7fcc9a199000 r--s 00015000 08:01 938021                     /home/dds/.m2/repository/org/eclipse/equinox/org.eclipse.equinox.common/3.4.0.v20080421-2006/org.eclipse.equinox.common-3.4.0.v20080421-2006.jar
7fcc9a199000-7fcc9a1a2000 r--s 0004c000 08:01 938019                     /home/dds/.m2/repository/org/eclipse/core/org.eclipse.core.databinding/1.1.1.M20080827-0800b/org.eclipse.core.databinding-1.1.1.M20080827-0800b.jar
7fcc9a1a2000-7fcc9a1a4000 r--s 0000d000 08:01 938017                     /home/dds/.m2/repository/org/eclipse/core/databinding/org.eclipse.core.databinding.beans/1.1.1.M20080827-0800a/org.eclipse.core.databinding.beans-1.1.1.M20080827-0800a.jar
7fcc9a1a4000-7fcc9a1a7000 r--s 00017000 08:01 793468                     /home/dds/.m2/repository/org/eclipse/core/org.eclipse.core.commands/3.4.0.I20080509-2000/org.eclipse.core.commands-3.4.0.I20080509-2000.jar
7fcc9a1a7000-7fcc9a1f5000 r--s 0087c000 08:01 793466                     /home/dds/.m2/repository/com/ibm/icu/icu4j/50.1.1/icu4j-50.1.1.jar
7fcc9a1f5000-7fcc9a216000 r--s 00162000 08:01 939737                     /home/dds/.m2/repository/org/mockito/mockito-all/1.9.5/mockito-all-1.9.5.jar
7fcc9a216000-7fcc9a218000 r--s 00008000 08:01 939735                     /home/dds/.m2/repository/org/uqbar-project/arena-poo/3.6.1/arena-poo-3.6.1.jar
7fcc9a218000-7fcc9a222000 r--s 00095000 08:01 814437                     /home/dds/.m2/repository/org/scala-lang/modules/scala-xml_2.11/1.0.2/scala-xml_2.11-1.0.2.jar
7fcc9a222000-7fcc9a223000 ---p 00000000 00:00 0 
7fcc9a223000-7fcc9a323000 rw-p 00000000 00:00 0 
7fcc9a323000-7fcc9a326000 ---p 00000000 00:00 0 
7fcc9a326000-7fcc9a424000 rw-p 00000000 00:00 0 
7fcc9a424000-7fcc9a427000 ---p 00000000 00:00 0 
7fcc9a427000-7fcc9a525000 rw-p 00000000 00:00 0 
7fcc9a525000-7fcc9a528000 ---p 00000000 00:00 0 
7fcc9a528000-7fcc9a626000 rw-p 00000000 00:00 0 
7fcc9a626000-7fcc9a629000 ---p 00000000 00:00 0 
7fcc9a629000-7fcc9a727000 rw-p 00000000 00:00 0 
7fcc9a727000-7fcc9a72a000 ---p 00000000 00:00 0 
7fcc9a72a000-7fcc9a828000 rw-p 00000000 00:00 0 
7fcc9a828000-7fcc9a880000 r--s 004f2000 08:01 814435                     /home/dds/.m2/repository/org/scala-lang/scala-library/2.11.2/scala-library-2.11.2.jar
7fcc9a880000-7fcc9a885000 r--s 00016000 08:01 793460                     /home/dds/.m2/repository/xml-apis/xml-apis/1.0.b2/xml-apis-1.0.b2.jar
7fcc9a885000-7fcc9a88a000 r--s 00048000 08:01 793457                     /home/dds/.m2/repository/dom4j/dom4j/1.6.1/dom4j-1.6.1.jar
7fcc9a88a000-7fcc9a88d000 r--s 00006000 08:01 793454                     /home/dds/.m2/repository/com/google/code/findbugs/jsr305/1.3.9/jsr305-1.3.9.jar
7fcc9a88d000-7fcc9a8ae000 r--s 00172000 08:01 793451                     /home/dds/.m2/repository/com/google/guava/guava/11.0.2/guava-11.0.2.jar
7fcc9a8ae000-7fcc9a8b1000 r--s 00017000 08:01 793448                     /home/dds/.m2/repository/org/reflections/reflections/0.9.8/reflections-0.9.8.jar
7fcc9a8b1000-7fcc9a8bb000 r--s 000a5000 08:01 793445                     /home/dds/.m2/repository/org/javassist/javassist/3.18.1-GA/javassist-3.18.1-GA.jar
7fcc9a8bb000-7fcc9a8bf000 r--s 00038000 08:01 793423                     /home/dds/.m2/repository/commons-lang/commons-lang/2.2/commons-lang-2.2.jar
7fcc9a8bf000-7fcc9a8c7000 r--s 00053000 08:01 793420                     /home/dds/.m2/repository/net/sf/oval/oval/1.81/oval-1.81.jar
7fcc9a8c7000-7fcc9a8c9000 r--s 0000d000 08:01 793417                     /home/dds/.m2/repository/commons-logging/commons-logging/1.1.1/commons-logging-1.1.1.jar
7fcc9a8c9000-7fcc9a8ce000 r--s 0002a000 08:01 793414                     /home/dds/.m2/repository/commons-beanutils/commons-beanutils/1.7.0/commons-beanutils-1.7.0.jar
7fcc9a8ce000-7fcc9a8da000 r--s 00076000 08:01 793411                     /home/dds/.m2/repository/net/sourceforge/collections/collections-generic/4.01/collections-generic-4.01.jar
7fcc9a8da000-7fcc9a8e8000 r--s 0007f000 08:01 793408                     /home/dds/.m2/repository/commons-collections/commons-collections/3.2.1/commons-collections-3.2.1.jar
7fcc9a8e8000-7fcc9a8ea000 r--s 00008000 08:01 814432                     /home/dds/.m2/repository/org/uqbar-project/uqbar-domain/3.6.1/uqbar-domain-3.6.1.jar
7fcc9a8ea000-7fcc9a8ee000 r--s 00028000 08:01 939733                     /home/dds/.m2/repository/org/uqbar-project/arena-apo/3.6.1/arena-apo-3.6.1.jar
7fcc9a8ee000-7fcc9a8f1000 r--s 00014000 08:01 939731                     /home/dds/.m2/repository/org/uqbar-project/arena-pot/3.6.1/arena-pot-3.6.1.jar
7fcc9a8f1000-7fcc9a8f8000 r--s 0002c000 08:01 939729                     /home/dds/.m2/repository/org/uqbar-project/arena-core/3.6.1/arena-core-3.6.1.jar
7fcc9a8f8000-7fcc9a8fe000 r--s 00035000 08:01 939727                     /home/dds/.m2/repository/org/uqbar-project/arena-jface/3.6.1/arena-jface-3.6.1.jar
7fcc9a8fe000-7fcc9a907000 r--s 0006f000 08:01 793390                     /home/dds/.m2/repository/log4j/log4j/1.2.17/log4j-1.2.17.jar
7fcc9a907000-7fcc9a90c000 r--s 00034000 08:01 793387                     /home/dds/.m2/repository/com/google/code/gson/gson/2.8.0/gson-2.8.0.jar
7fcc9a90c000-7fcc9a9a2000 r--s 008d7000 08:01 550478                     /usr/share/java/openjfx/jre/lib/ext/jfxrt.jar
7fcc9a9a2000-7fcc9aeef000 r--p 00000000 08:01 2262                       /usr/lib/locale/locale-archive
7fcc9aeef000-7fcc9aef2000 ---p 00000000 00:00 0 
7fcc9aef2000-7fcc9aff0000 rw-p 00000000 00:00 0 
7fcc9aff0000-7fcc9aff3000 ---p 00000000 00:00 0 
7fcc9aff3000-7fcc9b0f1000 rw-p 00000000 00:00 0 
7fcc9b0f1000-7fcc9b0f2000 ---p 00000000 00:00 0 
7fcc9b0f2000-7fcc9c000000 rw-p 00000000 00:00 0 
7fcc9c000000-7fcc9c021000 rw-p 00000000 00:00 0 
7fcc9c021000-7fcca0000000 ---p 00000000 00:00 0 
7fcca0000000-7fcca0001000 r--s 00006000 08:01 965650                     /home/dds/.m2/repository/org/jboss/spec/javax/transaction/jboss-transaction-api_1.2_spec/1.0.0.Final/jboss-transaction-api_1.2_spec-1.0.0.Final.jar
7fcca0001000-7fcca0003000 r--s 00009000 08:01 787749                     /home/dds/.m2/repository/org/hamcrest/hamcrest-core/1.3/hamcrest-core-1.3.jar
7fcca0003000-7fcca000b000 r--s 00045000 08:01 793384                     /home/dds/.m2/repository/junit/junit/4.12/junit-4.12.jar
7fcca000b000-7fcca0026000 r--s 001d6000 08:01 155727                     /usr/lib/jvm/java-8-openjdk-amd64/jre/lib/ext/nashorn.jar
7fcca0026000-7fcca0041000 r--s 00394000 08:01 155153                     /usr/lib/jvm/java-8-openjdk-amd64/jre/lib/ext/cldrdata.jar
7fcca0041000-7fcca01d2000 rw-p 00000000 00:00 0 
7fcca01d2000-7fcca03a0000 r--s 03c13000 08:01 141429                     /usr/lib/jvm/java-8-openjdk-amd64/jre/lib/rt.jar
7fcca03a0000-7fcca0dfe000 rw-p 00000000 00:00 0 
7fcca0dfe000-7fcca0dff000 ---p 00000000 00:00 0 
7fcca0dff000-7fcca0eff000 rw-p 00000000 00:00 0 
7fcca0eff000-7fcca0f00000 ---p 00000000 00:00 0 
7fcca0f00000-7fcca1000000 rw-p 00000000 00:00 0 
7fcca1000000-7fcca12d0000 rwxp 00000000 00:00 0 
7fcca12d0000-7fccb0000000 ---p 00000000 00:00 0 
7fccb0000000-7fccb06bb000 rw-p 00000000 00:00 0 
7fccb06bb000-7fccb4000000 ---p 00000000 00:00 0 
7fccb4000000-7fccb4001000 r--s 00002000 08:01 965645                     /home/dds/.m2/repository/org/jboss/logging/jboss-logging-annotations/1.2.0.Beta1/jboss-logging-annotations-1.2.0.Beta1.jar
7fccb4001000-7fccb400b000 r--s 00061000 08:01 793378                     /home/dds/.m2/repository/com/sun/jersey/jersey-core/1.19.3/jersey-core-1.19.3.jar
7fccb400b000-7fccb400f000 r--s 0001d000 08:01 793375                     /home/dds/.m2/repository/com/sun/jersey/jersey-client/1.19.3/jersey-client-1.19.3.jar
7fccb400f000-7fccb4011000 r--s 0000a000 08:01 793381                     /home/dds/.m2/repository/javax/ws/rs/jsr311-api/1.1.1/jsr311-api-1.1.1.jar
7fccb4011000-7fccb4015000 r--s 00037000 08:01 155729                     /usr/lib/jvm/java-8-openjdk-amd64/jre/lib/ext/sunpkcs11.jar
7fccb4015000-7fccb4018000 r--s 0000f000 08:01 155733                     /usr/lib/jvm/java-8-openjdk-amd64/jre/lib/ext/icedtea-sound.jar
7fccb4018000-7fccb401a000 r--s 00001000 08:01 155730                     /usr/lib/jvm/java-8-openjdk-amd64/jre/lib/ext/dnsns.jar
7fccb401a000-7fccb403b000 rw-p 00000000 00:00 0 
7fccb403b000-7fccb403c000 ---p 00000000 00:00 0 
7fccb403c000-7fccb413c000 rw-p 00000000 00:00 0 
7fccb413c000-7fccb413d000 ---p 00000000 00:00 0 
7fccb413d000-7fccb4252000 rw-p 00000000 00:00 0 
7fccb4252000-7fccb4383000 ---p 00000000 00:00 0 
7fccb4383000-7fccb4398000 rw-p 00000000 00:00 0 
7fccb4398000-7fccb44c8000 ---p 00000000 00:00 0 
7fccb44c8000-7fccb44ea000 rw-p 00000000 00:00 0 
7fccb44ea000-7fccb456b000 ---p 00000000 00:00 0 
7fccb456b000-7fccb4578000 rw-p 00000000 00:00 0 
7fccb4578000-7fccb492c000 ---p 00000000 00:00 0 
7fccb492c000-7fccb4934000 r-xp 00000000 08:01 170412                     /usr/lib/jvm/java-8-openjdk-amd64/jre/lib/amd64/libzip.so
7fccb4934000-7fccb4b33000 ---p 00008000 08:01 170412                     /usr/lib/jvm/java-8-openjdk-amd64/jre/lib/amd64/libzip.so
7fccb4b33000-7fccb4b34000 r--p 00007000 08:01 170412                     /usr/lib/jvm/java-8-openjdk-amd64/jre/lib/amd64/libzip.so
7fccb4b34000-7fccb4b35000 rw-p 00008000 08:01 170412                     /usr/lib/jvm/java-8-openjdk-amd64/jre/lib/amd64/libzip.so
7fccb4b35000-7fccb4b40000 r-xp 00000000 08:01 1056813                    /lib/x86_64-linux-gnu/libnss_files-2.23.so
7fccb4b40000-7fccb4d3f000 ---p 0000b000 08:01 1056813                    /lib/x86_64-linux-gnu/libnss_files-2.23.so
7fccb4d3f000-7fccb4d40000 r--p 0000a000 08:01 1056813                    /lib/x86_64-linux-gnu/libnss_files-2.23.so
7fccb4d40000-7fccb4d41000 rw-p 0000b000 08:01 1056813                    /lib/x86_64-linux-gnu/libnss_files-2.23.so
7fccb4d41000-7fccb4d47000 rw-p 00000000 00:00 0 
7fccb4d47000-7fccb4d52000 r-xp 00000000 08:01 1056816                    /lib/x86_64-linux-gnu/libnss_nis-2.23.so
7fccb4d52000-7fccb4f51000 ---p 0000b000 08:01 1056816                    /lib/x86_64-linux-gnu/libnss_nis-2.23.so
7fccb4f51000-7fccb4f52000 r--p 0000a000 08:01 1056816                    /lib/x86_64-linux-gnu/libnss_nis-2.23.so
7fccb4f52000-7fccb4f53000 rw-p 0000b000 08:01 1056816                    /lib/x86_64-linux-gnu/libnss_nis-2.23.so
7fccb4f53000-7fccb4f69000 r-xp 00000000 08:01 1048632                    /lib/x86_64-linux-gnu/libnsl-2.23.so
7fccb4f69000-7fccb5168000 ---p 00016000 08:01 1048632                    /lib/x86_64-linux-gnu/libnsl-2.23.so
7fccb5168000-7fccb5169000 r--p 00015000 08:01 1048632                    /lib/x86_64-linux-gnu/libnsl-2.23.so
7fccb5169000-7fccb516a000 rw-p 00016000 08:01 1048632                    /lib/x86_64-linux-gnu/libnsl-2.23.so
7fccb516a000-7fccb516c000 rw-p 00000000 00:00 0 
7fccb516c000-7fccb5174000 r-xp 00000000 08:01 1056822                    /lib/x86_64-linux-gnu/libnss_compat-2.23.so
7fccb5174000-7fccb5373000 ---p 00008000 08:01 1056822                    /lib/x86_64-linux-gnu/libnss_compat-2.23.so
7fccb5373000-7fccb5374000 r--p 00007000 08:01 1056822                    /lib/x86_64-linux-gnu/libnss_compat-2.23.so
7fccb5374000-7fccb5375000 rw-p 00008000 08:01 1056822                    /lib/x86_64-linux-gnu/libnss_compat-2.23.so
7fccb5375000-7fccb53a2000 r-xp 00000000 08:01 170427                     /usr/lib/jvm/java-8-openjdk-amd64/jre/lib/amd64/libjava.so
7fccb53a2000-7fccb55a1000 ---p 0002d000 08:01 170427                     /usr/lib/jvm/java-8-openjdk-amd64/jre/lib/amd64/libjava.so
7fccb55a1000-7fccb55a2000 r--p 0002c000 08:01 170427                     /usr/lib/jvm/java-8-openjdk-amd64/jre/lib/amd64/libjava.so
7fccb55a2000-7fccb55a4000 rw-p 0002d000 08:01 170427                     /usr/lib/jvm/java-8-openjdk-amd64/jre/lib/amd64/libjava.so
7fccb55a4000-7fccb55b3000 r-xp 00000000 08:01 170406                     /usr/lib/jvm/java-8-openjdk-amd64/jre/lib/amd64/libverify.so
7fccb55b3000-7fccb57b2000 ---p 0000f000 08:01 170406                     /usr/lib/jvm/java-8-openjdk-amd64/jre/lib/amd64/libverify.so
7fccb57b2000-7fccb57b4000 r--p 0000e000 08:01 170406                     /usr/lib/jvm/java-8-openjdk-amd64/jre/lib/amd64/libverify.so
7fccb57b4000-7fccb57b5000 rw-p 00010000 08:01 170406                     /usr/lib/jvm/java-8-openjdk-amd64/jre/lib/amd64/libverify.so
7fccb57b5000-7fccb57bc000 r-xp 00000000 08:01 1056818                    /lib/x86_64-linux-gnu/librt-2.23.so
7fccb57bc000-7fccb59bb000 ---p 00007000 08:01 1056818                    /lib/x86_64-linux-gnu/librt-2.23.so
7fccb59bb000-7fccb59bc000 r--p 00006000 08:01 1056818                    /lib/x86_64-linux-gnu/librt-2.23.so
7fccb59bc000-7fccb59bd000 rw-p 00007000 08:01 1056818                    /lib/x86_64-linux-gnu/librt-2.23.so
7fccb59bd000-7fccb59d3000 r-xp 00000000 08:01 1054182                    /lib/x86_64-linux-gnu/libgcc_s.so.1
7fccb59d3000-7fccb5bd2000 ---p 00016000 08:01 1054182                    /lib/x86_64-linux-gnu/libgcc_s.so.1
7fccb5bd2000-7fccb5bd3000 rw-p 00015000 08:01 1054182                    /lib/x86_64-linux-gnu/libgcc_s.so.1
7fccb5bd3000-7fccb5cdb000 r-xp 00000000 08:01 1056827                    /lib/x86_64-linux-gnu/libm-2.23.so
7fccb5cdb000-7fccb5eda000 ---p 00108000 08:01 1056827                    /lib/x86_64-linux-gnu/libm-2.23.so
7fccb5eda000-7fccb5edb000 r--p 00107000 08:01 1056827                    /lib/x86_64-linux-gnu/libm-2.23.so
7fccb5edb000-7fccb5edc000 rw-p 00108000 08:01 1056827                    /lib/x86_64-linux-gnu/libm-2.23.so
7fccb5edc000-7fccb604e000 r-xp 00000000 08:01 140859                     /usr/lib/x86_64-linux-gnu/libstdc++.so.6.0.21
7fccb604e000-7fccb624e000 ---p 00172000 08:01 140859                     /usr/lib/x86_64-linux-gnu/libstdc++.so.6.0.21
7fccb624e000-7fccb6258000 r--p 00172000 08:01 140859                     /usr/lib/x86_64-linux-gnu/libstdc++.so.6.0.21
7fccb6258000-7fccb625a000 rw-p 0017c000 08:01 140859                     /usr/lib/x86_64-linux-gnu/libstdc++.so.6.0.21
7fccb625a000-7fccb625e000 rw-p 00000000 00:00 0 
7fccb625e000-7fccb6eb2000 r-xp 00000000 08:01 170411                     /usr/lib/jvm/java-8-openjdk-amd64/jre/lib/amd64/server/libjvm.so
7fccb6eb2000-7fccb70b2000 ---p 00c54000 08:01 170411                     /usr/lib/jvm/java-8-openjdk-amd64/jre/lib/amd64/server/libjvm.so
7fccb70b2000-7fccb7145000 r--p 00c54000 08:01 170411                     /usr/lib/jvm/java-8-openjdk-amd64/jre/lib/amd64/server/libjvm.so
7fccb7145000-7fccb716e000 rw-p 00ce7000 08:01 170411                     /usr/lib/jvm/java-8-openjdk-amd64/jre/lib/amd64/server/libjvm.so
7fccb716e000-7fccb719e000 rw-p 00000000 00:00 0 
7fccb719e000-7fccb71b6000 r-xp 00000000 08:01 1056815                    /lib/x86_64-linux-gnu/libpthread-2.23.so
7fccb71b6000-7fccb73b5000 ---p 00018000 08:01 1056815                    /lib/x86_64-linux-gnu/libpthread-2.23.so
7fccb73b5000-7fccb73b6000 r--p 00017000 08:01 1056815                    /lib/x86_64-linux-gnu/libpthread-2.23.so
7fccb73b6000-7fccb73b7000 rw-p 00018000 08:01 1056815                    /lib/x86_64-linux-gnu/libpthread-2.23.so
7fccb73b7000-7fccb73bb000 rw-p 00000000 00:00 0 
7fccb73bb000-7fccb73be000 r-xp 00000000 08:01 1056821                    /lib/x86_64-linux-gnu/libdl-2.23.so
7fccb73be000-7fccb75bd000 ---p 00003000 08:01 1056821                    /lib/x86_64-linux-gnu/libdl-2.23.so
7fccb75bd000-7fccb75be000 r--p 00002000 08:01 1056821                    /lib/x86_64-linux-gnu/libdl-2.23.so
7fccb75be000-7fccb75bf000 rw-p 00003000 08:01 1056821                    /lib/x86_64-linux-gnu/libdl-2.23.so
7fccb75bf000-7fccb75d8000 r-xp 00000000 08:01 1057478                    /lib/x86_64-linux-gnu/libz.so.1.2.8
7fccb75d8000-7fccb77d7000 ---p 00019000 08:01 1057478                    /lib/x86_64-linux-gnu/libz.so.1.2.8
7fccb77d7000-7fccb77d8000 r--p 00018000 08:01 1057478                    /lib/x86_64-linux-gnu/libz.so.1.2.8
7fccb77d8000-7fccb77d9000 rw-p 00019000 08:01 1057478                    /lib/x86_64-linux-gnu/libz.so.1.2.8
7fccb77d9000-7fccb7999000 r-xp 00000000 08:01 1056842                    /lib/x86_64-linux-gnu/libc-2.23.so
7fccb7999000-7fccb7b99000 ---p 001c0000 08:01 1056842                    /lib/x86_64-linux-gnu/libc-2.23.so
7fccb7b99000-7fccb7b9d000 r--p 001c0000 08:01 1056842                    /lib/x86_64-linux-gnu/libc-2.23.so
7fccb7b9d000-7fccb7b9f000 rw-p 001c4000 08:01 1056842                    /lib/x86_64-linux-gnu/libc-2.23.so
7fccb7b9f000-7fccb7ba3000 rw-p 00000000 00:00 0 
7fccb7ba3000-7fccb7bb0000 r-xp 00000000 08:01 170404                     /usr/lib/jvm/java-8-openjdk-amd64/jre/lib/amd64/jli/libjli.so
7fccb7bb0000-7fccb7db0000 ---p 0000d000 08:01 170404                     /usr/lib/jvm/java-8-openjdk-amd64/jre/lib/amd64/jli/libjli.so
7fccb7db0000-7fccb7db1000 r--p 0000d000 08:01 170404                     /usr/lib/jvm/java-8-openjdk-amd64/jre/lib/amd64/jli/libjli.so
7fccb7db1000-7fccb7db2000 rw-p 0000e000 08:01 170404                     /usr/lib/jvm/java-8-openjdk-amd64/jre/lib/amd64/jli/libjli.so
7fccb7db2000-7fccb7dd8000 r-xp 00000000 08:01 1056810                    /lib/x86_64-linux-gnu/ld-2.23.so
7fccb7dd8000-7fccb7dd9000 r--s 00003000 08:01 938032                     /home/dds/.m2/repository/org/eclipse/org.eclipse.swt/3.4.2.v3452b/org.eclipse.swt-3.4.2.v3452b.jar
7fccb7dd9000-7fccb7ddb000 r--s 00008000 08:01 155734                     /usr/lib/jvm/java-8-openjdk-amd64/jre/lib/ext/sunec.jar
7fccb7ddb000-7fccb7eb4000 rw-p 00000000 00:00 0 
7fccb7eb4000-7fccb7eb7000 ---p 00000000 00:00 0 
7fccb7eb7000-7fccb7fba000 rw-p 00000000 00:00 0 
7fccb7fba000-7fccb7fbb000 r--s 0000a000 08:01 155731                     /usr/lib/jvm/java-8-openjdk-amd64/jre/lib/ext/jaccess.jar
7fccb7fbb000-7fccb7fc0000 r--s 0003b000 08:01 155732                     /usr/lib/jvm/java-8-openjdk-amd64/jre/lib/ext/sunjce_provider.jar
7fccb7fc0000-7fccb7fc1000 r--s 00010000 08:01 155735                     /usr/lib/jvm/java-8-openjdk-amd64/jre/lib/ext/zipfs.jar
7fccb7fc1000-7fccb7fcb000 r--s 00116000 08:01 155728                     /usr/lib/jvm/java-8-openjdk-amd64/jre/lib/ext/localedata.jar
7fccb7fcb000-7fccb7fd3000 rw-s 00000000 08:01 5334                       /tmp/hsperfdata_dds/8597
7fccb7fd3000-7fccb7fd4000 rw-p 00000000 00:00 0 
7fccb7fd4000-7fccb7fd5000 ---p 00000000 00:00 0 
7fccb7fd5000-7fccb7fd7000 rw-p 00000000 00:00 0 
7fccb7fd7000-7fccb7fd8000 r--p 00025000 08:01 1056810                    /lib/x86_64-linux-gnu/ld-2.23.so
7fccb7fd8000-7fccb7fd9000 rw-p 00026000 08:01 1056810                    /lib/x86_64-linux-gnu/ld-2.23.so
7fccb7fd9000-7fccb7fda000 rw-p 00000000 00:00 0 
7ffea528c000-7ffea52ae000 rw-p 00000000 00:00 0                          [stack]
7ffea53a7000-7ffea53a9000 r--p 00000000 00:00 0                          [vvar]
7ffea53a9000-7ffea53ab000 r-xp 00000000 00:00 0                          [vdso]
ffffffffff600000-ffffffffff601000 r-xp 00000000 00:00 0                  [vsyscall]

VM Arguments:
jvm_args: -Djava.system.class.loader=org.uqbar.apo.APOClassLoader -Dfile.encoding=UTF-8 
java_command: AsesorApplication
java_class_path (initial): /home/dds/Desarrollo/workspace/2017-vn-group-10/target/classes:/home/dds/.m2/repository/javax/ws/rs/jsr311-api/1.1.1/jsr311-api-1.1.1.jar:/home/dds/.m2/repository/com/sun/jersey/jersey-client/1.19.3/jersey-client-1.19.3.jar:/home/dds/.m2/repository/com/sun/jersey/jersey-core/1.19.3/jersey-core-1.19.3.jar:/home/dds/.m2/repository/junit/junit/4.12/junit-4.12.jar:/home/dds/.m2/repository/org/hamcrest/hamcrest-core/1.3/hamcrest-core-1.3.jar:/home/dds/.m2/repository/com/google/code/gson/gson/2.8.0/gson-2.8.0.jar:/home/dds/.m2/repository/log4j/log4j/1.2.17/log4j-1.2.17.jar:/home/dds/.m2/repository/org/uqbar-project/arena-jface/3.6.1/arena-jface-3.6.1.jar:/home/dds/.m2/repository/org/uqbar-project/arena-core/3.6.1/arena-core-3.6.1.jar:/home/dds/.m2/repository/org/uqbar-project/arena-pot/3.6.1/arena-pot-3.6.1.jar:/home/dds/.m2/repository/org/uqbar-project/arena-apo/3.6.1/arena-apo-3.6.1.jar:/home/dds/.m2/repository/org/uqbar-project/uqbar-domain/3.6.1/uqbar-domain-3.6.1.jar:/home/dds/.m2/repository/commons-collections/commons-collections/3.2.1/commons-collections-3.2.1.jar:/home/dds/.m2/repository/net/sourceforge/collections/collections-generic/4.01/collections-generic-4.01.jar:/home/dds/.m2/repository/commons-beanutils/commons-beanutils/1.7.0/commons-beanutils-1.7.0.jar:/home/dds/.m2/repository/commons-logging/commons-logging/1.1.1/commons-logging-1.1.1.jar:/home/dds/.m2/repository/net/sf/oval/oval/1.81/oval-1.81.jar:/home/dds/.m2/repository/commons-lang/commons-lang/2.2/commons-lang-2.2.jar:/home/dds/.m2/repository/org/javassist/javassist/3.18.1-GA/javassist-3.18.1-GA.jar:/home/dds/.m2/repository/org/reflections/reflections/0.9.8/reflections-0.9.8.jar:/home/dds/.m2/repository/com/google/guava/guava/11.0.2/guava-11.0.2.jar:/home/dds/.m2/repository/com/google/code/findbugs/jsr305/1.3.9/jsr305-1.3.9.jar:/home/dds/.m2/repository/dom4j/dom4j/1.6.1/dom4j-1.6.1.jar:/home/dds/.m2/repository/xml-apis/xml-apis/1.0.b2/xml-apis-1.0.b2.jar:/home/dds/.m2/re
Launcher Type: SUN_STANDARD

Environment Variables:
PATH=/home/dds/bin:/home/dds/.local/bin:/usr/local/sbin:/usr/local/bin:/usr/sbin:/usr/bin:/sbin:/bin:/usr/games:/usr/local/games:/snap/bin
SHELL=/bin/bash
DISPLAY=:0

Signal Handlers:
SIGSEGV: [libjvm.so+0xa6ad10], sa_mask[0]=11111111011111111101111111111110, sa_flags=SA_RESTART|SA_SIGINFO
SIGBUS: [libjvm.so+0xa6ad10], sa_mask[0]=11111111011111111101111111111110, sa_flags=SA_RESTART|SA_SIGINFO
SIGFPE: [libjvm.so+0x8b3bc0], sa_mask[0]=11111111011111111101111111111110, sa_flags=SA_RESTART|SA_SIGINFO
SIGPIPE: [libjvm.so+0x8b3bc0], sa_mask[0]=11111111011111111101111111111110, sa_flags=SA_RESTART|SA_SIGINFO
SIGXFSZ: [libjvm.so+0x8b3bc0], sa_mask[0]=11111111011111111101111111111110, sa_flags=SA_RESTART|SA_SIGINFO
SIGILL: [libjvm.so+0x8b3bc0], sa_mask[0]=11111111011111111101111111111110, sa_flags=SA_RESTART|SA_SIGINFO
SIGUSR1: SIG_DFL, sa_mask[0]=00000000000000000000000000000000, sa_flags=none
SIGUSR2: [libjvm.so+0x8b3a70], sa_mask[0]=00100000000000000000000000000000, sa_flags=SA_RESTART|SA_SIGINFO
SIGHUP: [libjvm.so+0x8b3f40], sa_mask[0]=11111111011111111101111111111110, sa_flags=SA_RESTART|SA_SIGINFO
SIGINT: [libjvm.so+0x8b3f40], sa_mask[0]=11111111011111111101111111111110, sa_flags=SA_RESTART|SA_SIGINFO
SIGTERM: [libjvm.so+0x8b3f40], sa_mask[0]=11111111011111111101111111111110, sa_flags=SA_RESTART|SA_SIGINFO
SIGQUIT: [libjvm.so+0x8b3f40], sa_mask[0]=11111111011111111101111111111110, sa_flags=SA_RESTART|SA_SIGINFO


---------------  S Y S T E M  ---------------

OS:DISTRIB_ID=Ubuntu
DISTRIB_RELEASE=16.04
DISTRIB_CODENAME=xenial
DISTRIB_DESCRIPTION="Ubuntu 16.04.3 LTS"

uname:Linux 4.10.0-32-generic #36~16.04.1-Ubuntu SMP Wed Aug 9 09:19:02 UTC 2017 x86_64
libc:glibc 2.23 NPTL 2.23 
rlimit: STACK 8192k, CORE 0k, NPROC 15430, NOFILE 1048576, AS infinity
load average:0,48 0,38 0,38

/proc/meminfo:
MemTotal:        3994796 kB
MemFree:           94796 kB
MemAvailable:          0 kB
Buffers:            1020 kB
Cached:            75676 kB
SwapCached:        51036 kB
Active:          3125692 kB
Inactive:         633480 kB
Active(anon):    3116484 kB
Inactive(anon):   624344 kB
Active(file):       9208 kB
Inactive(file):     9136 kB
Unevictable:          40 kB
Mlocked:              40 kB
SwapTotal:       2095100 kB
SwapFree:              0 kB
Dirty:               276 kB
Writeback:             0 kB
AnonPages:       3632016 kB
Mapped:            73100 kB
Shmem:             57960 kB
Slab:              56936 kB
SReclaimable:      27124 kB
SUnreclaim:        29812 kB
KernelStack:       12624 kB
PageTables:        41668 kB
NFS_Unstable:          0 kB
Bounce:                0 kB
WritebackTmp:          0 kB
CommitLimit:     4092496 kB
Committed_AS:   10273912 kB
VmallocTotal:   34359738367 kB
VmallocUsed:           0 kB
VmallocChunk:          0 kB
HardwareCorrupted:     0 kB
AnonHugePages:   1122304 kB
ShmemHugePages:        0 kB
ShmemPmdMapped:        0 kB
CmaTotal:              0 kB
CmaFree:               0 kB
HugePages_Total:       0
HugePages_Free:        0
HugePages_Rsvd:        0
HugePages_Surp:        0
Hugepagesize:       2048 kB
DirectMap4k:      106432 kB
DirectMap2M:     4038656 kB


CPU:total 4 (initial active 4) (4 cores per cpu, 1 threads per core) family 6 model 60 stepping 3, cmov, cx8, fxsr, mmx, sse, sse2, sse3, ssse3, sse4.1, sse4.2, popcnt, avx, aes, clmul, lzcnt, tsc, tscinvbit

/proc/cpuinfo:
processor	: 0
vendor_id	: GenuineIntel
cpu family	: 6
model		: 60
model name	: Intel(R) Core(TM) i5-4440 CPU @ 3.10GHz
stepping	: 3
cpu MHz		: 3092.838
cache size	: 6144 KB
physical id	: 0
siblings	: 4
core id		: 0
cpu cores	: 4
apicid		: 0
initial apicid	: 0
fpu		: yes
fpu_exception	: yes
cpuid level	: 13
wp		: yes
flags		: fpu vme de pse tsc msr pae mce cx8 apic sep mtrr pge mca cmov pat pse36 clflush mmx fxsr sse sse2 ht syscall nx rdtscp lm constant_tsc rep_good nopl xtopology nonstop_tsc pni pclmulqdq ssse3 cx16 sse4_1 sse4_2 x2apic movbe popcnt aes xsave avx rdrand hypervisor lahf_lm abm
bugs		:
bogomips	: 6185.67
clflush size	: 64
cache_alignment	: 64
address sizes	: 39 bits physical, 48 bits virtual
power management:

processor	: 1
vendor_id	: GenuineIntel
cpu family	: 6
model		: 60
model name	: Intel(R) Core(TM) i5-4440 CPU @ 3.10GHz
stepping	: 3
cpu MHz		: 3092.838
cache size	: 6144 KB
physical id	: 0
siblings	: 4
core id		: 1
cpu cores	: 4
apicid		: 1
initial apicid	: 1
fpu		: yes
fpu_exception	: yes
cpuid level	: 13
wp		: yes
flags		: fpu vme de pse tsc msr pae mce cx8 apic sep mtrr pge mca cmov pat pse36 clflush mmx fxsr sse sse2 ht syscall nx rdtscp lm constant_tsc rep_good nopl xtopology nonstop_tsc pni pclmulqdq ssse3 cx16 sse4_1 sse4_2 x2apic movbe popcnt aes xsave avx rdrand hypervisor lahf_lm abm
bugs		:
bogomips	: 6185.67
clflush size	: 64
cache_alignment	: 64
address sizes	: 39 bits physical, 48 bits virtual
power management:

processor	: 2
vendor_id	: GenuineIntel
cpu family	: 6
model		: 60
model name	: Intel(R) Core(TM) i5-4440 CPU @ 3.10GHz
stepping	: 3
cpu MHz		: 3092.838
cache size	: 6144 KB
physical id	: 0
siblings	: 4
core id		: 2
cpu cores	: 4
apicid		: 2
initial apicid	: 2
fpu		: yes
fpu_exception	: yes
cpuid level	: 13
wp		: yes
flags		: fpu vme de pse tsc msr pae mce cx8 apic sep mtrr pge mca cmov pat pse36 clflush mmx fxsr sse sse2 ht syscall nx rdtscp lm constant_tsc rep_good nopl xtopology nonstop_tsc pni pclmulqdq ssse3 cx16 sse4_1 sse4_2 x2apic movbe popcnt aes xsave avx rdrand hypervisor lahf_lm abm
bugs		:
bogomips	: 6185.67
clflush size	: 64
cache_alignment	: 64
address sizes	: 39 bits physical, 48 bits virtual
power management:

processor	: 3
vendor_id	: GenuineIntel
cpu family	: 6
model		: 60
model name	: Intel(R) Core(TM) i5-4440 CPU @ 3.10GHz
stepping	: 3
cpu MHz		: 3092.838
cache size	: 6144 KB
physical id	: 0
siblings	: 4
core id		: 3
cpu cores	: 4
apicid		: 3
initial apicid	: 3
fpu		: yes
fpu_exception	: yes
cpuid level	: 13
wp		: yes
flags		: fpu vme de pse tsc msr pae mce cx8 apic sep mtrr pge mca cmov pat pse36 clflush mmx fxsr sse sse2 ht syscall nx rdtscp lm constant_tsc rep_good nopl xtopology nonstop_tsc pni pclmulqdq ssse3 cx16 sse4_1 sse4_2 x2apic movbe popcnt aes xsave avx rdrand hypervisor lahf_lm abm
bugs		:
bogomips	: 6185.67
clflush size	: 64
cache_alignment	: 64
address sizes	: 39 bits physical, 48 bits virtual
power management:



Memory: 4k page, physical 3994796k(94796k free), swap 2095100k(0k free)

vm_info: OpenJDK 64-Bit Server VM (25.131-b11) for linux-amd64 JRE (1.8.0_131-8u131-b11-2ubuntu1.16.04.3-b11), built on Jul 28 2017 01:23:32 by "buildd" with gcc 5.4.0 20160609

time: Fri Sep 15 02:25:47 2017
elapsed time: 1 seconds (0d 0h 0m 1s)

