#
# There is insufficient memory for the Java Runtime Environment to continue.
# Native memory allocation (mmap) failed to map 123731968 bytes for committing reserved memory.
# Possible reasons:
#   The system is out of physical RAM or swap space
#   In 32 bit mode, the process size limit was hit
# Possible solutions:
#   Reduce memory load on the system
#   Increase physical memory or swap space
#   Check if swap backing store is full
#   Use 64 bit Java on a 64 bit OS
#   Decrease Java heap size (-Xmx/-Xms)
#   Decrease number of Java threads
#   Decrease Java thread stack sizes (-Xss)
#   Set larger code cache with -XX:ReservedCodeCacheSize=
# This output file may be truncated or incomplete.
#
#  Out of Memory Error (os_linux.cpp:2643), pid=3905, tid=0x00007ffa21657700
#
# JRE version: OpenJDK Runtime Environment (8.0_131-b11) (build 1.8.0_131-8u131-b11-2ubuntu1.16.04.3-b11)
# Java VM: OpenJDK 64-Bit Server VM (25.131-b11 mixed mode linux-amd64 compressed oops)
# Failed to write core dump. Core dumps have been disabled. To enable core dumping, try "ulimit -c unlimited" before starting Java again
#

---------------  T H R E A D  ---------------

Current thread (0x00007ffa3407a000):  VMThread [stack: 0x00007ffa21557000,0x00007ffa21658000] [id=3916]

Stack: [0x00007ffa21557000,0x00007ffa21658000],  sp=0x00007ffa216564c0,  free space=1021k
Native frames: (J=compiled Java code, j=interpreted, Vv=VM code, C=native code)
V  [libjvm.so+0xa6a1bb]
V  [libjvm.so+0x4c5a6c]
V  [libjvm.so+0x8b85a0]
V  [libjvm.so+0x8b2a1e]
V  [libjvm.so+0x92d556]
V  [libjvm.so+0x92e883]
V  [libjvm.so+0x92af33]
V  [libjvm.so+0x92b1fc]
V  [libjvm.so+0x8dd093]
V  [libjvm.so+0xa6be72]
V  [libjvm.so+0xa70f57]
V  [libjvm.so+0xa6e727]
V  [libjvm.so+0xa6fbaf]
V  [libjvm.so+0xa700a1]
V  [libjvm.so+0x8b5a82]

VM_Operation (0x00007ffa3c2437d0): ParallelGCFailedAllocation, mode: safepoint, requested by thread 0x00007ffa3400c800


---------------  P R O C E S S  ---------------

Java Threads: ( => current thread )
  0x00007ffa342b9000 JavaThread "Service Thread" daemon [_thread_blocked, id=3923, stack(0x00007ffa20737000,0x00007ffa20838000)]
  0x00007ffa342b5800 JavaThread "C1 CompilerThread2" daemon [_thread_blocked, id=3922, stack(0x00007ffa20838000,0x00007ffa20939000)]
  0x00007ffa342b3000 JavaThread "C2 CompilerThread1" daemon [_thread_blocked, id=3921, stack(0x00007ffa20939000,0x00007ffa20a3a000)]
  0x00007ffa342b1800 JavaThread "C2 CompilerThread0" daemon [_thread_blocked, id=3920, stack(0x00007ffa20a3a000,0x00007ffa20b3b000)]
  0x00007ffa342af000 JavaThread "Signal Dispatcher" daemon [_thread_blocked, id=3919, stack(0x00007ffa20b3b000,0x00007ffa20c3c000)]
  0x00007ffa34086000 JavaThread "Finalizer" daemon [_thread_blocked, id=3918, stack(0x00007ffa21355000,0x00007ffa21456000)]
  0x00007ffa34081800 JavaThread "Reference Handler" daemon [_thread_blocked, id=3917, stack(0x00007ffa21456000,0x00007ffa21557000)]
  0x00007ffa3400c800 JavaThread "main" [_thread_blocked, id=3911, stack(0x00007ffa3c147000,0x00007ffa3c248000)]

Other Threads:
=>0x00007ffa3407a000 VMThread [stack: 0x00007ffa21557000,0x00007ffa21658000] [id=3916]
  0x00007ffa342bb000 WatcherThread [stack: 0x00007ffa20636000,0x00007ffa20737000] [id=3924]

VM state:at safepoint (normal execution)

VM Mutex/Monitor currently owned by a thread:  ([mutex/lock_event])
[0x00007ffa34008a50] Threads_lock - owner thread: 0x00007ffa3407a000
[0x00007ffa34008f50] Heap_lock - owner thread: 0x00007ffa3400c800

Heap:
 PSYoungGen      total 207360K, used 4603K [0x00000000ebb00000, 0x00000000f8a00000, 0x0000000100000000)
  eden space 202752K, 0% used [0x00000000ebb00000,0x00000000ebb00000,0x00000000f8100000)
  from space 4608K, 99% used [0x00000000f8100000,0x00000000f857ed20,0x00000000f8580000)
  to   space 4608K, 0% used [0x00000000f8580000,0x00000000f8580000,0x00000000f8a00000)
 ParOldGen       total 42496K, used 12866K [0x00000000c3000000, 0x00000000c5980000, 0x00000000ebb00000)
  object space 42496K, 30% used [0x00000000c3000000,0x00000000c3c90a78,0x00000000c5980000)
 Metaspace       used 17921K, capacity 18240K, committed 18432K, reserved 1064960K
  class space    used 2356K, capacity 2456K, committed 2560K, reserved 1048576K

Card table byte_map: [0x00007ffa38616000,0x00007ffa387ff000] byte_map_base: 0x00007ffa37ffe000

Marking Bits: (ParMarkBitMap*) 0x00007ffa3b4142c0
 Begin Bits: [0x00007ffa23180000, 0x00007ffa240c0000)
 End Bits:   [0x00007ffa240c0000, 0x00007ffa25000000)

Polling page: 0x00007ffa3c267000

CodeCache: size=245760Kb used=5988Kb max_used=5988Kb free=239771Kb
 bounds [0x00007ffa25000000, 0x00007ffa255f0000, 0x00007ffa34000000]
 total_blobs=2171 nmethods=1801 adapters=282
 compilation: enabled

Compilation events (10 events):
Event: 2,194 Thread 0x00007ffa342b5800 1800       3       java.lang.String::subSequence (7 bytes)
Event: 2,194 Thread 0x00007ffa342b5800 nmethod 1800 0x00007ffa255d4810 code [0x00007ffa255d4980, 0x00007ffa255d4b88]
Event: 2,194 Thread 0x00007ffa342b5800 1801       3       java.util.Formatter$Conversion::isGeneral (64 bytes)
Event: 2,194 Thread 0x00007ffa342b5800 nmethod 1801 0x00007ffa255d4c10 code [0x00007ffa255d4d60, 0x00007ffa255d4ed0]
Event: 2,194 Thread 0x00007ffa342b5800 1802       1       java.util.Formatter$FormatSpecifier::index (5 bytes)
Event: 2,194 Thread 0x00007ffa342b5800 nmethod 1802 0x00007ffa255d4f50 code [0x00007ffa255d50a0, 0x00007ffa255d51b0]
Event: 2,200 Thread 0x00007ffa342b1800 nmethod 1789 0x00007ffa255da210 code [0x00007ffa255da3c0, 0x00007ffa255db278]
Event: 2,200 Thread 0x00007ffa342b1800 1795       4       java.util.regex.Pattern$Curly::match0 (174 bytes)
Event: 2,201 Thread 0x00007ffa342b5800 1804       1       sun.util.locale.BaseLocale::getRegion (5 bytes)
Event: 2,201 Thread 0x00007ffa342b5800 nmethod 1804 0x00007ffa255d8a50 code [0x00007ffa255d8ba0, 0x00007ffa255d8cb0]

GC Heap History (10 events):
Event: 0,915 GC heap after
Heap after GC invocations=6 (full 0):
 PSYoungGen      total 67584K, used 1632K [0x00000000ebb00000, 0x00000000f0100000, 0x0000000100000000)
  eden space 63488K, 0% used [0x00000000ebb00000,0x00000000ebb00000,0x00000000ef900000)
  from space 4096K, 39% used [0x00000000efd00000,0x00000000efe98040,0x00000000f0100000)
  to   space 4096K, 0% used [0x00000000ef900000,0x00000000ef900000,0x00000000efd00000)
 ParOldGen       total 42496K, used 1463K [0x00000000c3000000, 0x00000000c5980000, 0x00000000ebb00000)
  object space 42496K, 3% used [0x00000000c3000000,0x00000000c316dd08,0x00000000c5980000)
 Metaspace       used 9863K, capacity 10038K, committed 10240K, reserved 1058816K
  class space    used 1376K, capacity 1471K, committed 1536K, reserved 1048576K
}
Event: 0,932 GC heap before
{Heap before GC invocations=7 (full 0):
 PSYoungGen      total 67584K, used 65120K [0x00000000ebb00000, 0x00000000f0100000, 0x0000000100000000)
  eden space 63488K, 100% used [0x00000000ebb00000,0x00000000ef900000,0x00000000ef900000)
  from space 4096K, 39% used [0x00000000efd00000,0x00000000efe98040,0x00000000f0100000)
  to   space 4096K, 0% used [0x00000000ef900000,0x00000000ef900000,0x00000000efd00000)
 ParOldGen       total 42496K, used 1463K [0x00000000c3000000, 0x00000000c5980000, 0x00000000ebb00000)
  object space 42496K, 3% used [0x00000000c3000000,0x00000000c316dd08,0x00000000c5980000)
 Metaspace       used 9863K, capacity 10038K, committed 10240K, reserved 1058816K
  class space    used 1376K, capacity 1471K, committed 1536K, reserved 1048576K
Event: 0,938 GC heap after
Heap after GC invocations=7 (full 0):
 PSYoungGen      total 67584K, used 32K [0x00000000ebb00000, 0x00000000f3f00000, 0x0000000100000000)
  eden space 63488K, 0% used [0x00000000ebb00000,0x00000000ebb00000,0x00000000ef900000)
  from space 4096K, 0% used [0x00000000ef900000,0x00000000ef908000,0x00000000efd00000)
  to   space 4096K, 0% used [0x00000000f3b00000,0x00000000f3b00000,0x00000000f3f00000)
 ParOldGen       total 42496K, used 3048K [0x00000000c3000000, 0x00000000c5980000, 0x00000000ebb00000)
  object space 42496K, 7% used [0x00000000c3000000,0x00000000c32fa340,0x00000000c5980000)
 Metaspace       used 9863K, capacity 10038K, committed 10240K, reserved 1058816K
  class space    used 1376K, capacity 1471K, committed 1536K, reserved 1048576K
}
Event: 0,947 GC heap before
{Heap before GC invocations=8 (full 0):
 PSYoungGen      total 67584K, used 63520K [0x00000000ebb00000, 0x00000000f3f00000, 0x0000000100000000)
  eden space 63488K, 100% used [0x00000000ebb00000,0x00000000ef900000,0x00000000ef900000)
  from space 4096K, 0% used [0x00000000ef900000,0x00000000ef908000,0x00000000efd00000)
  to   space 4096K, 0% used [0x00000000f3b00000,0x00000000f3b00000,0x00000000f3f00000)
 ParOldGen       total 42496K, used 3048K [0x00000000c3000000, 0x00000000c5980000, 0x00000000ebb00000)
  object space 42496K, 7% used [0x00000000c3000000,0x00000000c32fa340,0x00000000c5980000)
 Metaspace       used 9863K, capacity 10038K, committed 10240K, reserved 1058816K
  class space    used 1376K, capacity 1471K, committed 1536K, reserved 1048576K
Event: 0,948 GC heap after
Heap after GC invocations=8 (full 0):
 PSYoungGen      total 130560K, used 32K [0x00000000ebb00000, 0x00000000f4000000, 0x0000000100000000)
  eden space 126464K, 0% used [0x00000000ebb00000,0x00000000ebb00000,0x00000000f3680000)
  from space 4096K, 0% used [0x00000000f3b00000,0x00000000f3b08000,0x00000000f3f00000)
  to   space 4608K, 0% used [0x00000000f3680000,0x00000000f3680000,0x00000000f3b00000)
 ParOldGen       total 42496K, used 3048K [0x00000000c3000000, 0x00000000c5980000, 0x00000000ebb00000)
  object space 42496K, 7% used [0x00000000c3000000,0x00000000c32fa340,0x00000000c5980000)
 Metaspace       used 9863K, capacity 10038K, committed 10240K, reserved 1058816K
  class space    used 1376K, capacity 1471K, committed 1536K, reserved 1048576K
}
Event: 1,023 GC heap before
{Heap before GC invocations=9 (full 0):
 PSYoungGen      total 130560K, used 126496K [0x00000000ebb00000, 0x00000000f4000000, 0x0000000100000000)
  eden space 126464K, 100% used [0x00000000ebb00000,0x00000000f3680000,0x00000000f3680000)
  from space 4096K, 0% used [0x00000000f3b00000,0x00000000f3b08000,0x00000000f3f00000)
  to   space 4608K, 0% used [0x00000000f3680000,0x00000000f3680000,0x00000000f3b00000)
 ParOldGen       total 42496K, used 3048K [0x00000000c3000000, 0x00000000c5980000, 0x00000000ebb00000)
  object space 42496K, 7% used [0x00000000c3000000,0x00000000c32fa340,0x00000000c5980000)
 Metaspace       used 9863K, capacity 10038K, committed 10240K, reserved 1058816K
  class space    used 1376K, capacity 1471K, committed 1536K, reserved 1048576K
Event: 1,024 GC heap after
Heap after GC invocations=9 (full 0):
 PSYoungGen      total 131072K, used 32K [0x00000000ebb00000, 0x00000000f8a00000, 0x0000000100000000)
  eden space 126464K, 0% used [0x00000000ebb00000,0x00000000ebb00000,0x00000000f3680000)
  from space 4608K, 0% used [0x00000000f3680000,0x00000000f3688000,0x00000000f3b00000)
  to   space 4608K, 0% used [0x00000000f8580000,0x00000000f8580000,0x00000000f8a00000)
 ParOldGen       total 42496K, used 3056K [0x00000000c3000000, 0x00000000c5980000, 0x00000000ebb00000)
  object space 42496K, 7% used [0x00000000c3000000,0x00000000c32fc340,0x00000000c5980000)
 Metaspace       used 9863K, capacity 10038K, committed 10240K, reserved 1058816K
  class space    used 1376K, capacity 1471K, committed 1536K, reserved 1048576K
}
Event: 1,045 GC heap before
{Heap before GC invocations=10 (full 0):
 PSYoungGen      total 131072K, used 126496K [0x00000000ebb00000, 0x00000000f8a00000, 0x0000000100000000)
  eden space 126464K, 100% used [0x00000000ebb00000,0x00000000f3680000,0x00000000f3680000)
  from space 4608K, 0% used [0x00000000f3680000,0x00000000f3688000,0x00000000f3b00000)
  to   space 4608K, 0% used [0x00000000f8580000,0x00000000f8580000,0x00000000f8a00000)
 ParOldGen       total 42496K, used 3056K [0x00000000c3000000, 0x00000000c5980000, 0x00000000ebb00000)
  object space 42496K, 7% used [0x00000000c3000000,0x00000000c32fc340,0x00000000c5980000)
 Metaspace       used 9863K, capacity 10038K, committed 10240K, reserved 1058816K
  class space    used 1376K, capacity 1471K, committed 1536K, reserved 1048576K
Event: 1,045 GC heap after
Heap after GC invocations=10 (full 0):
 PSYoungGen      total 207360K, used 62K [0x00000000ebb00000, 0x00000000f8a00000, 0x0000000100000000)
  eden space 202752K, 0% used [0x00000000ebb00000,0x00000000ebb00000,0x00000000f8100000)
  from space 4608K, 1% used [0x00000000f8580000,0x00000000f858f960,0x00000000f8a00000)
  to   space 4608K, 0% used [0x00000000f8100000,0x00000000f8100000,0x00000000f8580000)
 ParOldGen       total 42496K, used 3056K [0x00000000c3000000, 0x00000000c5980000, 0x00000000ebb00000)
  object space 42496K, 7% used [0x00000000c3000000,0x00000000c32fc340,0x00000000c5980000)
 Metaspace       used 9863K, capacity 10038K, committed 10240K, reserved 1058816K
  class space    used 1376K, capacity 1471K, committed 1536K, reserved 1048576K
}
Event: 2,202 GC heap before
{Heap before GC invocations=11 (full 0):
 PSYoungGen      total 207360K, used 202814K [0x00000000ebb00000, 0x00000000f8a00000, 0x0000000100000000)
  eden space 202752K, 100% used [0x00000000ebb00000,0x00000000f8100000,0x00000000f8100000)
  from space 4608K, 1% used [0x00000000f8580000,0x00000000f858f960,0x00000000f8a00000)
  to   space 4608K, 0% used [0x00000000f8100000,0x00000000f8100000,0x00000000f8580000)
 ParOldGen       total 42496K, used 3056K [0x00000000c3000000, 0x00000000c5980000, 0x00000000ebb00000)
  object space 42496K, 7% used [0x00000000c3000000,0x00000000c32fc340,0x00000000c5980000)
 Metaspace       used 17921K, capacity 18240K, committed 18432K, reserved 1064960K
  class space    used 2356K, capacity 2456K, committed 2560K, reserved 1048576K

Deoptimization events (10 events):
Event: 1,851 Thread 0x00007ffa3400c800 Uncommon trap: reason=class_check action=maybe_recompile pc=0x00007ffa253bc008 method=java.util.regex.Pattern$CharProperty.match(Ljava/util/regex/Matcher;ILjava/lang/CharSequence;)Z @ 18
Event: 1,851 Thread 0x00007ffa3400c800 Uncommon trap: reason=class_check action=maybe_recompile pc=0x00007ffa253bc008 method=java.util.regex.Pattern$CharProperty.match(Ljava/util/regex/Matcher;ILjava/lang/CharSequence;)Z @ 18
Event: 1,851 Thread 0x00007ffa3400c800 Uncommon trap: reason=unstable_if action=reinterpret pc=0x00007ffa2540e714 method=java.util.regex.Matcher.reset()Ljava/util/regex/Matcher; @ 47
Event: 1,851 Thread 0x00007ffa3400c800 Uncommon trap: reason=unstable_if action=reinterpret pc=0x00007ffa25379f78 method=java.util.regex.Matcher.reset()Ljava/util/regex/Matcher; @ 47
Event: 1,851 Thread 0x00007ffa3400c800 Uncommon trap: reason=class_check action=maybe_recompile pc=0x00007ffa254a4cb0 method=java.util.regex.Pattern$Curly.match0(Ljava/util/regex/Matcher;IILjava/lang/CharSequence;)Z @ 31
Event: 1,878 Thread 0x00007ffa3400c800 Uncommon trap: reason=unstable_if action=reinterpret pc=0x00007ffa2520495c method=sun.net.www.ParseUtil.encodePath(Ljava/lang/String;Z)Ljava/lang/String; @ 109
Event: 1,928 Thread 0x00007ffa3400c800 Uncommon trap: reason=class_check action=maybe_recompile pc=0x00007ffa254a4cb0 method=java.util.regex.Pattern$Curly.match0(Ljava/util/regex/Matcher;IILjava/lang/CharSequence;)Z @ 31
Event: 1,930 Thread 0x00007ffa3400c800 Uncommon trap: reason=class_check action=maybe_recompile pc=0x00007ffa254a4cb0 method=java.util.regex.Pattern$Curly.match0(Ljava/util/regex/Matcher;IILjava/lang/CharSequence;)Z @ 31
Event: 1,975 Thread 0x00007ffa3400c800 Uncommon trap: reason=unstable_if action=reinterpret pc=0x00007ffa25264a68 method=java.lang.AbstractStringBuilder.append(Ljava/lang/String;)Ljava/lang/AbstractStringBuilder; @ 1
Event: 2,132 Thread 0x00007ffa3400c800 Uncommon trap: reason=unstable_if action=reinterpret pc=0x00007ffa254acc24 method=java.util.HashMap.hash(Ljava/lang/Object;)I @ 1

Internal exceptions (10 events):
Event: 0,852 Thread 0x00007ffa3400c800 Exception <a 'java/lang/ClassNotFoundException': org/apache/log4j/PatternLayoutCustomizer> (0x00000000ec886a80) thrown at [/build/openjdk-8-pZyJp3/openjdk-8-8u131-b11/src/hotspot/src/share/vm/classfile/systemDictionary.cpp, line 210]
Event: 0,854 Thread 0x00007ffa3400c800 Implicit null exception at 0x00007ffa251bb7b6 to 0x00007ffa251bbb5d
Event: 1,072 Thread 0x00007ffa3400c800 Exception <a 'java/lang/ArrayIndexOutOfBoundsException'> (0x00000000ef1f5500) thrown at [/build/openjdk-8-pZyJp3/openjdk-8-8u131-b11/src/hotspot/src/share/vm/runtime/sharedRuntime.cpp, line 605]
Event: 1,072 Thread 0x00007ffa3400c800 Exception <a 'java/lang/ArrayIndexOutOfBoundsException'> (0x00000000ef1f6148) thrown at [/build/openjdk-8-pZyJp3/openjdk-8-8u131-b11/src/hotspot/src/share/vm/runtime/sharedRuntime.cpp, line 605]
Event: 1,129 Thread 0x00007ffa3400c800 Exception <a 'java/lang/ArrayIndexOutOfBoundsException'> (0x00000000efaa4490) thrown at [/build/openjdk-8-pZyJp3/openjdk-8-8u131-b11/src/hotspot/src/share/vm/runtime/sharedRuntime.cpp, line 605]
Event: 1,473 Thread 0x00007ffa3400c800 Implicit null exception at 0x00007ffa253ebc3b to 0x00007ffa253ec691
Event: 1,640 Thread 0x00007ffa3400c800 Exception <a 'java/lang/ArrayIndexOutOfBoundsException'> (0x00000000f3f04488) thrown at [/build/openjdk-8-pZyJp3/openjdk-8-8u131-b11/src/hotspot/src/share/vm/runtime/sharedRuntime.cpp, line 605]
Event: 1,644 Thread 0x00007ffa3400c800 Exception <a 'java/lang/ArrayIndexOutOfBoundsException'> (0x00000000f3f681c0) thrown at [/build/openjdk-8-pZyJp3/openjdk-8-8u131-b11/src/hotspot/src/share/vm/runtime/sharedRuntime.cpp, line 605]
Event: 1,975 Thread 0x00007ffa3400c800 Implicit null exception at 0x00007ffa252646b5 to 0x00007ffa25264a55
Event: 2,132 Thread 0x00007ffa3400c800 Implicit null exception at 0x00007ffa254acb5c to 0x00007ffa254acc15

Events (10 events):
Event: 2,132 Thread 0x00007ffa3400c800 DEOPT UNPACKING pc=0x00007ffa25004f69 sp=0x00007ffa3c245808 mode 2
Event: 2,136 loading class org/hibernate/internal/CoreMessageLogger_$logger_es_AR
Event: 2,136 loading class org/hibernate/internal/CoreMessageLogger_$logger_es_AR done
Event: 2,137 loading class org/hibernate/internal/CoreMessageLogger_$logger_es
Event: 2,137 loading class org/hibernate/internal/CoreMessageLogger_$logger_es done
Event: 2,157 loading class org/hibernate/internal/CoreMessageLogger_$logger_es_AR
Event: 2,157 loading class org/hibernate/internal/CoreMessageLogger_$logger_es_AR done
Event: 2,157 loading class org/hibernate/internal/CoreMessageLogger_$logger_es
Event: 2,157 loading class org/hibernate/internal/CoreMessageLogger_$logger_es done
Event: 2,202 Executing VM operation: ParallelGCFailedAllocation


Dynamic libraries:
00400000-00401000 r-xp 00000000 08:01 170472                             /usr/lib/jvm/java-8-openjdk-amd64/jre/bin/java
00600000-00601000 r--p 00000000 08:01 170472                             /usr/lib/jvm/java-8-openjdk-amd64/jre/bin/java
00601000-00602000 rw-p 00001000 08:01 170472                             /usr/lib/jvm/java-8-openjdk-amd64/jre/bin/java
01ff0000-02011000 rw-p 00000000 00:00 0                                  [heap]
c3000000-c5980000 rw-p 00000000 00:00 0 
c5980000-ebb00000 ---p 00000000 00:00 0 
ebb00000-f8a00000 rw-p 00000000 00:00 0 
100000000-100280000 rw-p 00000000 00:00 0 
100280000-140000000 ---p 00000000 00:00 0 
7ff9e4000000-7ff9e4021000 rw-p 00000000 00:00 0 
7ff9e4021000-7ff9e8000000 ---p 00000000 00:00 0 
7ff9e8000000-7ff9e8021000 rw-p 00000000 00:00 0 
7ff9e8021000-7ff9ec000000 ---p 00000000 00:00 0 
7ff9ec000000-7ff9eca1f000 rw-p 00000000 00:00 0 
7ff9eca1f000-7ff9f0000000 ---p 00000000 00:00 0 
7ff9f0000000-7ff9f059f000 rw-p 00000000 00:00 0 
7ff9f059f000-7ff9f4000000 ---p 00000000 00:00 0 
7ff9f4000000-7ff9f4021000 rw-p 00000000 00:00 0 
7ff9f4021000-7ff9f8000000 ---p 00000000 00:00 0 
7ff9f8000000-7ff9f86bc000 rw-p 00000000 00:00 0 
7ff9f86bc000-7ff9fc000000 ---p 00000000 00:00 0 
7ff9fc000000-7ff9fc021000 rw-p 00000000 00:00 0 
7ff9fc021000-7ffa00000000 ---p 00000000 00:00 0 
7ffa00000000-7ffa00021000 rw-p 00000000 00:00 0 
7ffa00021000-7ffa04000000 ---p 00000000 00:00 0 
7ffa04000000-7ffa04021000 rw-p 00000000 00:00 0 
7ffa04021000-7ffa08000000 ---p 00000000 00:00 0 
7ffa08000000-7ffa08021000 rw-p 00000000 00:00 0 
7ffa08021000-7ffa0c000000 ---p 00000000 00:00 0 
7ffa0c000000-7ffa0c021000 rw-p 00000000 00:00 0 
7ffa0c021000-7ffa10000000 ---p 00000000 00:00 0 
7ffa14000000-7ffa14021000 rw-p 00000000 00:00 0 
7ffa14021000-7ffa18000000 ---p 00000000 00:00 0 
7ffa1bc00000-7ffa1bd80000 rw-p 00000000 00:00 0 
7ffa1bd80000-7ffa1be00000 ---p 00000000 00:00 0 
7ffa1be00000-7ffa1c000000 rw-p 00000000 00:00 0 
7ffa1c000000-7ffa1c021000 rw-p 00000000 00:00 0 
7ffa1c021000-7ffa20000000 ---p 00000000 00:00 0 
7ffa2004a000-7ffa20051000 r--s 00000000 08:01 278058                     /usr/lib/x86_64-linux-gnu/gconv/gconv-modules.cache
7ffa20051000-7ffa20076000 r--p 00000000 08:01 414184                     /usr/share/locale-langpack/es/LC_MESSAGES/libc.mo
7ffa20076000-7ffa20089000 r--s 00346000 08:01 170437                     /usr/lib/jvm/java-8-openjdk-amd64/jre/lib/resources.jar
7ffa20089000-7ffa20289000 rw-p 00000000 00:00 0 
7ffa20289000-7ffa20489000 rw-p 00000000 00:00 0 
7ffa20489000-7ffa20496000 r--s 00148000 08:01 965660                     /home/dds/.m2/repository/org/hsqldb/hsqldb/2.2.8/hsqldb-2.2.8.jar
7ffa20496000-7ffa2049d000 r--s 000ca000 08:01 965659                     /home/dds/.m2/repository/mysql/mysql-connector-java/5.1.26/mysql-connector-java-5.1.26.jar
7ffa2049d000-7ffa2049f000 r--s 00011000 08:01 965655                     /home/dds/.m2/repository/org/jboss/jandex/1.1.0.Final/jandex-1.1.0.Final.jar
7ffa2049f000-7ffa204a4000 r--s 00068000 08:01 857389                     /home/dds/.m2/repository/antlr/antlr/2.7.7/antlr-2.7.7.jar
7ffa204a4000-7ffa204a9000 r--s 00017000 08:01 965652                     /home/dds/.m2/repository/org/hibernate/javax/persistence/hibernate-jpa-2.1-api/1.0.0.Final/hibernate-jpa-2.1-api-1.0.0.Final.jar
7ffa204a9000-7ffa204ac000 r--s 00010000 08:01 965647                     /home/dds/.m2/repository/org/hibernate/common/hibernate-commons-annotations/4.0.5.Final/hibernate-commons-annotations-4.0.5.Final.jar
7ffa204ac000-7ffa204ad000 r--s 00006000 08:01 965650                     /home/dds/.m2/repository/org/jboss/spec/javax/transaction/jboss-transaction-api_1.2_spec/1.0.0.Final/jboss-transaction-api_1.2_spec-1.0.0.Final.jar
7ffa204ad000-7ffa2050b000 r--s 004a5000 08:01 965653                     /home/dds/.m2/repository/org/hibernate/hibernate-core/4.3.6.Final/hibernate-core-4.3.6.Final.jar
7ffa2050b000-7ffa2050d000 r--s 0000c000 08:01 965642                     /home/dds/.m2/repository/org/jboss/logging/jboss-logging/3.1.3.GA/jboss-logging-3.1.3.GA.jar
7ffa2050d000-7ffa2051b000 r--s 00090000 08:01 965638                     /home/dds/.m2/repository/org/hibernate/hibernate-entitymanager/4.3.6.Final/hibernate-entitymanager-4.3.6.Final.jar
7ffa2051b000-7ffa2051d000 r--s 00002000 08:01 965634                     /home/dds/.m2/repository/org/uqbar-project/jpa-java8-extras/1.0-alpha-1/jpa-java8-extras-1.0-alpha-1.jar
7ffa2051d000-7ffa20525000 r--s 00071000 08:01 843118                     /home/dds/.m2/repository/org/apache/commons/commons-lang3/3.6/commons-lang3-3.6.jar
7ffa20525000-7ffa2052b000 r--s 00093000 08:01 840727                     /home/dds/.m2/repository/net/java/dev/javacc/javacc/7.0.2/javacc-7.0.2.jar
7ffa2052b000-7ffa2053e000 r--s 00211000 08:01 938036                     /home/dds/.m2/repository/org/eclipse/swt/gtk/org.eclipse.swt.gtk.linux.x86_64/3.5.2.v3557f/org.eclipse.swt.gtk.linux.x86_64-3.5.2.v3557f.jar
7ffa2053e000-7ffa20582000 r--s 0037c000 08:01 938034                     /home/dds/.m2/repository/org/eclipse/ui/org.eclipse.ui.workbench/3.4.2.M20090127-1700/org.eclipse.ui.workbench-3.4.2.M20090127-1700.jar
7ffa20582000-7ffa20591000 r--s 000e5000 08:01 938030                     /home/dds/.m2/repository/org/eclipse/org.eclipse.osgi/3.4.3.R34x_v20081215-1030/org.eclipse.osgi-3.4.3.R34x_v20081215-1030.jar
7ffa20591000-7ffa205a5000 r--s 000eb000 08:01 938028                     /home/dds/.m2/repository/org/eclipse/org.eclipse.jface/3.4.2.M20090107-0800/org.eclipse.jface-3.4.2.M20090107-0800.jar
7ffa205a5000-7ffa205aa000 r--s 0002b000 08:01 938023                     /home/dds/.m2/repository/org/eclipse/jface/org.eclipse.jface.databinding/1.2.1.M20080827-0800a/org.eclipse.jface.databinding-1.2.1.M20080827-0800a.jar
7ffa205aa000-7ffa205ad000 r--s 00015000 08:01 938021                     /home/dds/.m2/repository/org/eclipse/equinox/org.eclipse.equinox.common/3.4.0.v20080421-2006/org.eclipse.equinox.common-3.4.0.v20080421-2006.jar
7ffa205ad000-7ffa205b6000 r--s 0004c000 08:01 938019                     /home/dds/.m2/repository/org/eclipse/core/org.eclipse.core.databinding/1.1.1.M20080827-0800b/org.eclipse.core.databinding-1.1.1.M20080827-0800b.jar
7ffa205b6000-7ffa205b8000 r--s 0000d000 08:01 938017                     /home/dds/.m2/repository/org/eclipse/core/databinding/org.eclipse.core.databinding.beans/1.1.1.M20080827-0800a/org.eclipse.core.databinding.beans-1.1.1.M20080827-0800a.jar
7ffa205b8000-7ffa205bb000 r--s 00017000 08:01 793468                     /home/dds/.m2/repository/org/eclipse/core/org.eclipse.core.commands/3.4.0.I20080509-2000/org.eclipse.core.commands-3.4.0.I20080509-2000.jar
7ffa205bb000-7ffa20609000 r--s 0087c000 08:01 793466                     /home/dds/.m2/repository/com/ibm/icu/icu4j/50.1.1/icu4j-50.1.1.jar
7ffa20609000-7ffa2062a000 r--s 00162000 08:01 939737                     /home/dds/.m2/repository/org/mockito/mockito-all/1.9.5/mockito-all-1.9.5.jar
7ffa2062a000-7ffa2062c000 r--s 00008000 08:01 939735                     /home/dds/.m2/repository/org/uqbar-project/arena-poo/3.6.1/arena-poo-3.6.1.jar
7ffa2062c000-7ffa20636000 r--s 00095000 08:01 814437                     /home/dds/.m2/repository/org/scala-lang/modules/scala-xml_2.11/1.0.2/scala-xml_2.11-1.0.2.jar
7ffa20636000-7ffa20637000 ---p 00000000 00:00 0 
7ffa20637000-7ffa20737000 rw-p 00000000 00:00 0 
7ffa20737000-7ffa2073a000 ---p 00000000 00:00 0 
7ffa2073a000-7ffa20838000 rw-p 00000000 00:00 0 
7ffa20838000-7ffa2083b000 ---p 00000000 00:00 0 
7ffa2083b000-7ffa20939000 rw-p 00000000 00:00 0 
7ffa20939000-7ffa2093c000 ---p 00000000 00:00 0 
7ffa2093c000-7ffa20a3a000 rw-p 00000000 00:00 0 
7ffa20a3a000-7ffa20a3d000 ---p 00000000 00:00 0 
7ffa20a3d000-7ffa20b3b000 rw-p 00000000 00:00 0 
7ffa20b3b000-7ffa20b3e000 ---p 00000000 00:00 0 
7ffa20b3e000-7ffa20c3c000 rw-p 00000000 00:00 0 
7ffa20c3c000-7ffa20c94000 r--s 004f2000 08:01 814435                     /home/dds/.m2/repository/org/scala-lang/scala-library/2.11.2/scala-library-2.11.2.jar
7ffa20c94000-7ffa20c99000 r--s 00016000 08:01 793460                     /home/dds/.m2/repository/xml-apis/xml-apis/1.0.b2/xml-apis-1.0.b2.jar
7ffa20c99000-7ffa20c9e000 r--s 00048000 08:01 793457                     /home/dds/.m2/repository/dom4j/dom4j/1.6.1/dom4j-1.6.1.jar
7ffa20c9e000-7ffa20ca1000 r--s 00006000 08:01 793454                     /home/dds/.m2/repository/com/google/code/findbugs/jsr305/1.3.9/jsr305-1.3.9.jar
7ffa20ca1000-7ffa20cc2000 r--s 00172000 08:01 793451                     /home/dds/.m2/repository/com/google/guava/guava/11.0.2/guava-11.0.2.jar
7ffa20cc2000-7ffa20cc5000 r--s 00017000 08:01 793448                     /home/dds/.m2/repository/org/reflections/reflections/0.9.8/reflections-0.9.8.jar
7ffa20cc5000-7ffa20ccf000 r--s 000a5000 08:01 793445                     /home/dds/.m2/repository/org/javassist/javassist/3.18.1-GA/javassist-3.18.1-GA.jar
7ffa20ccf000-7ffa20cd3000 r--s 00038000 08:01 793423                     /home/dds/.m2/repository/commons-lang/commons-lang/2.2/commons-lang-2.2.jar
7ffa20cd3000-7ffa20cdb000 r--s 00053000 08:01 793420                     /home/dds/.m2/repository/net/sf/oval/oval/1.81/oval-1.81.jar
7ffa20cdb000-7ffa20cdd000 r--s 0000d000 08:01 793417                     /home/dds/.m2/repository/commons-logging/commons-logging/1.1.1/commons-logging-1.1.1.jar
7ffa20cdd000-7ffa20ce2000 r--s 0002a000 08:01 793414                     /home/dds/.m2/repository/commons-beanutils/commons-beanutils/1.7.0/commons-beanutils-1.7.0.jar
7ffa20ce2000-7ffa20cee000 r--s 00076000 08:01 793411                     /home/dds/.m2/repository/net/sourceforge/collections/collections-generic/4.01/collections-generic-4.01.jar
7ffa20cee000-7ffa20cfc000 r--s 0007f000 08:01 793408                     /home/dds/.m2/repository/commons-collections/commons-collections/3.2.1/commons-collections-3.2.1.jar
7ffa20cfc000-7ffa20cfe000 r--s 00008000 08:01 814432                     /home/dds/.m2/repository/org/uqbar-project/uqbar-domain/3.6.1/uqbar-domain-3.6.1.jar
7ffa20cfe000-7ffa20d02000 r--s 00028000 08:01 939733                     /home/dds/.m2/repository/org/uqbar-project/arena-apo/3.6.1/arena-apo-3.6.1.jar
7ffa20d02000-7ffa20d05000 r--s 00014000 08:01 939731                     /home/dds/.m2/repository/org/uqbar-project/arena-pot/3.6.1/arena-pot-3.6.1.jar
7ffa20d05000-7ffa20d0c000 r--s 0002c000 08:01 939729                     /home/dds/.m2/repository/org/uqbar-project/arena-core/3.6.1/arena-core-3.6.1.jar
7ffa20d0c000-7ffa20d12000 r--s 00035000 08:01 939727                     /home/dds/.m2/repository/org/uqbar-project/arena-jface/3.6.1/arena-jface-3.6.1.jar
7ffa20d12000-7ffa20d1b000 r--s 0006f000 08:01 793390                     /home/dds/.m2/repository/log4j/log4j/1.2.17/log4j-1.2.17.jar
7ffa20d1b000-7ffa20d20000 r--s 00034000 08:01 793387                     /home/dds/.m2/repository/com/google/code/gson/gson/2.8.0/gson-2.8.0.jar
7ffa20d20000-7ffa20d22000 r--s 00009000 08:01 787749                     /home/dds/.m2/repository/org/hamcrest/hamcrest-core/1.3/hamcrest-core-1.3.jar
7ffa20d22000-7ffa20d2a000 r--s 00045000 08:01 793384                     /home/dds/.m2/repository/junit/junit/4.12/junit-4.12.jar
7ffa20d2a000-7ffa20d34000 r--s 00061000 08:01 793378                     /home/dds/.m2/repository/com/sun/jersey/jersey-core/1.19.3/jersey-core-1.19.3.jar
7ffa20d34000-7ffa20d38000 r--s 0001d000 08:01 793375                     /home/dds/.m2/repository/com/sun/jersey/jersey-client/1.19.3/jersey-client-1.19.3.jar
7ffa20d38000-7ffa20d3c000 r--s 00037000 08:01 155729                     /usr/lib/jvm/java-8-openjdk-amd64/jre/lib/ext/sunpkcs11.jar
7ffa20d3c000-7ffa20dd2000 r--s 008d7000 08:01 550478                     /usr/share/java/openjfx/jre/lib/ext/jfxrt.jar
7ffa20dd2000-7ffa20ded000 r--s 001d6000 08:01 155727                     /usr/lib/jvm/java-8-openjdk-amd64/jre/lib/ext/nashorn.jar
7ffa20ded000-7ffa20e08000 r--s 00394000 08:01 155153                     /usr/lib/jvm/java-8-openjdk-amd64/jre/lib/ext/cldrdata.jar
7ffa20e08000-7ffa21355000 r--p 00000000 08:01 2262                       /usr/lib/locale/locale-archive
7ffa21355000-7ffa21358000 ---p 00000000 00:00 0 
7ffa21358000-7ffa21456000 rw-p 00000000 00:00 0 
7ffa21456000-7ffa21459000 ---p 00000000 00:00 0 
7ffa21459000-7ffa21557000 rw-p 00000000 00:00 0 
7ffa21557000-7ffa21558000 ---p 00000000 00:00 0 
7ffa21558000-7ffa225ca000 rw-p 00000000 00:00 0 
7ffa225ca000-7ffa22798000 r--s 03c13000 08:01 141429                     /usr/lib/jvm/java-8-openjdk-amd64/jre/lib/rt.jar
7ffa22798000-7ffa25000000 rw-p 00000000 00:00 0 
7ffa25000000-7ffa255f0000 rwxp 00000000 00:00 0 
7ffa255f0000-7ffa34000000 ---p 00000000 00:00 0 
7ffa34000000-7ffa348db000 rw-p 00000000 00:00 0 
7ffa348db000-7ffa38000000 ---p 00000000 00:00 0 
7ffa38000000-7ffa38001000 r--s 00002000 08:01 965645                     /home/dds/.m2/repository/org/jboss/logging/jboss-logging-annotations/1.2.0.Beta1/jboss-logging-annotations-1.2.0.Beta1.jar
7ffa38001000-7ffa38003000 r--s 0000a000 08:01 793381                     /home/dds/.m2/repository/javax/ws/rs/jsr311-api/1.1.1/jsr311-api-1.1.1.jar
7ffa38003000-7ffa38006000 r--s 0000f000 08:01 155733                     /usr/lib/jvm/java-8-openjdk-amd64/jre/lib/ext/icedtea-sound.jar
7ffa38006000-7ffa38008000 r--s 00001000 08:01 155730                     /usr/lib/jvm/java-8-openjdk-amd64/jre/lib/ext/dnsns.jar
7ffa38008000-7ffa380cc000 rw-p 00000000 00:00 0 
7ffa380cc000-7ffa380cd000 ---p 00000000 00:00 0 
7ffa380cd000-7ffa381cd000 rw-p 00000000 00:00 0 
7ffa381cd000-7ffa381ce000 ---p 00000000 00:00 0 
7ffa381ce000-7ffa382ce000 rw-p 00000000 00:00 0 
7ffa382ce000-7ffa382cf000 ---p 00000000 00:00 0 
7ffa382cf000-7ffa383cf000 rw-p 00000000 00:00 0 
7ffa383cf000-7ffa383d0000 ---p 00000000 00:00 0 
7ffa383d0000-7ffa384e5000 rw-p 00000000 00:00 0 
7ffa384e5000-7ffa38616000 ---p 00000000 00:00 0 
7ffa38616000-7ffa3862b000 rw-p 00000000 00:00 0 
7ffa3862b000-7ffa3875b000 ---p 00000000 00:00 0 
7ffa3875b000-7ffa387c3000 rw-p 00000000 00:00 0 
7ffa387c3000-7ffa387fe000 ---p 00000000 00:00 0 
7ffa387fe000-7ffa38817000 rw-p 00000000 00:00 0 
7ffa38817000-7ffa38bbf000 ---p 00000000 00:00 0 
7ffa38bbf000-7ffa38bc7000 r-xp 00000000 08:01 170412                     /usr/lib/jvm/java-8-openjdk-amd64/jre/lib/amd64/libzip.so
7ffa38bc7000-7ffa38dc6000 ---p 00008000 08:01 170412                     /usr/lib/jvm/java-8-openjdk-amd64/jre/lib/amd64/libzip.so
7ffa38dc6000-7ffa38dc7000 r--p 00007000 08:01 170412                     /usr/lib/jvm/java-8-openjdk-amd64/jre/lib/amd64/libzip.so
7ffa38dc7000-7ffa38dc8000 rw-p 00008000 08:01 170412                     /usr/lib/jvm/java-8-openjdk-amd64/jre/lib/amd64/libzip.so
7ffa38dc8000-7ffa38dd3000 r-xp 00000000 08:01 1056813                    /lib/x86_64-linux-gnu/libnss_files-2.23.so
7ffa38dd3000-7ffa38fd2000 ---p 0000b000 08:01 1056813                    /lib/x86_64-linux-gnu/libnss_files-2.23.so
7ffa38fd2000-7ffa38fd3000 r--p 0000a000 08:01 1056813                    /lib/x86_64-linux-gnu/libnss_files-2.23.so
7ffa38fd3000-7ffa38fd4000 rw-p 0000b000 08:01 1056813                    /lib/x86_64-linux-gnu/libnss_files-2.23.so
7ffa38fd4000-7ffa38fda000 rw-p 00000000 00:00 0 
7ffa38fda000-7ffa38fe5000 r-xp 00000000 08:01 1056816                    /lib/x86_64-linux-gnu/libnss_nis-2.23.so
7ffa38fe5000-7ffa391e4000 ---p 0000b000 08:01 1056816                    /lib/x86_64-linux-gnu/libnss_nis-2.23.so
7ffa391e4000-7ffa391e5000 r--p 0000a000 08:01 1056816                    /lib/x86_64-linux-gnu/libnss_nis-2.23.so
7ffa391e5000-7ffa391e6000 rw-p 0000b000 08:01 1056816                    /lib/x86_64-linux-gnu/libnss_nis-2.23.so
7ffa391e6000-7ffa391fc000 r-xp 00000000 08:01 1048632                    /lib/x86_64-linux-gnu/libnsl-2.23.so
7ffa391fc000-7ffa393fb000 ---p 00016000 08:01 1048632                    /lib/x86_64-linux-gnu/libnsl-2.23.so
7ffa393fb000-7ffa393fc000 r--p 00015000 08:01 1048632                    /lib/x86_64-linux-gnu/libnsl-2.23.so
7ffa393fc000-7ffa393fd000 rw-p 00016000 08:01 1048632                    /lib/x86_64-linux-gnu/libnsl-2.23.so
7ffa393fd000-7ffa393ff000 rw-p 00000000 00:00 0 
7ffa393ff000-7ffa39407000 r-xp 00000000 08:01 1056822                    /lib/x86_64-linux-gnu/libnss_compat-2.23.so
7ffa39407000-7ffa39606000 ---p 00008000 08:01 1056822                    /lib/x86_64-linux-gnu/libnss_compat-2.23.so
7ffa39606000-7ffa39607000 r--p 00007000 08:01 1056822                    /lib/x86_64-linux-gnu/libnss_compat-2.23.so
7ffa39607000-7ffa39608000 rw-p 00008000 08:01 1056822                    /lib/x86_64-linux-gnu/libnss_compat-2.23.so
7ffa39608000-7ffa39635000 r-xp 00000000 08:01 170427                     /usr/lib/jvm/java-8-openjdk-amd64/jre/lib/amd64/libjava.so
7ffa39635000-7ffa39834000 ---p 0002d000 08:01 170427                     /usr/lib/jvm/java-8-openjdk-amd64/jre/lib/amd64/libjava.so
7ffa39834000-7ffa39835000 r--p 0002c000 08:01 170427                     /usr/lib/jvm/java-8-openjdk-amd64/jre/lib/amd64/libjava.so
7ffa39835000-7ffa39837000 rw-p 0002d000 08:01 170427                     /usr/lib/jvm/java-8-openjdk-amd64/jre/lib/amd64/libjava.so
7ffa39837000-7ffa39846000 r-xp 00000000 08:01 170406                     /usr/lib/jvm/java-8-openjdk-amd64/jre/lib/amd64/libverify.so
7ffa39846000-7ffa39a45000 ---p 0000f000 08:01 170406                     /usr/lib/jvm/java-8-openjdk-amd64/jre/lib/amd64/libverify.so
7ffa39a45000-7ffa39a47000 r--p 0000e000 08:01 170406                     /usr/lib/jvm/java-8-openjdk-amd64/jre/lib/amd64/libverify.so
7ffa39a47000-7ffa39a48000 rw-p 00010000 08:01 170406                     /usr/lib/jvm/java-8-openjdk-amd64/jre/lib/amd64/libverify.so
7ffa39a48000-7ffa39a4f000 r-xp 00000000 08:01 1056818                    /lib/x86_64-linux-gnu/librt-2.23.so
7ffa39a4f000-7ffa39c4e000 ---p 00007000 08:01 1056818                    /lib/x86_64-linux-gnu/librt-2.23.so
7ffa39c4e000-7ffa39c4f000 r--p 00006000 08:01 1056818                    /lib/x86_64-linux-gnu/librt-2.23.so
7ffa39c4f000-7ffa39c50000 rw-p 00007000 08:01 1056818                    /lib/x86_64-linux-gnu/librt-2.23.so
7ffa39c50000-7ffa39c66000 r-xp 00000000 08:01 1054182                    /lib/x86_64-linux-gnu/libgcc_s.so.1
7ffa39c66000-7ffa39e65000 ---p 00016000 08:01 1054182                    /lib/x86_64-linux-gnu/libgcc_s.so.1
7ffa39e65000-7ffa39e66000 rw-p 00015000 08:01 1054182                    /lib/x86_64-linux-gnu/libgcc_s.so.1
7ffa39e66000-7ffa39f6e000 r-xp 00000000 08:01 1056827                    /lib/x86_64-linux-gnu/libm-2.23.so
7ffa39f6e000-7ffa3a16d000 ---p 00108000 08:01 1056827                    /lib/x86_64-linux-gnu/libm-2.23.so
7ffa3a16d000-7ffa3a16e000 r--p 00107000 08:01 1056827                    /lib/x86_64-linux-gnu/libm-2.23.so
7ffa3a16e000-7ffa3a16f000 rw-p 00108000 08:01 1056827                    /lib/x86_64-linux-gnu/libm-2.23.so
7ffa3a16f000-7ffa3a2e1000 r-xp 00000000 08:01 140859                     /usr/lib/x86_64-linux-gnu/libstdc++.so.6.0.21
7ffa3a2e1000-7ffa3a4e1000 ---p 00172000 08:01 140859                     /usr/lib/x86_64-linux-gnu/libstdc++.so.6.0.21
7ffa3a4e1000-7ffa3a4eb000 r--p 00172000 08:01 140859                     /usr/lib/x86_64-linux-gnu/libstdc++.so.6.0.21
7ffa3a4eb000-7ffa3a4ed000 rw-p 0017c000 08:01 140859                     /usr/lib/x86_64-linux-gnu/libstdc++.so.6.0.21
7ffa3a4ed000-7ffa3a4f1000 rw-p 00000000 00:00 0 
7ffa3a4f1000-7ffa3b145000 r-xp 00000000 08:01 170411                     /usr/lib/jvm/java-8-openjdk-amd64/jre/lib/amd64/server/libjvm.so
7ffa3b145000-7ffa3b345000 ---p 00c54000 08:01 170411                     /usr/lib/jvm/java-8-openjdk-amd64/jre/lib/amd64/server/libjvm.so
7ffa3b345000-7ffa3b3d8000 r--p 00c54000 08:01 170411                     /usr/lib/jvm/java-8-openjdk-amd64/jre/lib/amd64/server/libjvm.so
7ffa3b3d8000-7ffa3b401000 rw-p 00ce7000 08:01 170411                     /usr/lib/jvm/java-8-openjdk-amd64/jre/lib/amd64/server/libjvm.so
7ffa3b401000-7ffa3b431000 rw-p 00000000 00:00 0 
7ffa3b431000-7ffa3b449000 r-xp 00000000 08:01 1056815                    /lib/x86_64-linux-gnu/libpthread-2.23.so
7ffa3b449000-7ffa3b648000 ---p 00018000 08:01 1056815                    /lib/x86_64-linux-gnu/libpthread-2.23.so
7ffa3b648000-7ffa3b649000 r--p 00017000 08:01 1056815                    /lib/x86_64-linux-gnu/libpthread-2.23.so
7ffa3b649000-7ffa3b64a000 rw-p 00018000 08:01 1056815                    /lib/x86_64-linux-gnu/libpthread-2.23.so
7ffa3b64a000-7ffa3b64e000 rw-p 00000000 00:00 0 
7ffa3b64e000-7ffa3b651000 r-xp 00000000 08:01 1056821                    /lib/x86_64-linux-gnu/libdl-2.23.so
7ffa3b651000-7ffa3b850000 ---p 00003000 08:01 1056821                    /lib/x86_64-linux-gnu/libdl-2.23.so
7ffa3b850000-7ffa3b851000 r--p 00002000 08:01 1056821                    /lib/x86_64-linux-gnu/libdl-2.23.so
7ffa3b851000-7ffa3b852000 rw-p 00003000 08:01 1056821                    /lib/x86_64-linux-gnu/libdl-2.23.so
7ffa3b852000-7ffa3b86b000 r-xp 00000000 08:01 1057478                    /lib/x86_64-linux-gnu/libz.so.1.2.8
7ffa3b86b000-7ffa3ba6a000 ---p 00019000 08:01 1057478                    /lib/x86_64-linux-gnu/libz.so.1.2.8
7ffa3ba6a000-7ffa3ba6b000 r--p 00018000 08:01 1057478                    /lib/x86_64-linux-gnu/libz.so.1.2.8
7ffa3ba6b000-7ffa3ba6c000 rw-p 00019000 08:01 1057478                    /lib/x86_64-linux-gnu/libz.so.1.2.8
7ffa3ba6c000-7ffa3bc2c000 r-xp 00000000 08:01 1056842                    /lib/x86_64-linux-gnu/libc-2.23.so
7ffa3bc2c000-7ffa3be2c000 ---p 001c0000 08:01 1056842                    /lib/x86_64-linux-gnu/libc-2.23.so
7ffa3be2c000-7ffa3be30000 r--p 001c0000 08:01 1056842                    /lib/x86_64-linux-gnu/libc-2.23.so
7ffa3be30000-7ffa3be32000 rw-p 001c4000 08:01 1056842                    /lib/x86_64-linux-gnu/libc-2.23.so
7ffa3be32000-7ffa3be36000 rw-p 00000000 00:00 0 
7ffa3be36000-7ffa3be43000 r-xp 00000000 08:01 170404                     /usr/lib/jvm/java-8-openjdk-amd64/jre/lib/amd64/jli/libjli.so
7ffa3be43000-7ffa3c043000 ---p 0000d000 08:01 170404                     /usr/lib/jvm/java-8-openjdk-amd64/jre/lib/amd64/jli/libjli.so
7ffa3c043000-7ffa3c044000 r--p 0000d000 08:01 170404                     /usr/lib/jvm/java-8-openjdk-amd64/jre/lib/amd64/jli/libjli.so
7ffa3c044000-7ffa3c045000 rw-p 0000e000 08:01 170404                     /usr/lib/jvm/java-8-openjdk-amd64/jre/lib/amd64/jli/libjli.so
7ffa3c045000-7ffa3c06b000 r-xp 00000000 08:01 1056810                    /lib/x86_64-linux-gnu/ld-2.23.so
7ffa3c06b000-7ffa3c06c000 r--s 00003000 08:01 938032                     /home/dds/.m2/repository/org/eclipse/org.eclipse.swt/3.4.2.v3452b/org.eclipse.swt-3.4.2.v3452b.jar
7ffa3c06c000-7ffa3c06e000 r--s 00008000 08:01 155734                     /usr/lib/jvm/java-8-openjdk-amd64/jre/lib/ext/sunec.jar
7ffa3c06e000-7ffa3c147000 rw-p 00000000 00:00 0 
7ffa3c147000-7ffa3c14a000 ---p 00000000 00:00 0 
7ffa3c14a000-7ffa3c24d000 rw-p 00000000 00:00 0 
7ffa3c24d000-7ffa3c24e000 r--s 0000a000 08:01 155731                     /usr/lib/jvm/java-8-openjdk-amd64/jre/lib/ext/jaccess.jar
7ffa3c24e000-7ffa3c253000 r--s 0003b000 08:01 155732                     /usr/lib/jvm/java-8-openjdk-amd64/jre/lib/ext/sunjce_provider.jar
7ffa3c253000-7ffa3c254000 r--s 00010000 08:01 155735                     /usr/lib/jvm/java-8-openjdk-amd64/jre/lib/ext/zipfs.jar
7ffa3c254000-7ffa3c25e000 r--s 00116000 08:01 155728                     /usr/lib/jvm/java-8-openjdk-amd64/jre/lib/ext/localedata.jar
7ffa3c25e000-7ffa3c266000 rw-s 00000000 08:01 4148                       /tmp/hsperfdata_dds/3905
7ffa3c266000-7ffa3c267000 rw-p 00000000 00:00 0 
7ffa3c267000-7ffa3c268000 ---p 00000000 00:00 0 
7ffa3c268000-7ffa3c26a000 rw-p 00000000 00:00 0 
7ffa3c26a000-7ffa3c26b000 r--p 00025000 08:01 1056810                    /lib/x86_64-linux-gnu/ld-2.23.so
7ffa3c26b000-7ffa3c26c000 rw-p 00026000 08:01 1056810                    /lib/x86_64-linux-gnu/ld-2.23.so
7ffa3c26c000-7ffa3c26d000 rw-p 00000000 00:00 0 
7ffc1749e000-7ffc174c0000 rw-p 00000000 00:00 0                          [stack]
7ffc174ec000-7ffc174ee000 r--p 00000000 00:00 0                          [vvar]
7ffc174ee000-7ffc174f0000 r-xp 00000000 00:00 0                          [vdso]
ffffffffff600000-ffffffffff601000 r-xp 00000000 00:00 0                  [vsyscall]

VM Arguments:
jvm_args: -Djava.system.class.loader=org.uqbar.apo.APOClassLoader -Dfile.encoding=UTF-8 
java_command: AsesorApplication
java_class_path (initial): /home/dds/Desarrollo/workspace/2017-vn-group-10/target/classes:/home/dds/.m2/repository/javax/ws/rs/jsr311-api/1.1.1/jsr311-api-1.1.1.jar:/home/dds/.m2/repository/com/sun/jersey/jersey-client/1.19.3/jersey-client-1.19.3.jar:/home/dds/.m2/repository/com/sun/jersey/jersey-core/1.19.3/jersey-core-1.19.3.jar:/home/dds/.m2/repository/junit/junit/4.12/junit-4.12.jar:/home/dds/.m2/repository/org/hamcrest/hamcrest-core/1.3/hamcrest-core-1.3.jar:/home/dds/.m2/repository/com/google/code/gson/gson/2.8.0/gson-2.8.0.jar:/home/dds/.m2/repository/log4j/log4j/1.2.17/log4j-1.2.17.jar:/home/dds/.m2/repository/org/uqbar-project/arena-jface/3.6.1/arena-jface-3.6.1.jar:/home/dds/.m2/repository/org/uqbar-project/arena-core/3.6.1/arena-core-3.6.1.jar:/home/dds/.m2/repository/org/uqbar-project/arena-pot/3.6.1/arena-pot-3.6.1.jar:/home/dds/.m2/repository/org/uqbar-project/arena-apo/3.6.1/arena-apo-3.6.1.jar:/home/dds/.m2/repository/org/uqbar-project/uqbar-domain/3.6.1/uqbar-domain-3.6.1.jar:/home/dds/.m2/repository/commons-collections/commons-collections/3.2.1/commons-collections-3.2.1.jar:/home/dds/.m2/repository/net/sourceforge/collections/collections-generic/4.01/collections-generic-4.01.jar:/home/dds/.m2/repository/commons-beanutils/commons-beanutils/1.7.0/commons-beanutils-1.7.0.jar:/home/dds/.m2/repository/commons-logging/commons-logging/1.1.1/commons-logging-1.1.1.jar:/home/dds/.m2/repository/net/sf/oval/oval/1.81/oval-1.81.jar:/home/dds/.m2/repository/commons-lang/commons-lang/2.2/commons-lang-2.2.jar:/home/dds/.m2/repository/org/javassist/javassist/3.18.1-GA/javassist-3.18.1-GA.jar:/home/dds/.m2/repository/org/reflections/reflections/0.9.8/reflections-0.9.8.jar:/home/dds/.m2/repository/com/google/guava/guava/11.0.2/guava-11.0.2.jar:/home/dds/.m2/repository/com/google/code/findbugs/jsr305/1.3.9/jsr305-1.3.9.jar:/home/dds/.m2/repository/dom4j/dom4j/1.6.1/dom4j-1.6.1.jar:/home/dds/.m2/repository/xml-apis/xml-apis/1.0.b2/xml-apis-1.0.b2.jar:/home/dds/.m2/re
Launcher Type: SUN_STANDARD

Environment Variables:
PATH=/home/dds/bin:/home/dds/.local/bin:/usr/local/sbin:/usr/local/bin:/usr/sbin:/usr/bin:/sbin:/bin:/usr/games:/usr/local/games:/snap/bin
SHELL=/bin/bash
DISPLAY=:0

Signal Handlers:
SIGSEGV: [libjvm.so+0xa6ad10], sa_mask[0]=11111111011111111101111111111110, sa_flags=SA_RESTART|SA_SIGINFO
SIGBUS: [libjvm.so+0xa6ad10], sa_mask[0]=11111111011111111101111111111110, sa_flags=SA_RESTART|SA_SIGINFO
SIGFPE: [libjvm.so+0x8b3bc0], sa_mask[0]=11111111011111111101111111111110, sa_flags=SA_RESTART|SA_SIGINFO
SIGPIPE: [libjvm.so+0x8b3bc0], sa_mask[0]=11111111011111111101111111111110, sa_flags=SA_RESTART|SA_SIGINFO
SIGXFSZ: [libjvm.so+0x8b3bc0], sa_mask[0]=11111111011111111101111111111110, sa_flags=SA_RESTART|SA_SIGINFO
SIGILL: [libjvm.so+0x8b3bc0], sa_mask[0]=11111111011111111101111111111110, sa_flags=SA_RESTART|SA_SIGINFO
SIGUSR1: SIG_DFL, sa_mask[0]=00000000000000000000000000000000, sa_flags=none
SIGUSR2: [libjvm.so+0x8b3a70], sa_mask[0]=00100000000000000000000000000000, sa_flags=SA_RESTART|SA_SIGINFO
SIGHUP: [libjvm.so+0x8b3f40], sa_mask[0]=11111111011111111101111111111110, sa_flags=SA_RESTART|SA_SIGINFO
SIGINT: [libjvm.so+0x8b3f40], sa_mask[0]=11111111011111111101111111111110, sa_flags=SA_RESTART|SA_SIGINFO
SIGTERM: [libjvm.so+0x8b3f40], sa_mask[0]=11111111011111111101111111111110, sa_flags=SA_RESTART|SA_SIGINFO
SIGQUIT: [libjvm.so+0x8b3f40], sa_mask[0]=11111111011111111101111111111110, sa_flags=SA_RESTART|SA_SIGINFO


---------------  S Y S T E M  ---------------

OS:DISTRIB_ID=Ubuntu
DISTRIB_RELEASE=16.04
DISTRIB_CODENAME=xenial
DISTRIB_DESCRIPTION="Ubuntu 16.04.3 LTS"

uname:Linux 4.10.0-32-generic #36~16.04.1-Ubuntu SMP Wed Aug 9 09:19:02 UTC 2017 x86_64
libc:glibc 2.23 NPTL 2.23 
rlimit: STACK 8192k, CORE 0k, NPROC 15430, NOFILE 1048576, AS infinity
load average:0,25 0,23 0,26

/proc/meminfo:
MemTotal:        3994796 kB
MemFree:           90872 kB
MemAvailable:       3540 kB
Buffers:            2736 kB
Cached:            37876 kB
SwapCached:        28696 kB
Active:          3124900 kB
Inactive:         648076 kB
Active(anon):    3114384 kB
Inactive(anon):   622860 kB
Active(file):      10516 kB
Inactive(file):    25216 kB
Unevictable:          40 kB
Mlocked:              40 kB
SwapTotal:       2095100 kB
SwapFree:              0 kB
Dirty:               120 kB
Writeback:             0 kB
AnonPages:       3704564 kB
Mapped:            31280 kB
Shmem:              4348 kB
Slab:              53708 kB
SReclaimable:      26244 kB
SUnreclaim:        27464 kB
KernelStack:       11280 kB
PageTables:        37164 kB
NFS_Unstable:          0 kB
Bounce:                0 kB
WritebackTmp:          0 kB
CommitLimit:     4092496 kB
Committed_AS:    9909532 kB
VmallocTotal:   34359738367 kB
VmallocUsed:           0 kB
VmallocChunk:          0 kB
HardwareCorrupted:     0 kB
AnonHugePages:   1269760 kB
ShmemHugePages:        0 kB
ShmemPmdMapped:        0 kB
CmaTotal:              0 kB
CmaFree:               0 kB
HugePages_Total:       0
HugePages_Free:        0
HugePages_Rsvd:        0
HugePages_Surp:        0
Hugepagesize:       2048 kB
DirectMap4k:       92096 kB
DirectMap2M:     4052992 kB


CPU:total 4 (initial active 4) (4 cores per cpu, 1 threads per core) family 6 model 60 stepping 3, cmov, cx8, fxsr, mmx, sse, sse2, sse3, ssse3, sse4.1, sse4.2, popcnt, avx, aes, clmul, lzcnt, tsc, tscinvbit

/proc/cpuinfo:
processor	: 0
vendor_id	: GenuineIntel
cpu family	: 6
model		: 60
model name	: Intel(R) Core(TM) i5-4440 CPU @ 3.10GHz
stepping	: 3
cpu MHz		: 3092.838
cache size	: 6144 KB
physical id	: 0
siblings	: 4
core id		: 0
cpu cores	: 4
apicid		: 0
initial apicid	: 0
fpu		: yes
fpu_exception	: yes
cpuid level	: 13
wp		: yes
flags		: fpu vme de pse tsc msr pae mce cx8 apic sep mtrr pge mca cmov pat pse36 clflush mmx fxsr sse sse2 ht syscall nx rdtscp lm constant_tsc rep_good nopl xtopology nonstop_tsc pni pclmulqdq ssse3 cx16 sse4_1 sse4_2 x2apic movbe popcnt aes xsave avx rdrand hypervisor lahf_lm abm
bugs		:
bogomips	: 6185.67
clflush size	: 64
cache_alignment	: 64
address sizes	: 39 bits physical, 48 bits virtual
power management:

processor	: 1
vendor_id	: GenuineIntel
cpu family	: 6
model		: 60
model name	: Intel(R) Core(TM) i5-4440 CPU @ 3.10GHz
stepping	: 3
cpu MHz		: 3092.838
cache size	: 6144 KB
physical id	: 0
siblings	: 4
core id		: 1
cpu cores	: 4
apicid		: 1
initial apicid	: 1
fpu		: yes
fpu_exception	: yes
cpuid level	: 13
wp		: yes
flags		: fpu vme de pse tsc msr pae mce cx8 apic sep mtrr pge mca cmov pat pse36 clflush mmx fxsr sse sse2 ht syscall nx rdtscp lm constant_tsc rep_good nopl xtopology nonstop_tsc pni pclmulqdq ssse3 cx16 sse4_1 sse4_2 x2apic movbe popcnt aes xsave avx rdrand hypervisor lahf_lm abm
bugs		:
bogomips	: 6185.67
clflush size	: 64
cache_alignment	: 64
address sizes	: 39 bits physical, 48 bits virtual
power management:

processor	: 2
vendor_id	: GenuineIntel
cpu family	: 6
model		: 60
model name	: Intel(R) Core(TM) i5-4440 CPU @ 3.10GHz
stepping	: 3
cpu MHz		: 3092.838
cache size	: 6144 KB
physical id	: 0
siblings	: 4
core id		: 2
cpu cores	: 4
apicid		: 2
initial apicid	: 2
fpu		: yes
fpu_exception	: yes
cpuid level	: 13
wp		: yes
flags		: fpu vme de pse tsc msr pae mce cx8 apic sep mtrr pge mca cmov pat pse36 clflush mmx fxsr sse sse2 ht syscall nx rdtscp lm constant_tsc rep_good nopl xtopology nonstop_tsc pni pclmulqdq ssse3 cx16 sse4_1 sse4_2 x2apic movbe popcnt aes xsave avx rdrand hypervisor lahf_lm abm
bugs		:
bogomips	: 6185.67
clflush size	: 64
cache_alignment	: 64
address sizes	: 39 bits physical, 48 bits virtual
power management:

processor	: 3
vendor_id	: GenuineIntel
cpu family	: 6
model		: 60
model name	: Intel(R) Core(TM) i5-4440 CPU @ 3.10GHz
stepping	: 3
cpu MHz		: 3092.838
cache size	: 6144 KB
physical id	: 0
siblings	: 4
core id		: 3
cpu cores	: 4
apicid		: 3
initial apicid	: 3
fpu		: yes
fpu_exception	: yes
cpuid level	: 13
wp		: yes
flags		: fpu vme de pse tsc msr pae mce cx8 apic sep mtrr pge mca cmov pat pse36 clflush mmx fxsr sse sse2 ht syscall nx rdtscp lm constant_tsc rep_good nopl xtopology nonstop_tsc pni pclmulqdq ssse3 cx16 sse4_1 sse4_2 x2apic movbe popcnt aes xsave avx rdrand hypervisor lahf_lm abm
bugs		:
bogomips	: 6185.67
clflush size	: 64
cache_alignment	: 64
address sizes	: 39 bits physical, 48 bits virtual
power management:



Memory: 4k page, physical 3994796k(90872k free), swap 2095100k(0k free)

vm_info: OpenJDK 64-Bit Server VM (25.131-b11) for linux-amd64 JRE (1.8.0_131-8u131-b11-2ubuntu1.16.04.3-b11), built on Jul 28 2017 01:23:32 by "buildd" with gcc 5.4.0 20160609

time: Fri Sep 15 03:12:23 2017
elapsed time: 2 seconds (0d 0h 0m 2s)

