#
# There is insufficient memory for the Java Runtime Environment to continue.
# Native memory allocation (mmap) failed to map 123731968 bytes for committing reserved memory.
# Possible reasons:
#   The system is out of physical RAM or swap space
#   In 32 bit mode, the process size limit was hit
# Possible solutions:
#   Reduce memory load on the system
#   Increase physical memory or swap space
#   Check if swap backing store is full
#   Use 64 bit Java on a 64 bit OS
#   Decrease Java heap size (-Xmx/-Xms)
#   Decrease number of Java threads
#   Decrease Java thread stack sizes (-Xss)
#   Set larger code cache with -XX:ReservedCodeCacheSize=
# This output file may be truncated or incomplete.
#
#  Out of Memory Error (os_linux.cpp:2643), pid=16290, tid=0x00007f98ee156700
#
# JRE version: OpenJDK Runtime Environment (8.0_131-b11) (build 1.8.0_131-8u131-b11-2ubuntu1.16.04.3-b11)
# Java VM: OpenJDK 64-Bit Server VM (25.131-b11 mixed mode linux-amd64 compressed oops)
# Failed to write core dump. Core dumps have been disabled. To enable core dumping, try "ulimit -c unlimited" before starting Java again
#

---------------  T H R E A D  ---------------

Current thread (0x00007f9900075800):  VMThread [stack: 0x00007f98ee056000,0x00007f98ee157000] [id=16298]

Stack: [0x00007f98ee056000,0x00007f98ee157000],  sp=0x00007f98ee1554c0,  free space=1021k
Native frames: (J=compiled Java code, j=interpreted, Vv=VM code, C=native code)
V  [libjvm.so+0xa6a1bb]
V  [libjvm.so+0x4c5a6c]
V  [libjvm.so+0x8b85a0]
V  [libjvm.so+0x8b2a1e]
V  [libjvm.so+0x92d556]
V  [libjvm.so+0x92e883]
V  [libjvm.so+0x92af33]
V  [libjvm.so+0x92b1fc]
V  [libjvm.so+0x8dd093]
V  [libjvm.so+0xa6be72]
V  [libjvm.so+0xa70f57]
V  [libjvm.so+0xa6e727]
V  [libjvm.so+0xa6fbaf]
V  [libjvm.so+0xa700a1]
V  [libjvm.so+0x8b5a82]

VM_Operation (0x00007f990850c350): ParallelGCFailedAllocation, mode: safepoint, requested by thread 0x00007f990000c800


---------------  P R O C E S S  ---------------

Java Threads: ( => current thread )
  0x00007f99002ba800 JavaThread "Service Thread" daemon [_thread_blocked, id=16305, stack(0x00007f98ed34b000,0x00007f98ed44c000)]
  0x00007f99002af000 JavaThread "C1 CompilerThread1" daemon [_thread_blocked, id=16304, stack(0x00007f98ed44c000,0x00007f98ed54d000)]
  0x00007f99002ad800 JavaThread "C2 CompilerThread0" daemon [_thread_blocked, id=16303, stack(0x00007f98ed54d000,0x00007f98ed64e000)]
  0x00007f99002ab000 JavaThread "Signal Dispatcher" daemon [_thread_blocked, id=16302, stack(0x00007f98ed64e000,0x00007f98ed74f000)]
  0x00007f9900082000 JavaThread "Finalizer" daemon [_thread_blocked, id=16300, stack(0x00007f98ede54000,0x00007f98edf55000)]
  0x00007f990007d800 JavaThread "Reference Handler" daemon [_thread_blocked, id=16299, stack(0x00007f98edf55000,0x00007f98ee056000)]
  0x00007f990000c800 JavaThread "main" [_thread_blocked, id=16295, stack(0x00007f9908410000,0x00007f9908511000)]

Other Threads:
=>0x00007f9900075800 VMThread [stack: 0x00007f98ee056000,0x00007f98ee157000] [id=16298]
  0x00007f99002bd000 WatcherThread [stack: 0x00007f98ed24a000,0x00007f98ed34b000] [id=16306]

VM state:at safepoint (normal execution)

VM Mutex/Monitor currently owned by a thread:  ([mutex/lock_event])
[0x00007f9900008a50] Threads_lock - owner thread: 0x00007f9900075800
[0x00007f9900008f50] Heap_lock - owner thread: 0x00007f990000c800

Heap:
 PSYoungGen      total 207360K, used 4588K [0x00000000ebb00000, 0x00000000f8a00000, 0x0000000100000000)
  eden space 202752K, 0% used [0x00000000ebb00000,0x00000000ebb00000,0x00000000f8100000)
  from space 4608K, 99% used [0x00000000f8100000,0x00000000f857b1d8,0x00000000f8580000)
  to   space 4608K, 0% used [0x00000000f8580000,0x00000000f8580000,0x00000000f8a00000)
 ParOldGen       total 42496K, used 15255K [0x00000000c3000000, 0x00000000c5980000, 0x00000000ebb00000)
  object space 42496K, 35% used [0x00000000c3000000,0x00000000c3ee5eb8,0x00000000c5980000)
 Metaspace       used 17815K, capacity 18080K, committed 18304K, reserved 1064960K
  class space    used 2325K, capacity 2424K, committed 2432K, reserved 1048576K

Card table byte_map: [0x00007f99048df000,0x00007f9904ac8000] byte_map_base: 0x00007f99042c7000

Marking Bits: (ParMarkBitMap*) 0x00007f99076dd2c0
 Begin Bits: [0x00007f98ef180000, 0x00007f98f00c0000)
 End Bits:   [0x00007f98f00c0000, 0x00007f98f1000000)

Polling page: 0x00007f9908530000

CodeCache: size=245760Kb used=5540Kb max_used=5540Kb free=240219Kb
 bounds [0x00007f98f1000000, 0x00007f98f1570000, 0x00007f9900000000]
 total_blobs=2128 nmethods=1760 adapters=282
 compilation: enabled

Compilation events (10 events):
Event: 3,948 Thread 0x00007f99002af000 1766       2       java.util.regex.Pattern$Branch::match (66 bytes)
Event: 3,949 Thread 0x00007f99002af000 nmethod 1766 0x00007f98f156ab50 code [0x00007f98f156ace0, 0x00007f98f156afb8]
Event: 3,950 Thread 0x00007f99002af000 1767       1       java.util.Formatter::access$000 (5 bytes)
Event: 3,950 Thread 0x00007f99002af000 nmethod 1767 0x00007f98f156b190 code [0x00007f98f156b2e0, 0x00007f98f156b3d0]
Event: 3,975 Thread 0x00007f99002af000 1768       2       java.util.regex.Pattern$BitClass::isSatisfiedBy (22 bytes)
Event: 3,975 Thread 0x00007f99002af000 nmethod 1768 0x00007f98f156b450 code [0x00007f98f156b5c0, 0x00007f98f156b750]
Event: 3,975 Thread 0x00007f99002af000 1769       2       java.util.regex.Matcher::start (22 bytes)
Event: 3,976 Thread 0x00007f99002af000 nmethod 1769 0x00007f98f156b850 code [0x00007f98f156b9c0, 0x00007f98f156bbc8]
Event: 3,994 Thread 0x00007f99002af000 1770       1       java.util.Formatter$FixedString::index (3 bytes)
Event: 3,994 Thread 0x00007f99002af000 nmethod 1770 0x00007f98f156bcd0 code [0x00007f98f156be20, 0x00007f98f156bf30]

GC Heap History (10 events):
Event: 1,914 GC heap after
Heap after GC invocations=6 (full 0):
 PSYoungGen      total 67584K, used 1632K [0x00000000ebb00000, 0x00000000f0100000, 0x0000000100000000)
  eden space 63488K, 0% used [0x00000000ebb00000,0x00000000ebb00000,0x00000000ef900000)
  from space 4096K, 39% used [0x00000000efd00000,0x00000000efe98040,0x00000000f0100000)
  to   space 4096K, 0% used [0x00000000ef900000,0x00000000ef900000,0x00000000efd00000)
 ParOldGen       total 42496K, used 1368K [0x00000000c3000000, 0x00000000c5980000, 0x00000000ebb00000)
  object space 42496K, 3% used [0x00000000c3000000,0x00000000c31561e8,0x00000000c5980000)
 Metaspace       used 9863K, capacity 10038K, committed 10240K, reserved 1058816K
  class space    used 1376K, capacity 1471K, committed 1536K, reserved 1048576K
}
Event: 1,935 GC heap before
{Heap before GC invocations=7 (full 0):
 PSYoungGen      total 67584K, used 65120K [0x00000000ebb00000, 0x00000000f0100000, 0x0000000100000000)
  eden space 63488K, 100% used [0x00000000ebb00000,0x00000000ef900000,0x00000000ef900000)
  from space 4096K, 39% used [0x00000000efd00000,0x00000000efe98040,0x00000000f0100000)
  to   space 4096K, 0% used [0x00000000ef900000,0x00000000ef900000,0x00000000efd00000)
 ParOldGen       total 42496K, used 1368K [0x00000000c3000000, 0x00000000c5980000, 0x00000000ebb00000)
  object space 42496K, 3% used [0x00000000c3000000,0x00000000c31561e8,0x00000000c5980000)
 Metaspace       used 9863K, capacity 10038K, committed 10240K, reserved 1058816K
  class space    used 1376K, capacity 1471K, committed 1536K, reserved 1048576K
Event: 1,938 GC heap after
Heap after GC invocations=7 (full 0):
 PSYoungGen      total 67584K, used 32K [0x00000000ebb00000, 0x00000000f3f00000, 0x0000000100000000)
  eden space 63488K, 0% used [0x00000000ebb00000,0x00000000ebb00000,0x00000000ef900000)
  from space 4096K, 0% used [0x00000000ef900000,0x00000000ef908000,0x00000000efd00000)
  to   space 4096K, 0% used [0x00000000f3b00000,0x00000000f3b00000,0x00000000f3f00000)
 ParOldGen       total 42496K, used 2950K [0x00000000c3000000, 0x00000000c5980000, 0x00000000ebb00000)
  object space 42496K, 6% used [0x00000000c3000000,0x00000000c32e1810,0x00000000c5980000)
 Metaspace       used 9863K, capacity 10038K, committed 10240K, reserved 1058816K
  class space    used 1376K, capacity 1471K, committed 1536K, reserved 1048576K
}
Event: 1,948 GC heap before
{Heap before GC invocations=8 (full 0):
 PSYoungGen      total 67584K, used 63520K [0x00000000ebb00000, 0x00000000f3f00000, 0x0000000100000000)
  eden space 63488K, 100% used [0x00000000ebb00000,0x00000000ef900000,0x00000000ef900000)
  from space 4096K, 0% used [0x00000000ef900000,0x00000000ef908000,0x00000000efd00000)
  to   space 4096K, 0% used [0x00000000f3b00000,0x00000000f3b00000,0x00000000f3f00000)
 ParOldGen       total 42496K, used 2950K [0x00000000c3000000, 0x00000000c5980000, 0x00000000ebb00000)
  object space 42496K, 6% used [0x00000000c3000000,0x00000000c32e1810,0x00000000c5980000)
 Metaspace       used 9863K, capacity 10038K, committed 10240K, reserved 1058816K
  class space    used 1376K, capacity 1471K, committed 1536K, reserved 1048576K
Event: 1,949 GC heap after
Heap after GC invocations=8 (full 0):
 PSYoungGen      total 130560K, used 52K [0x00000000ebb00000, 0x00000000f4000000, 0x0000000100000000)
  eden space 126464K, 0% used [0x00000000ebb00000,0x00000000ebb00000,0x00000000f3680000)
  from space 4096K, 1% used [0x00000000f3b00000,0x00000000f3b0d2f0,0x00000000f3f00000)
  to   space 4608K, 0% used [0x00000000f3680000,0x00000000f3680000,0x00000000f3b00000)
 ParOldGen       total 42496K, used 2950K [0x00000000c3000000, 0x00000000c5980000, 0x00000000ebb00000)
  object space 42496K, 6% used [0x00000000c3000000,0x00000000c32e1810,0x00000000c5980000)
 Metaspace       used 9863K, capacity 10038K, committed 10240K, reserved 1058816K
  class space    used 1376K, capacity 1471K, committed 1536K, reserved 1048576K
}
Event: 1,985 GC heap before
{Heap before GC invocations=9 (full 0):
 PSYoungGen      total 130560K, used 126516K [0x00000000ebb00000, 0x00000000f4000000, 0x0000000100000000)
  eden space 126464K, 100% used [0x00000000ebb00000,0x00000000f3680000,0x00000000f3680000)
  from space 4096K, 1% used [0x00000000f3b00000,0x00000000f3b0d2f0,0x00000000f3f00000)
  to   space 4608K, 0% used [0x00000000f3680000,0x00000000f3680000,0x00000000f3b00000)
 ParOldGen       total 42496K, used 2950K [0x00000000c3000000, 0x00000000c5980000, 0x00000000ebb00000)
  object space 42496K, 6% used [0x00000000c3000000,0x00000000c32e1810,0x00000000c5980000)
 Metaspace       used 9863K, capacity 10038K, committed 10240K, reserved 1058816K
  class space    used 1376K, capacity 1471K, committed 1536K, reserved 1048576K
Event: 1,986 GC heap after
Heap after GC invocations=9 (full 0):
 PSYoungGen      total 131072K, used 57K [0x00000000ebb00000, 0x00000000f8a00000, 0x0000000100000000)
  eden space 126464K, 0% used [0x00000000ebb00000,0x00000000ebb00000,0x00000000f3680000)
  from space 4608K, 1% used [0x00000000f3680000,0x00000000f368e7f8,0x00000000f3b00000)
  to   space 4608K, 0% used [0x00000000f8580000,0x00000000f8580000,0x00000000f8a00000)
 ParOldGen       total 42496K, used 2950K [0x00000000c3000000, 0x00000000c5980000, 0x00000000ebb00000)
  object space 42496K, 6% used [0x00000000c3000000,0x00000000c32e1810,0x00000000c5980000)
 Metaspace       used 9863K, capacity 10038K, committed 10240K, reserved 1058816K
  class space    used 1376K, capacity 1471K, committed 1536K, reserved 1048576K
}
Event: 2,005 GC heap before
{Heap before GC invocations=10 (full 0):
 PSYoungGen      total 131072K, used 126521K [0x00000000ebb00000, 0x00000000f8a00000, 0x0000000100000000)
  eden space 126464K, 100% used [0x00000000ebb00000,0x00000000f3680000,0x00000000f3680000)
  from space 4608K, 1% used [0x00000000f3680000,0x00000000f368e7f8,0x00000000f3b00000)
  to   space 4608K, 0% used [0x00000000f8580000,0x00000000f8580000,0x00000000f8a00000)
 ParOldGen       total 42496K, used 2950K [0x00000000c3000000, 0x00000000c5980000, 0x00000000ebb00000)
  object space 42496K, 6% used [0x00000000c3000000,0x00000000c32e1810,0x00000000c5980000)
 Metaspace       used 9863K, capacity 10038K, committed 10240K, reserved 1058816K
  class space    used 1376K, capacity 1471K, committed 1536K, reserved 1048576K
Event: 2,006 GC heap after
Heap after GC invocations=10 (full 0):
 PSYoungGen      total 207360K, used 32K [0x00000000ebb00000, 0x00000000f8a00000, 0x0000000100000000)
  eden space 202752K, 0% used [0x00000000ebb00000,0x00000000ebb00000,0x00000000f8100000)
  from space 4608K, 0% used [0x00000000f8580000,0x00000000f8588000,0x00000000f8a00000)
  to   space 4608K, 0% used [0x00000000f8100000,0x00000000f8100000,0x00000000f8580000)
 ParOldGen       total 42496K, used 2958K [0x00000000c3000000, 0x00000000c5980000, 0x00000000ebb00000)
  object space 42496K, 6% used [0x00000000c3000000,0x00000000c32e3810,0x00000000c5980000)
 Metaspace       used 9863K, capacity 10038K, committed 10240K, reserved 1058816K
  class space    used 1376K, capacity 1471K, committed 1536K, reserved 1048576K
}
Event: 3,995 GC heap before
{Heap before GC invocations=11 (full 0):
 PSYoungGen      total 207360K, used 202784K [0x00000000ebb00000, 0x00000000f8a00000, 0x0000000100000000)
  eden space 202752K, 100% used [0x00000000ebb00000,0x00000000f8100000,0x00000000f8100000)
  from space 4608K, 0% used [0x00000000f8580000,0x00000000f8588000,0x00000000f8a00000)
  to   space 4608K, 0% used [0x00000000f8100000,0x00000000f8100000,0x00000000f8580000)
 ParOldGen       total 42496K, used 2958K [0x00000000c3000000, 0x00000000c5980000, 0x00000000ebb00000)
  object space 42496K, 6% used [0x00000000c3000000,0x00000000c32e3810,0x00000000c5980000)
 Metaspace       used 17815K, capacity 18080K, committed 18304K, reserved 1064960K
  class space    used 2325K, capacity 2424K, committed 2432K, reserved 1048576K

Deoptimization events (10 events):
Event: 3,348 Thread 0x00007f990000c800 Uncommon trap: reason=class_check action=maybe_recompile pc=0x00007f98f13dd588 method=java.util.regex.Pattern$CharProperty.match(Ljava/util/regex/Matcher;ILjava/lang/CharSequence;)Z @ 18
Event: 3,348 Thread 0x00007f990000c800 Uncommon trap: reason=class_check action=maybe_recompile pc=0x00007f98f13dd588 method=java.util.regex.Pattern$CharProperty.match(Ljava/util/regex/Matcher;ILjava/lang/CharSequence;)Z @ 18
Event: 3,348 Thread 0x00007f990000c800 Uncommon trap: reason=class_check action=maybe_recompile pc=0x00007f98f13dd588 method=java.util.regex.Pattern$CharProperty.match(Ljava/util/regex/Matcher;ILjava/lang/CharSequence;)Z @ 18
Event: 3,348 Thread 0x00007f990000c800 Uncommon trap: reason=unstable_if action=reinterpret pc=0x00007f98f1399ff8 method=java.util.regex.Matcher.reset()Ljava/util/regex/Matcher; @ 47
Event: 3,348 Thread 0x00007f990000c800 Uncommon trap: reason=class_check action=maybe_recompile pc=0x00007f98f1492930 method=java.util.regex.Pattern$Curly.match0(Ljava/util/regex/Matcher;IILjava/lang/CharSequence;)Z @ 31
Event: 3,379 Thread 0x00007f990000c800 Uncommon trap: reason=unstable_if action=reinterpret pc=0x00007f98f121e4dc method=sun.net.www.ParseUtil.encodePath(Ljava/lang/String;Z)Ljava/lang/String; @ 109
Event: 3,431 Thread 0x00007f990000c800 Uncommon trap: reason=class_check action=maybe_recompile pc=0x00007f98f1492930 method=java.util.regex.Pattern$Curly.match0(Ljava/util/regex/Matcher;IILjava/lang/CharSequence;)Z @ 31
Event: 3,434 Thread 0x00007f990000c800 Uncommon trap: reason=class_check action=maybe_recompile pc=0x00007f98f1492930 method=java.util.regex.Pattern$Curly.match0(Ljava/util/regex/Matcher;IILjava/lang/CharSequence;)Z @ 31
Event: 3,507 Thread 0x00007f990000c800 Uncommon trap: reason=unstable_if action=reinterpret pc=0x00007f98f1522fd8 method=java.net.URL.<init>(Ljava/net/URL;Ljava/lang/String;Ljava/net/URLStreamHandler;)V @ 347
Event: 3,509 Thread 0x00007f990000c800 Uncommon trap: reason=unstable_if action=reinterpret pc=0x00007f98f125cca8 method=java.lang.AbstractStringBuilder.append(Ljava/lang/String;)Ljava/lang/AbstractStringBuilder; @ 1

Internal exceptions (10 events):
Event: 1,810 Thread 0x00007f990000c800 Exception <a 'java/lang/ClassNotFoundException': org/apache/log4j/LayoutCustomizer> (0x00000000ec871118) thrown at [/build/openjdk-8-pZyJp3/openjdk-8-8u131-b11/src/hotspot/src/share/vm/classfile/systemDictionary.cpp, line 210]
Event: 1,812 Thread 0x00007f990000c800 Exception <a 'java/lang/ClassNotFoundException': org/apache/log4j/PatternLayoutCustomizer> (0x00000000ec88f050) thrown at [/build/openjdk-8-pZyJp3/openjdk-8-8u131-b11/src/hotspot/src/share/vm/classfile/systemDictionary.cpp, line 210]
Event: 1,817 Thread 0x00007f990000c800 Implicit null exception at 0x00007f98f11c8736 to 0x00007f98f11c8ae5
Event: 2,043 Thread 0x00007f990000c800 Exception <a 'java/lang/ArrayIndexOutOfBoundsException'> (0x00000000ef215910) thrown at [/build/openjdk-8-pZyJp3/openjdk-8-8u131-b11/src/hotspot/src/share/vm/runtime/sharedRuntime.cpp, line 605]
Event: 2,043 Thread 0x00007f990000c800 Exception <a 'java/lang/ArrayIndexOutOfBoundsException'> (0x00000000ef216558) thrown at [/build/openjdk-8-pZyJp3/openjdk-8-8u131-b11/src/hotspot/src/share/vm/runtime/sharedRuntime.cpp, line 605]
Event: 2,134 Thread 0x00007f990000c800 Exception <a 'java/lang/ArrayIndexOutOfBoundsException'> (0x00000000efac4880) thrown at [/build/openjdk-8-pZyJp3/openjdk-8-8u131-b11/src/hotspot/src/share/vm/runtime/sharedRuntime.cpp, line 605]
Event: 2,666 Thread 0x00007f990000c800 Implicit null exception at 0x00007f98f143f53b to 0x00007f98f143ff91
Event: 2,804 Thread 0x00007f990000c800 Exception <a 'java/lang/ArrayIndexOutOfBoundsException'> (0x00000000f41bcc18) thrown at [/build/openjdk-8-pZyJp3/openjdk-8-8u131-b11/src/hotspot/src/share/vm/runtime/sharedRuntime.cpp, line 605]
Event: 2,814 Thread 0x00007f990000c800 Exception <a 'java/lang/ArrayIndexOutOfBoundsException'> (0x00000000f4224e38) thrown at [/build/openjdk-8-pZyJp3/openjdk-8-8u131-b11/src/hotspot/src/share/vm/runtime/sharedRuntime.cpp, line 605]
Event: 3,509 Thread 0x00007f990000c800 Implicit null exception at 0x00007f98f125c8f5 to 0x00007f98f125cc95

Events (10 events):
Event: 3,786 loading class org/hibernate/internal/CoreMessageLogger_$logger_es done
Event: 3,792 Thread 0x00007f990000c800 DEOPT PACKING pc=0x00007f98f147b000 sp=0x00007f990850c5f0
Event: 3,792 Thread 0x00007f990000c800 DEOPT UNPACKING pc=0x00007f98f1047373 sp=0x00007f990850c3a0 mode 0
Event: 3,887 loading class org/hibernate/internal/CoreMessageLogger_$logger_es_AR
Event: 3,887 loading class org/hibernate/internal/CoreMessageLogger_$logger_es_AR done
Event: 3,887 loading class org/hibernate/internal/CoreMessageLogger_$logger_es
Event: 3,887 loading class org/hibernate/internal/CoreMessageLogger_$logger_es done
Event: 3,957 Thread 0x00007f990000c800 DEOPT PACKING pc=0x00007f98f147b000 sp=0x00007f990850d090
Event: 3,957 Thread 0x00007f990000c800 DEOPT UNPACKING pc=0x00007f98f1047373 sp=0x00007f990850ce40 mode 0
Event: 3,995 Executing VM operation: ParallelGCFailedAllocation


Dynamic libraries:
00400000-00401000 r-xp 00000000 08:01 170472                             /usr/lib/jvm/java-8-openjdk-amd64/jre/bin/java
00600000-00601000 r--p 00000000 08:01 170472                             /usr/lib/jvm/java-8-openjdk-amd64/jre/bin/java
00601000-00602000 rw-p 00001000 08:01 170472                             /usr/lib/jvm/java-8-openjdk-amd64/jre/bin/java
01316000-01337000 rw-p 00000000 00:00 0                                  [heap]
c3000000-c5980000 rw-p 00000000 00:00 0 
c5980000-ebb00000 ---p 00000000 00:00 0 
ebb00000-f8a00000 rw-p 00000000 00:00 0 
100000000-100260000 rw-p 00000000 00:00 0 
100260000-140000000 ---p 00000000 00:00 0 
7f98c0000000-7f98c0021000 rw-p 00000000 00:00 0 
7f98c0021000-7f98c4000000 ---p 00000000 00:00 0 
7f98c8000000-7f98c860b000 rw-p 00000000 00:00 0 
7f98c860b000-7f98cc000000 ---p 00000000 00:00 0 
7f98cc000000-7f98cc021000 rw-p 00000000 00:00 0 
7f98cc021000-7f98d0000000 ---p 00000000 00:00 0 
7f98d0000000-7f98d0021000 rw-p 00000000 00:00 0 
7f98d0021000-7f98d4000000 ---p 00000000 00:00 0 
7f98d4000000-7f98d4d5a000 rw-p 00000000 00:00 0 
7f98d4d5a000-7f98d8000000 ---p 00000000 00:00 0 
7f98d8000000-7f98d8021000 rw-p 00000000 00:00 0 
7f98d8021000-7f98dc000000 ---p 00000000 00:00 0 
7f98dc000000-7f98dc021000 rw-p 00000000 00:00 0 
7f98dc021000-7f98e0000000 ---p 00000000 00:00 0 
7f98e0000000-7f98e0021000 rw-p 00000000 00:00 0 
7f98e0021000-7f98e4000000 ---p 00000000 00:00 0 
7f98e4000000-7f98e4021000 rw-p 00000000 00:00 0 
7f98e4021000-7f98e8000000 ---p 00000000 00:00 0 
7f98e8000000-7f98e8021000 rw-p 00000000 00:00 0 
7f98e8021000-7f98ec000000 ---p 00000000 00:00 0 
7f98ec85e000-7f98ec865000 r--s 00000000 08:01 278058                     /usr/lib/x86_64-linux-gnu/gconv/gconv-modules.cache
7f98ec865000-7f98ec88a000 r--p 00000000 08:01 414184                     /usr/share/locale-langpack/es/LC_MESSAGES/libc.mo
7f98ec88a000-7f98eca0a000 rw-p 00000000 00:00 0 
7f98eca0a000-7f98eca8a000 ---p 00000000 00:00 0 
7f98eca8a000-7f98ecc8a000 rw-p 00000000 00:00 0 
7f98ecc8a000-7f98ecc9d000 r--s 00346000 08:01 170437                     /usr/lib/jvm/java-8-openjdk-amd64/jre/lib/resources.jar
7f98ecc9d000-7f98ece9d000 rw-p 00000000 00:00 0 
7f98ece9d000-7f98ed09d000 rw-p 00000000 00:00 0 
7f98ed09d000-7f98ed0aa000 r--s 00148000 08:01 965660                     /home/dds/.m2/repository/org/hsqldb/hsqldb/2.2.8/hsqldb-2.2.8.jar
7f98ed0aa000-7f98ed0b1000 r--s 000ca000 08:01 965659                     /home/dds/.m2/repository/mysql/mysql-connector-java/5.1.26/mysql-connector-java-5.1.26.jar
7f98ed0b1000-7f98ed0b3000 r--s 00011000 08:01 965655                     /home/dds/.m2/repository/org/jboss/jandex/1.1.0.Final/jandex-1.1.0.Final.jar
7f98ed0b3000-7f98ed0b8000 r--s 00068000 08:01 857389                     /home/dds/.m2/repository/antlr/antlr/2.7.7/antlr-2.7.7.jar
7f98ed0b8000-7f98ed0bd000 r--s 00017000 08:01 965652                     /home/dds/.m2/repository/org/hibernate/javax/persistence/hibernate-jpa-2.1-api/1.0.0.Final/hibernate-jpa-2.1-api-1.0.0.Final.jar
7f98ed0bd000-7f98ed0c0000 r--s 00010000 08:01 965647                     /home/dds/.m2/repository/org/hibernate/common/hibernate-commons-annotations/4.0.5.Final/hibernate-commons-annotations-4.0.5.Final.jar
7f98ed0c0000-7f98ed0c1000 r--s 00006000 08:01 965650                     /home/dds/.m2/repository/org/jboss/spec/javax/transaction/jboss-transaction-api_1.2_spec/1.0.0.Final/jboss-transaction-api_1.2_spec-1.0.0.Final.jar
7f98ed0c1000-7f98ed11f000 r--s 004a5000 08:01 965653                     /home/dds/.m2/repository/org/hibernate/hibernate-core/4.3.6.Final/hibernate-core-4.3.6.Final.jar
7f98ed11f000-7f98ed121000 r--s 0000c000 08:01 965642                     /home/dds/.m2/repository/org/jboss/logging/jboss-logging/3.1.3.GA/jboss-logging-3.1.3.GA.jar
7f98ed121000-7f98ed12f000 r--s 00090000 08:01 965638                     /home/dds/.m2/repository/org/hibernate/hibernate-entitymanager/4.3.6.Final/hibernate-entitymanager-4.3.6.Final.jar
7f98ed12f000-7f98ed131000 r--s 00002000 08:01 965634                     /home/dds/.m2/repository/org/uqbar-project/jpa-java8-extras/1.0-alpha-1/jpa-java8-extras-1.0-alpha-1.jar
7f98ed131000-7f98ed139000 r--s 00071000 08:01 843118                     /home/dds/.m2/repository/org/apache/commons/commons-lang3/3.6/commons-lang3-3.6.jar
7f98ed139000-7f98ed13f000 r--s 00093000 08:01 840727                     /home/dds/.m2/repository/net/java/dev/javacc/javacc/7.0.2/javacc-7.0.2.jar
7f98ed13f000-7f98ed152000 r--s 00211000 08:01 938036                     /home/dds/.m2/repository/org/eclipse/swt/gtk/org.eclipse.swt.gtk.linux.x86_64/3.5.2.v3557f/org.eclipse.swt.gtk.linux.x86_64-3.5.2.v3557f.jar
7f98ed152000-7f98ed196000 r--s 0037c000 08:01 938034                     /home/dds/.m2/repository/org/eclipse/ui/org.eclipse.ui.workbench/3.4.2.M20090127-1700/org.eclipse.ui.workbench-3.4.2.M20090127-1700.jar
7f98ed196000-7f98ed1a5000 r--s 000e5000 08:01 938030                     /home/dds/.m2/repository/org/eclipse/org.eclipse.osgi/3.4.3.R34x_v20081215-1030/org.eclipse.osgi-3.4.3.R34x_v20081215-1030.jar
7f98ed1a5000-7f98ed1a8000 r--s 00017000 08:01 793468                     /home/dds/.m2/repository/org/eclipse/core/org.eclipse.core.commands/3.4.0.I20080509-2000/org.eclipse.core.commands-3.4.0.I20080509-2000.jar
7f98ed1a8000-7f98ed1f6000 r--s 0087c000 08:01 793466                     /home/dds/.m2/repository/com/ibm/icu/icu4j/50.1.1/icu4j-50.1.1.jar
7f98ed1f6000-7f98ed217000 r--s 00162000 08:01 939737                     /home/dds/.m2/repository/org/mockito/mockito-all/1.9.5/mockito-all-1.9.5.jar
7f98ed217000-7f98ed219000 r--s 00008000 08:01 939735                     /home/dds/.m2/repository/org/uqbar-project/arena-poo/3.6.1/arena-poo-3.6.1.jar
7f98ed219000-7f98ed22d000 r--s 000eb000 08:01 938028                     /home/dds/.m2/repository/org/eclipse/org.eclipse.jface/3.4.2.M20090107-0800/org.eclipse.jface-3.4.2.M20090107-0800.jar
7f98ed22d000-7f98ed232000 r--s 0002b000 08:01 938023                     /home/dds/.m2/repository/org/eclipse/jface/org.eclipse.jface.databinding/1.2.1.M20080827-0800a/org.eclipse.jface.databinding-1.2.1.M20080827-0800a.jar
7f98ed232000-7f98ed235000 r--s 00015000 08:01 938021                     /home/dds/.m2/repository/org/eclipse/equinox/org.eclipse.equinox.common/3.4.0.v20080421-2006/org.eclipse.equinox.common-3.4.0.v20080421-2006.jar
7f98ed235000-7f98ed23e000 r--s 0004c000 08:01 938019                     /home/dds/.m2/repository/org/eclipse/core/org.eclipse.core.databinding/1.1.1.M20080827-0800b/org.eclipse.core.databinding-1.1.1.M20080827-0800b.jar
7f98ed23e000-7f98ed240000 r--s 0000d000 08:01 938017                     /home/dds/.m2/repository/org/eclipse/core/databinding/org.eclipse.core.databinding.beans/1.1.1.M20080827-0800a/org.eclipse.core.databinding.beans-1.1.1.M20080827-0800a.jar
7f98ed240000-7f98ed24a000 r--s 00095000 08:01 814437                     /home/dds/.m2/repository/org/scala-lang/modules/scala-xml_2.11/1.0.2/scala-xml_2.11-1.0.2.jar
7f98ed24a000-7f98ed24b000 ---p 00000000 00:00 0 
7f98ed24b000-7f98ed34b000 rw-p 00000000 00:00 0 
7f98ed34b000-7f98ed34e000 ---p 00000000 00:00 0 
7f98ed34e000-7f98ed44c000 rw-p 00000000 00:00 0 
7f98ed44c000-7f98ed44f000 ---p 00000000 00:00 0 
7f98ed44f000-7f98ed54d000 rw-p 00000000 00:00 0 
7f98ed54d000-7f98ed550000 ---p 00000000 00:00 0 
7f98ed550000-7f98ed64e000 rw-p 00000000 00:00 0 
7f98ed64e000-7f98ed651000 ---p 00000000 00:00 0 
7f98ed651000-7f98ed74f000 rw-p 00000000 00:00 0 
7f98ed74f000-7f98ed7a7000 r--s 004f2000 08:01 814435                     /home/dds/.m2/repository/org/scala-lang/scala-library/2.11.2/scala-library-2.11.2.jar
7f98ed7a7000-7f98ed7ac000 r--s 00016000 08:01 793460                     /home/dds/.m2/repository/xml-apis/xml-apis/1.0.b2/xml-apis-1.0.b2.jar
7f98ed7ac000-7f98ed7b1000 r--s 00048000 08:01 793457                     /home/dds/.m2/repository/dom4j/dom4j/1.6.1/dom4j-1.6.1.jar
7f98ed7b1000-7f98ed7b4000 r--s 00006000 08:01 793454                     /home/dds/.m2/repository/com/google/code/findbugs/jsr305/1.3.9/jsr305-1.3.9.jar
7f98ed7b4000-7f98ed7d5000 r--s 00172000 08:01 793451                     /home/dds/.m2/repository/com/google/guava/guava/11.0.2/guava-11.0.2.jar
7f98ed7d5000-7f98ed7d8000 r--s 00017000 08:01 793448                     /home/dds/.m2/repository/org/reflections/reflections/0.9.8/reflections-0.9.8.jar
7f98ed7d8000-7f98ed7e2000 r--s 000a5000 08:01 793445                     /home/dds/.m2/repository/org/javassist/javassist/3.18.1-GA/javassist-3.18.1-GA.jar
7f98ed7e2000-7f98ed7e6000 r--s 00038000 08:01 793423                     /home/dds/.m2/repository/commons-lang/commons-lang/2.2/commons-lang-2.2.jar
7f98ed7e6000-7f98ed7ee000 r--s 00053000 08:01 793420                     /home/dds/.m2/repository/net/sf/oval/oval/1.81/oval-1.81.jar
7f98ed7ee000-7f98ed7f0000 r--s 0000d000 08:01 793417                     /home/dds/.m2/repository/commons-logging/commons-logging/1.1.1/commons-logging-1.1.1.jar
7f98ed7f0000-7f98ed7f5000 r--s 0002a000 08:01 793414                     /home/dds/.m2/repository/commons-beanutils/commons-beanutils/1.7.0/commons-beanutils-1.7.0.jar
7f98ed7f5000-7f98ed801000 r--s 00076000 08:01 793411                     /home/dds/.m2/repository/net/sourceforge/collections/collections-generic/4.01/collections-generic-4.01.jar
7f98ed801000-7f98ed80f000 r--s 0007f000 08:01 793408                     /home/dds/.m2/repository/commons-collections/commons-collections/3.2.1/commons-collections-3.2.1.jar
7f98ed80f000-7f98ed811000 r--s 00008000 08:01 814432                     /home/dds/.m2/repository/org/uqbar-project/uqbar-domain/3.6.1/uqbar-domain-3.6.1.jar
7f98ed811000-7f98ed815000 r--s 00028000 08:01 939733                     /home/dds/.m2/repository/org/uqbar-project/arena-apo/3.6.1/arena-apo-3.6.1.jar
7f98ed815000-7f98ed818000 r--s 00014000 08:01 939731                     /home/dds/.m2/repository/org/uqbar-project/arena-pot/3.6.1/arena-pot-3.6.1.jar
7f98ed818000-7f98ed81f000 r--s 0002c000 08:01 939729                     /home/dds/.m2/repository/org/uqbar-project/arena-core/3.6.1/arena-core-3.6.1.jar
7f98ed81f000-7f98ed825000 r--s 00035000 08:01 939727                     /home/dds/.m2/repository/org/uqbar-project/arena-jface/3.6.1/arena-jface-3.6.1.jar
7f98ed825000-7f98ed82e000 r--s 0006f000 08:01 793390                     /home/dds/.m2/repository/log4j/log4j/1.2.17/log4j-1.2.17.jar
7f98ed82e000-7f98ed833000 r--s 00034000 08:01 793387                     /home/dds/.m2/repository/com/google/code/gson/gson/2.8.0/gson-2.8.0.jar
7f98ed833000-7f98ed835000 r--s 00009000 08:01 787749                     /home/dds/.m2/repository/org/hamcrest/hamcrest-core/1.3/hamcrest-core-1.3.jar
7f98ed835000-7f98ed83d000 r--s 00045000 08:01 793384                     /home/dds/.m2/repository/junit/junit/4.12/junit-4.12.jar
7f98ed83d000-7f98ed847000 r--s 00061000 08:01 793378                     /home/dds/.m2/repository/com/sun/jersey/jersey-core/1.19.3/jersey-core-1.19.3.jar
7f98ed847000-7f98ed84b000 r--s 0001d000 08:01 793375                     /home/dds/.m2/repository/com/sun/jersey/jersey-client/1.19.3/jersey-client-1.19.3.jar
7f98ed84b000-7f98ed84d000 r--s 0000a000 08:01 793381                     /home/dds/.m2/repository/javax/ws/rs/jsr311-api/1.1.1/jsr311-api-1.1.1.jar
7f98ed84d000-7f98ed851000 r--s 00037000 08:01 155729                     /usr/lib/jvm/java-8-openjdk-amd64/jre/lib/ext/sunpkcs11.jar
7f98ed851000-7f98ed854000 r--s 0000f000 08:01 155733                     /usr/lib/jvm/java-8-openjdk-amd64/jre/lib/ext/icedtea-sound.jar
7f98ed854000-7f98ed8ea000 r--s 008d7000 08:01 550478                     /usr/share/java/openjfx/jre/lib/ext/jfxrt.jar
7f98ed8ea000-7f98ed905000 r--s 001d6000 08:01 155727                     /usr/lib/jvm/java-8-openjdk-amd64/jre/lib/ext/nashorn.jar
7f98ed905000-7f98ed907000 r--s 00001000 08:01 155730                     /usr/lib/jvm/java-8-openjdk-amd64/jre/lib/ext/dnsns.jar
7f98ed907000-7f98ede54000 r--p 00000000 08:01 2262                       /usr/lib/locale/locale-archive
7f98ede54000-7f98ede57000 ---p 00000000 00:00 0 
7f98ede57000-7f98edf55000 rw-p 00000000 00:00 0 
7f98edf55000-7f98edf58000 ---p 00000000 00:00 0 
7f98edf58000-7f98ee056000 rw-p 00000000 00:00 0 
7f98ee056000-7f98ee057000 ---p 00000000 00:00 0 
7f98ee057000-7f98f1000000 rw-p 00000000 00:00 0 
7f98f1000000-7f98f1570000 rwxp 00000000 00:00 0 
7f98f1570000-7f9900000000 ---p 00000000 00:00 0 
7f9900000000-7f99008b6000 rw-p 00000000 00:00 0 
7f99008b6000-7f9904000000 ---p 00000000 00:00 0 
7f9904000000-7f9904001000 r--s 00002000 08:01 965645                     /home/dds/.m2/repository/org/jboss/logging/jboss-logging-annotations/1.2.0.Beta1/jboss-logging-annotations-1.2.0.Beta1.jar
7f9904001000-7f990401c000 r--s 00394000 08:01 155153                     /usr/lib/jvm/java-8-openjdk-amd64/jre/lib/ext/cldrdata.jar
7f990401c000-7f990416b000 rw-p 00000000 00:00 0 
7f990416b000-7f9904339000 r--s 03c13000 08:01 141429                     /usr/lib/jvm/java-8-openjdk-amd64/jre/lib/rt.jar
7f9904339000-7f9904597000 rw-p 00000000 00:00 0 
7f9904597000-7f9904598000 ---p 00000000 00:00 0 
7f9904598000-7f9904698000 rw-p 00000000 00:00 0 
7f9904698000-7f9904699000 ---p 00000000 00:00 0 
7f9904699000-7f99047ae000 rw-p 00000000 00:00 0 
7f99047ae000-7f99048df000 ---p 00000000 00:00 0 
7f99048df000-7f99048f4000 rw-p 00000000 00:00 0 
7f99048f4000-7f9904a24000 ---p 00000000 00:00 0 
7f9904a24000-7f9904a8c000 rw-p 00000000 00:00 0 
7f9904a8c000-7f9904ac7000 ---p 00000000 00:00 0 
7f9904ac7000-7f9904ade000 rw-p 00000000 00:00 0 
7f9904ade000-7f9904e88000 ---p 00000000 00:00 0 
7f9904e88000-7f9904e90000 r-xp 00000000 08:01 170412                     /usr/lib/jvm/java-8-openjdk-amd64/jre/lib/amd64/libzip.so
7f9904e90000-7f990508f000 ---p 00008000 08:01 170412                     /usr/lib/jvm/java-8-openjdk-amd64/jre/lib/amd64/libzip.so
7f990508f000-7f9905090000 r--p 00007000 08:01 170412                     /usr/lib/jvm/java-8-openjdk-amd64/jre/lib/amd64/libzip.so
7f9905090000-7f9905091000 rw-p 00008000 08:01 170412                     /usr/lib/jvm/java-8-openjdk-amd64/jre/lib/amd64/libzip.so
7f9905091000-7f990509c000 r-xp 00000000 08:01 1056813                    /lib/x86_64-linux-gnu/libnss_files-2.23.so
7f990509c000-7f990529b000 ---p 0000b000 08:01 1056813                    /lib/x86_64-linux-gnu/libnss_files-2.23.so
7f990529b000-7f990529c000 r--p 0000a000 08:01 1056813                    /lib/x86_64-linux-gnu/libnss_files-2.23.so
7f990529c000-7f990529d000 rw-p 0000b000 08:01 1056813                    /lib/x86_64-linux-gnu/libnss_files-2.23.so
7f990529d000-7f99052a3000 rw-p 00000000 00:00 0 
7f99052a3000-7f99052ae000 r-xp 00000000 08:01 1056816                    /lib/x86_64-linux-gnu/libnss_nis-2.23.so
7f99052ae000-7f99054ad000 ---p 0000b000 08:01 1056816                    /lib/x86_64-linux-gnu/libnss_nis-2.23.so
7f99054ad000-7f99054ae000 r--p 0000a000 08:01 1056816                    /lib/x86_64-linux-gnu/libnss_nis-2.23.so
7f99054ae000-7f99054af000 rw-p 0000b000 08:01 1056816                    /lib/x86_64-linux-gnu/libnss_nis-2.23.so
7f99054af000-7f99054c5000 r-xp 00000000 08:01 1048632                    /lib/x86_64-linux-gnu/libnsl-2.23.so
7f99054c5000-7f99056c4000 ---p 00016000 08:01 1048632                    /lib/x86_64-linux-gnu/libnsl-2.23.so
7f99056c4000-7f99056c5000 r--p 00015000 08:01 1048632                    /lib/x86_64-linux-gnu/libnsl-2.23.so
7f99056c5000-7f99056c6000 rw-p 00016000 08:01 1048632                    /lib/x86_64-linux-gnu/libnsl-2.23.so
7f99056c6000-7f99056c8000 rw-p 00000000 00:00 0 
7f99056c8000-7f99056d0000 r-xp 00000000 08:01 1056822                    /lib/x86_64-linux-gnu/libnss_compat-2.23.so
7f99056d0000-7f99058cf000 ---p 00008000 08:01 1056822                    /lib/x86_64-linux-gnu/libnss_compat-2.23.so
7f99058cf000-7f99058d0000 r--p 00007000 08:01 1056822                    /lib/x86_64-linux-gnu/libnss_compat-2.23.so
7f99058d0000-7f99058d1000 rw-p 00008000 08:01 1056822                    /lib/x86_64-linux-gnu/libnss_compat-2.23.so
7f99058d1000-7f99058fe000 r-xp 00000000 08:01 170427                     /usr/lib/jvm/java-8-openjdk-amd64/jre/lib/amd64/libjava.so
7f99058fe000-7f9905afd000 ---p 0002d000 08:01 170427                     /usr/lib/jvm/java-8-openjdk-amd64/jre/lib/amd64/libjava.so
7f9905afd000-7f9905afe000 r--p 0002c000 08:01 170427                     /usr/lib/jvm/java-8-openjdk-amd64/jre/lib/amd64/libjava.so
7f9905afe000-7f9905b00000 rw-p 0002d000 08:01 170427                     /usr/lib/jvm/java-8-openjdk-amd64/jre/lib/amd64/libjava.so
7f9905b00000-7f9905b0f000 r-xp 00000000 08:01 170406                     /usr/lib/jvm/java-8-openjdk-amd64/jre/lib/amd64/libverify.so
7f9905b0f000-7f9905d0e000 ---p 0000f000 08:01 170406                     /usr/lib/jvm/java-8-openjdk-amd64/jre/lib/amd64/libverify.so
7f9905d0e000-7f9905d10000 r--p 0000e000 08:01 170406                     /usr/lib/jvm/java-8-openjdk-amd64/jre/lib/amd64/libverify.so
7f9905d10000-7f9905d11000 rw-p 00010000 08:01 170406                     /usr/lib/jvm/java-8-openjdk-amd64/jre/lib/amd64/libverify.so
7f9905d11000-7f9905d18000 r-xp 00000000 08:01 1056818                    /lib/x86_64-linux-gnu/librt-2.23.so
7f9905d18000-7f9905f17000 ---p 00007000 08:01 1056818                    /lib/x86_64-linux-gnu/librt-2.23.so
7f9905f17000-7f9905f18000 r--p 00006000 08:01 1056818                    /lib/x86_64-linux-gnu/librt-2.23.so
7f9905f18000-7f9905f19000 rw-p 00007000 08:01 1056818                    /lib/x86_64-linux-gnu/librt-2.23.so
7f9905f19000-7f9905f2f000 r-xp 00000000 08:01 1054182                    /lib/x86_64-linux-gnu/libgcc_s.so.1
7f9905f2f000-7f990612e000 ---p 00016000 08:01 1054182                    /lib/x86_64-linux-gnu/libgcc_s.so.1
7f990612e000-7f990612f000 rw-p 00015000 08:01 1054182                    /lib/x86_64-linux-gnu/libgcc_s.so.1
7f990612f000-7f9906237000 r-xp 00000000 08:01 1056827                    /lib/x86_64-linux-gnu/libm-2.23.so
7f9906237000-7f9906436000 ---p 00108000 08:01 1056827                    /lib/x86_64-linux-gnu/libm-2.23.so
7f9906436000-7f9906437000 r--p 00107000 08:01 1056827                    /lib/x86_64-linux-gnu/libm-2.23.so
7f9906437000-7f9906438000 rw-p 00108000 08:01 1056827                    /lib/x86_64-linux-gnu/libm-2.23.so
7f9906438000-7f99065aa000 r-xp 00000000 08:01 140859                     /usr/lib/x86_64-linux-gnu/libstdc++.so.6.0.21
7f99065aa000-7f99067aa000 ---p 00172000 08:01 140859                     /usr/lib/x86_64-linux-gnu/libstdc++.so.6.0.21
7f99067aa000-7f99067b4000 r--p 00172000 08:01 140859                     /usr/lib/x86_64-linux-gnu/libstdc++.so.6.0.21
7f99067b4000-7f99067b6000 rw-p 0017c000 08:01 140859                     /usr/lib/x86_64-linux-gnu/libstdc++.so.6.0.21
7f99067b6000-7f99067ba000 rw-p 00000000 00:00 0 
7f99067ba000-7f990740e000 r-xp 00000000 08:01 170411                     /usr/lib/jvm/java-8-openjdk-amd64/jre/lib/amd64/server/libjvm.so
7f990740e000-7f990760e000 ---p 00c54000 08:01 170411                     /usr/lib/jvm/java-8-openjdk-amd64/jre/lib/amd64/server/libjvm.so
7f990760e000-7f99076a1000 r--p 00c54000 08:01 170411                     /usr/lib/jvm/java-8-openjdk-amd64/jre/lib/amd64/server/libjvm.so
7f99076a1000-7f99076ca000 rw-p 00ce7000 08:01 170411                     /usr/lib/jvm/java-8-openjdk-amd64/jre/lib/amd64/server/libjvm.so
7f99076ca000-7f99076fa000 rw-p 00000000 00:00 0 
7f99076fa000-7f9907712000 r-xp 00000000 08:01 1056815                    /lib/x86_64-linux-gnu/libpthread-2.23.so
7f9907712000-7f9907911000 ---p 00018000 08:01 1056815                    /lib/x86_64-linux-gnu/libpthread-2.23.so
7f9907911000-7f9907912000 r--p 00017000 08:01 1056815                    /lib/x86_64-linux-gnu/libpthread-2.23.so
7f9907912000-7f9907913000 rw-p 00018000 08:01 1056815                    /lib/x86_64-linux-gnu/libpthread-2.23.so
7f9907913000-7f9907917000 rw-p 00000000 00:00 0 
7f9907917000-7f990791a000 r-xp 00000000 08:01 1056821                    /lib/x86_64-linux-gnu/libdl-2.23.so
7f990791a000-7f9907b19000 ---p 00003000 08:01 1056821                    /lib/x86_64-linux-gnu/libdl-2.23.so
7f9907b19000-7f9907b1a000 r--p 00002000 08:01 1056821                    /lib/x86_64-linux-gnu/libdl-2.23.so
7f9907b1a000-7f9907b1b000 rw-p 00003000 08:01 1056821                    /lib/x86_64-linux-gnu/libdl-2.23.so
7f9907b1b000-7f9907b34000 r-xp 00000000 08:01 1057478                    /lib/x86_64-linux-gnu/libz.so.1.2.8
7f9907b34000-7f9907d33000 ---p 00019000 08:01 1057478                    /lib/x86_64-linux-gnu/libz.so.1.2.8
7f9907d33000-7f9907d34000 r--p 00018000 08:01 1057478                    /lib/x86_64-linux-gnu/libz.so.1.2.8
7f9907d34000-7f9907d35000 rw-p 00019000 08:01 1057478                    /lib/x86_64-linux-gnu/libz.so.1.2.8
7f9907d35000-7f9907ef5000 r-xp 00000000 08:01 1056842                    /lib/x86_64-linux-gnu/libc-2.23.so
7f9907ef5000-7f99080f5000 ---p 001c0000 08:01 1056842                    /lib/x86_64-linux-gnu/libc-2.23.so
7f99080f5000-7f99080f9000 r--p 001c0000 08:01 1056842                    /lib/x86_64-linux-gnu/libc-2.23.so
7f99080f9000-7f99080fb000 rw-p 001c4000 08:01 1056842                    /lib/x86_64-linux-gnu/libc-2.23.so
7f99080fb000-7f99080ff000 rw-p 00000000 00:00 0 
7f99080ff000-7f990810c000 r-xp 00000000 08:01 170404                     /usr/lib/jvm/java-8-openjdk-amd64/jre/lib/amd64/jli/libjli.so
7f990810c000-7f990830c000 ---p 0000d000 08:01 170404                     /usr/lib/jvm/java-8-openjdk-amd64/jre/lib/amd64/jli/libjli.so
7f990830c000-7f990830d000 r--p 0000d000 08:01 170404                     /usr/lib/jvm/java-8-openjdk-amd64/jre/lib/amd64/jli/libjli.so
7f990830d000-7f990830e000 rw-p 0000e000 08:01 170404                     /usr/lib/jvm/java-8-openjdk-amd64/jre/lib/amd64/jli/libjli.so
7f990830e000-7f9908334000 r-xp 00000000 08:01 1056810                    /lib/x86_64-linux-gnu/ld-2.23.so
7f9908334000-7f9908335000 r--s 00003000 08:01 938032                     /home/dds/.m2/repository/org/eclipse/org.eclipse.swt/3.4.2.v3452b/org.eclipse.swt-3.4.2.v3452b.jar
7f9908335000-7f9908337000 r--s 00008000 08:01 155734                     /usr/lib/jvm/java-8-openjdk-amd64/jre/lib/ext/sunec.jar
7f9908337000-7f9908410000 rw-p 00000000 00:00 0 
7f9908410000-7f9908413000 ---p 00000000 00:00 0 
7f9908413000-7f9908516000 rw-p 00000000 00:00 0 
7f9908516000-7f9908517000 r--s 0000a000 08:01 155731                     /usr/lib/jvm/java-8-openjdk-amd64/jre/lib/ext/jaccess.jar
7f9908517000-7f990851c000 r--s 0003b000 08:01 155732                     /usr/lib/jvm/java-8-openjdk-amd64/jre/lib/ext/sunjce_provider.jar
7f990851c000-7f990851d000 r--s 00010000 08:01 155735                     /usr/lib/jvm/java-8-openjdk-amd64/jre/lib/ext/zipfs.jar
7f990851d000-7f9908527000 r--s 00116000 08:01 155728                     /usr/lib/jvm/java-8-openjdk-amd64/jre/lib/ext/localedata.jar
7f9908527000-7f990852f000 rw-s 00000000 08:01 4353                       /tmp/hsperfdata_dds/16290
7f990852f000-7f9908530000 rw-p 00000000 00:00 0 
7f9908530000-7f9908531000 ---p 00000000 00:00 0 
7f9908531000-7f9908533000 rw-p 00000000 00:00 0 
7f9908533000-7f9908534000 r--p 00025000 08:01 1056810                    /lib/x86_64-linux-gnu/ld-2.23.so
7f9908534000-7f9908535000 rw-p 00026000 08:01 1056810                    /lib/x86_64-linux-gnu/ld-2.23.so
7f9908535000-7f9908536000 rw-p 00000000 00:00 0 
7ffe591e6000-7ffe59208000 rw-p 00000000 00:00 0                          [stack]
7ffe593b1000-7ffe593b3000 r--p 00000000 00:00 0                          [vvar]
7ffe593b3000-7ffe593b5000 r-xp 00000000 00:00 0                          [vdso]
ffffffffff600000-ffffffffff601000 r-xp 00000000 00:00 0                  [vsyscall]

VM Arguments:
jvm_args: -Djava.system.class.loader=org.uqbar.apo.APOClassLoader -Dfile.encoding=UTF-8 
java_command: AsesorApplication
java_class_path (initial): /home/dds/Desarrollo/workspace/2017-vn-group-10/target/classes:/home/dds/.m2/repository/javax/ws/rs/jsr311-api/1.1.1/jsr311-api-1.1.1.jar:/home/dds/.m2/repository/com/sun/jersey/jersey-client/1.19.3/jersey-client-1.19.3.jar:/home/dds/.m2/repository/com/sun/jersey/jersey-core/1.19.3/jersey-core-1.19.3.jar:/home/dds/.m2/repository/junit/junit/4.12/junit-4.12.jar:/home/dds/.m2/repository/org/hamcrest/hamcrest-core/1.3/hamcrest-core-1.3.jar:/home/dds/.m2/repository/com/google/code/gson/gson/2.8.0/gson-2.8.0.jar:/home/dds/.m2/repository/log4j/log4j/1.2.17/log4j-1.2.17.jar:/home/dds/.m2/repository/org/uqbar-project/arena-jface/3.6.1/arena-jface-3.6.1.jar:/home/dds/.m2/repository/org/uqbar-project/arena-core/3.6.1/arena-core-3.6.1.jar:/home/dds/.m2/repository/org/uqbar-project/arena-pot/3.6.1/arena-pot-3.6.1.jar:/home/dds/.m2/repository/org/uqbar-project/arena-apo/3.6.1/arena-apo-3.6.1.jar:/home/dds/.m2/repository/org/uqbar-project/uqbar-domain/3.6.1/uqbar-domain-3.6.1.jar:/home/dds/.m2/repository/commons-collections/commons-collections/3.2.1/commons-collections-3.2.1.jar:/home/dds/.m2/repository/net/sourceforge/collections/collections-generic/4.01/collections-generic-4.01.jar:/home/dds/.m2/repository/commons-beanutils/commons-beanutils/1.7.0/commons-beanutils-1.7.0.jar:/home/dds/.m2/repository/commons-logging/commons-logging/1.1.1/commons-logging-1.1.1.jar:/home/dds/.m2/repository/net/sf/oval/oval/1.81/oval-1.81.jar:/home/dds/.m2/repository/commons-lang/commons-lang/2.2/commons-lang-2.2.jar:/home/dds/.m2/repository/org/javassist/javassist/3.18.1-GA/javassist-3.18.1-GA.jar:/home/dds/.m2/repository/org/reflections/reflections/0.9.8/reflections-0.9.8.jar:/home/dds/.m2/repository/com/google/guava/guava/11.0.2/guava-11.0.2.jar:/home/dds/.m2/repository/com/google/code/findbugs/jsr305/1.3.9/jsr305-1.3.9.jar:/home/dds/.m2/repository/dom4j/dom4j/1.6.1/dom4j-1.6.1.jar:/home/dds/.m2/repository/xml-apis/xml-apis/1.0.b2/xml-apis-1.0.b2.jar:/home/dds/.m2/re
Launcher Type: SUN_STANDARD

Environment Variables:
PATH=/home/dds/bin:/home/dds/.local/bin:/usr/local/sbin:/usr/local/bin:/usr/sbin:/usr/bin:/sbin:/bin:/usr/games:/usr/local/games:/snap/bin
SHELL=/bin/bash
DISPLAY=:0

Signal Handlers:
SIGSEGV: [libjvm.so+0xa6ad10], sa_mask[0]=11111111011111111101111111111110, sa_flags=SA_RESTART|SA_SIGINFO
SIGBUS: [libjvm.so+0xa6ad10], sa_mask[0]=11111111011111111101111111111110, sa_flags=SA_RESTART|SA_SIGINFO
SIGFPE: [libjvm.so+0x8b3bc0], sa_mask[0]=11111111011111111101111111111110, sa_flags=SA_RESTART|SA_SIGINFO
SIGPIPE: [libjvm.so+0x8b3bc0], sa_mask[0]=11111111011111111101111111111110, sa_flags=SA_RESTART|SA_SIGINFO
SIGXFSZ: [libjvm.so+0x8b3bc0], sa_mask[0]=11111111011111111101111111111110, sa_flags=SA_RESTART|SA_SIGINFO
SIGILL: [libjvm.so+0x8b3bc0], sa_mask[0]=11111111011111111101111111111110, sa_flags=SA_RESTART|SA_SIGINFO
SIGUSR1: SIG_DFL, sa_mask[0]=00000000000000000000000000000000, sa_flags=none
SIGUSR2: [libjvm.so+0x8b3a70], sa_mask[0]=00100000000000000000000000000000, sa_flags=SA_RESTART|SA_SIGINFO
SIGHUP: [libjvm.so+0x8b3f40], sa_mask[0]=11111111011111111101111111111110, sa_flags=SA_RESTART|SA_SIGINFO
SIGINT: [libjvm.so+0x8b3f40], sa_mask[0]=11111111011111111101111111111110, sa_flags=SA_RESTART|SA_SIGINFO
SIGTERM: [libjvm.so+0x8b3f40], sa_mask[0]=11111111011111111101111111111110, sa_flags=SA_RESTART|SA_SIGINFO
SIGQUIT: [libjvm.so+0x8b3f40], sa_mask[0]=11111111011111111101111111111110, sa_flags=SA_RESTART|SA_SIGINFO


---------------  S Y S T E M  ---------------

OS:DISTRIB_ID=Ubuntu
DISTRIB_RELEASE=16.04
DISTRIB_CODENAME=xenial
DISTRIB_DESCRIPTION="Ubuntu 16.04.3 LTS"

uname:Linux 4.10.0-32-generic #36~16.04.1-Ubuntu SMP Wed Aug 9 09:19:02 UTC 2017 x86_64
libc:glibc 2.23 NPTL 2.23 
rlimit: STACK 8192k, CORE 0k, NPROC 15431, NOFILE 1048576, AS infinity
load average:0,70 0,51 0,36

/proc/meminfo:
MemTotal:        3995084 kB
MemFree:          101860 kB
MemAvailable:      14152 kB
Buffers:            1644 kB
Cached:            40908 kB
SwapCached:        18764 kB
Active:          3189296 kB
Inactive:         574680 kB
Active(anon):    3170296 kB
Inactive(anon):   556924 kB
Active(file):      19000 kB
Inactive(file):    17756 kB
Unevictable:          40 kB
Mlocked:              40 kB
SwapTotal:       2095100 kB
SwapFree:              0 kB
Dirty:               348 kB
Writeback:            80 kB
AnonPages:       3700996 kB
Mapped:            37500 kB
Shmem:              5664 kB
Slab:              50852 kB
SReclaimable:      24472 kB
SUnreclaim:        26380 kB
KernelStack:       10736 kB
PageTables:        38388 kB
NFS_Unstable:          0 kB
Bounce:                0 kB
WritebackTmp:          0 kB
CommitLimit:     4092640 kB
Committed_AS:    9753524 kB
VmallocTotal:   34359738367 kB
VmallocUsed:           0 kB
VmallocChunk:          0 kB
HardwareCorrupted:     0 kB
AnonHugePages:   1812480 kB
ShmemHugePages:        0 kB
ShmemPmdMapped:        0 kB
CmaTotal:              0 kB
CmaFree:               0 kB
HugePages_Total:       0
HugePages_Free:        0
HugePages_Rsvd:        0
HugePages_Surp:        0
Hugepagesize:       2048 kB
DirectMap4k:      118720 kB
DirectMap2M:     4026368 kB


CPU:total 2 (initial active 2) (2 cores per cpu, 1 threads per core) family 6 model 58 stepping 9, cmov, cx8, fxsr, mmx, sse, sse2, sse3, ssse3, sse4.1, sse4.2, popcnt, avx, aes, clmul, tsc, tscinvbit, tscinv

/proc/cpuinfo:
processor	: 0
vendor_id	: GenuineIntel
cpu family	: 6
model		: 58
model name	: Intel(R) Core(TM) i5-3210M CPU @ 2.50GHz
stepping	: 9
microcode	: 0x19
cpu MHz		: 2494.316
cache size	: 3072 KB
physical id	: 0
siblings	: 2
core id		: 0
cpu cores	: 2
apicid		: 0
initial apicid	: 0
fpu		: yes
fpu_exception	: yes
cpuid level	: 13
wp		: yes
flags		: fpu vme de pse tsc msr pae mce cx8 apic sep mtrr pge mca cmov pat pse36 clflush mmx fxsr sse sse2 ht syscall nx rdtscp lm constant_tsc rep_good nopl xtopology nonstop_tsc pni pclmulqdq ssse3 cx16 sse4_1 sse4_2 x2apic popcnt aes xsave avx rdrand hypervisor lahf_lm
bugs		:
bogomips	: 4988.63
clflush size	: 64
cache_alignment	: 64
address sizes	: 36 bits physical, 48 bits virtual
power management:

processor	: 1
vendor_id	: GenuineIntel
cpu family	: 6
model		: 58
model name	: Intel(R) Core(TM) i5-3210M CPU @ 2.50GHz
stepping	: 9
microcode	: 0x19
cpu MHz		: 2494.316
cache size	: 3072 KB
physical id	: 0
siblings	: 2
core id		: 1
cpu cores	: 2
apicid		: 1
initial apicid	: 1
fpu		: yes
fpu_exception	: yes
cpuid level	: 13
wp		: yes
flags		: fpu vme de pse tsc msr pae mce cx8 apic sep mtrr pge mca cmov pat pse36 clflush mmx fxsr sse sse2 ht syscall nx rdtscp lm constant_tsc rep_good nopl xtopology nonstop_tsc pni pclmulqdq ssse3 cx16 sse4_1 sse4_2 x2apic popcnt aes xsave avx rdrand hypervisor lahf_lm
bugs		:
bogomips	: 4988.63
clflush size	: 64
cache_alignment	: 64
address sizes	: 36 bits physical, 48 bits virtual
power management:



Memory: 4k page, physical 3995084k(101860k free), swap 2095100k(0k free)

vm_info: OpenJDK 64-Bit Server VM (25.131-b11) for linux-amd64 JRE (1.8.0_131-8u131-b11-2ubuntu1.16.04.3-b11), built on Jul 28 2017 01:23:32 by "buildd" with gcc 5.4.0 20160609

time: Fri Sep 15 19:50:43 2017
elapsed time: 4 seconds (0d 0h 0m 4s)

