#
# There is insufficient memory for the Java Runtime Environment to continue.
# Native memory allocation (mmap) failed to map 32505856 bytes for committing reserved memory.
# Possible reasons:
#   The system is out of physical RAM or swap space
#   In 32 bit mode, the process size limit was hit
# Possible solutions:
#   Reduce memory load on the system
#   Increase physical memory or swap space
#   Check if swap backing store is full
#   Use 64 bit Java on a 64 bit OS
#   Decrease Java heap size (-Xmx/-Xms)
#   Decrease number of Java threads
#   Decrease Java thread stack sizes (-Xss)
#   Set larger code cache with -XX:ReservedCodeCacheSize=
# This output file may be truncated or incomplete.
#
#  Out of Memory Error (os_linux.cpp:2643), pid=7204, tid=0x00007fd4a75f5700
#
# JRE version: OpenJDK Runtime Environment (8.0_131-b11) (build 1.8.0_131-8u131-b11-2ubuntu1.16.04.3-b11)
# Java VM: OpenJDK 64-Bit Server VM (25.131-b11 mixed mode linux-amd64 compressed oops)
# Failed to write core dump. Core dumps have been disabled. To enable core dumping, try "ulimit -c unlimited" before starting Java again
#

---------------  T H R E A D  ---------------

Current thread (0x00007fd4c407a000):  VMThread [stack: 0x00007fd4a74f5000,0x00007fd4a75f6000] [id=7215]

Stack: [0x00007fd4a74f5000,0x00007fd4a75f6000],  sp=0x00007fd4a75f44c0,  free space=1021k
Native frames: (J=compiled Java code, j=interpreted, Vv=VM code, C=native code)
V  [libjvm.so+0xa6a1bb]
V  [libjvm.so+0x4c5a6c]
V  [libjvm.so+0x8b85a0]
V  [libjvm.so+0x8b2a1e]
V  [libjvm.so+0x92d556]
V  [libjvm.so+0x92e883]
V  [libjvm.so+0x92af33]
V  [libjvm.so+0x92b1fc]
V  [libjvm.so+0x8dd093]
V  [libjvm.so+0xa6be72]
V  [libjvm.so+0xa70f57]
V  [libjvm.so+0xa6e727]
V  [libjvm.so+0xa6fbaf]
V  [libjvm.so+0xa700a1]
V  [libjvm.so+0x8b5a82]

VM_Operation (0x00007fd4ce279ce0): ParallelGCFailedAllocation, mode: safepoint, requested by thread 0x00007fd4c400c800


---------------  P R O C E S S  ---------------

Java Threads: ( => current thread )
  0x00007fd4c43e8800 JavaThread "ReaderThread" [_thread_in_native, id=7225, stack(0x00007fd4a61a7000,0x00007fd4a62a8000)]
  0x00007fd4c40c4000 JavaThread "Service Thread" daemon [_thread_blocked, id=7222, stack(0x00007fd4a68a1000,0x00007fd4a69a2000)]
  0x00007fd4c40b4000 JavaThread "C1 CompilerThread2" daemon [_thread_blocked, id=7221, stack(0x00007fd4a69a2000,0x00007fd4a6aa3000)]
  0x00007fd4c40b2800 JavaThread "C2 CompilerThread1" daemon [_thread_blocked, id=7220, stack(0x00007fd4a6aa3000,0x00007fd4a6ba4000)]
  0x00007fd4c40af800 JavaThread "C2 CompilerThread0" daemon [_thread_blocked, id=7219, stack(0x00007fd4a6ba4000,0x00007fd4a6ca5000)]
  0x00007fd4c40ad800 JavaThread "Signal Dispatcher" daemon [_thread_blocked, id=7218, stack(0x00007fd4a6ca5000,0x00007fd4a6da6000)]
  0x00007fd4c4086000 JavaThread "Finalizer" daemon [_thread_blocked, id=7217, stack(0x00007fd4a72f3000,0x00007fd4a73f4000)]
  0x00007fd4c4081800 JavaThread "Reference Handler" daemon [_thread_blocked, id=7216, stack(0x00007fd4a73f4000,0x00007fd4a74f5000)]
  0x00007fd4c400c800 JavaThread "main" [_thread_blocked, id=7210, stack(0x00007fd4ce17e000,0x00007fd4ce27f000)]

Other Threads:
=>0x00007fd4c407a000 VMThread [stack: 0x00007fd4a74f5000,0x00007fd4a75f6000] [id=7215]
  0x00007fd4c40c6000 WatcherThread [stack: 0x00007fd4a67a0000,0x00007fd4a68a1000] [id=7223]

VM state:at safepoint (normal execution)

VM Mutex/Monitor currently owned by a thread:  ([mutex/lock_event])
[0x00007fd4c4008ce0] Threads_lock - owner thread: 0x00007fd4c407a000
[0x00007fd4c40091e0] Heap_lock - owner thread: 0x00007fd4c400c800

Heap:
 PSYoungGen      total 34304K, used 2553K [0x00000000ebb00000, 0x00000000edf00000, 0x0000000100000000)
  eden space 31744K, 0% used [0x00000000ebb00000,0x00000000ebb00000,0x00000000eda00000)
  from space 2560K, 99% used [0x00000000eda00000,0x00000000edc7e5b0,0x00000000edc80000)
  to   space 2560K, 0% used [0x00000000edc80000,0x00000000edc80000,0x00000000edf00000)
 ParOldGen       total 42496K, used 1885K [0x00000000c3000000, 0x00000000c5980000, 0x00000000ebb00000)
  object space 42496K, 4% used [0x00000000c3000000,0x00000000c31d7638,0x00000000c5980000)
 Metaspace       used 12998K, capacity 13246K, committed 13568K, reserved 1060864K
  class space    used 1613K, capacity 1685K, committed 1792K, reserved 1048576K

Card table byte_map: [0x00007fd4ca64d000,0x00007fd4ca836000] byte_map_base: 0x00007fd4ca035000

Marking Bits: (ParMarkBitMap*) 0x00007fd4cd44b2c0
 Begin Bits: [0x00007fd4c8283000, 0x00007fd4c91c3000)
 End Bits:   [0x00007fd4c91c3000, 0x00007fd4ca103000)

Polling page: 0x00007fd4ce29e000

CodeCache: size=245760Kb used=3034Kb max_used=3046Kb free=242726Kb
 bounds [0x00007fd4b5000000, 0x00007fd4b5300000, 0x00007fd4c4000000]
 total_blobs=1100 nmethods=776 adapters=239
 compilation: enabled

Compilation events (10 events):
Event: 2,282 Thread 0x00007fd4c40b4000 nmethod 771 0x00007fd4b52f04d0 code [0x00007fd4b52f0640, 0x00007fd4b52f0848]
Event: 2,287 Thread 0x00007fd4c40b2800  773       4       java.lang.String::regionMatches (149 bytes)
Event: 2,294 Thread 0x00007fd4c40b2800 nmethod 773 0x00007fd4b52f4050 code [0x00007fd4b52f41e0, 0x00007fd4b52f49b8]
Event: 2,308 Thread 0x00007fd4c40af800 nmethod 770 0x00007fd4b52f85d0 code [0x00007fd4b52f8980, 0x00007fd4b52fa590]
Event: 2,336 Thread 0x00007fd4c40b4000  774       3       sun.reflect.ReflectionFactory::langReflectAccess (15 bytes)
Event: 2,337 Thread 0x00007fd4c40b4000 nmethod 774 0x00007fd4b52f7910 code [0x00007fd4b52f7a80, 0x00007fd4b52f7c90]
Event: 2,337 Thread 0x00007fd4c40b4000  775       3       sun.reflect.ClassFileAssembler::cpi (22 bytes)
Event: 2,337 Thread 0x00007fd4c40b4000 nmethod 775 0x00007fd4b52f7490 code [0x00007fd4b52f7600, 0x00007fd4b52f7848]
Event: 2,337 Thread 0x00007fd4c40b4000  776       3       sun.reflect.ByteVectorImpl::getLength (7 bytes)
Event: 2,337 Thread 0x00007fd4c40b4000 nmethod 776 0x00007fd4b52f7190 code [0x00007fd4b52f72e0, 0x00007fd4b52f7430]

GC Heap History (5 events):
Event: 1,432 GC heap before
{Heap before GC invocations=1 (full 0):
 PSYoungGen      total 18432K, used 15872K [0x00000000ebb00000, 0x00000000ecf80000, 0x0000000100000000)
  eden space 15872K, 100% used [0x00000000ebb00000,0x00000000eca80000,0x00000000eca80000)
  from space 2560K, 0% used [0x00000000ecd00000,0x00000000ecd00000,0x00000000ecf80000)
  to   space 2560K, 0% used [0x00000000eca80000,0x00000000eca80000,0x00000000ecd00000)
 ParOldGen       total 42496K, used 0K [0x00000000c3000000, 0x00000000c5980000, 0x00000000ebb00000)
  object space 42496K, 0% used [0x00000000c3000000,0x00000000c3000000,0x00000000c5980000)
 Metaspace       used 5874K, capacity 6038K, committed 6144K, reserved 1056768K
  class space    used 685K, capacity 693K, committed 768K, reserved 1048576K
Event: 1,642 GC heap after
Heap after GC invocations=1 (full 0):
 PSYoungGen      total 18432K, used 2284K [0x00000000ebb00000, 0x00000000edf00000, 0x0000000100000000)
  eden space 15872K, 0% used [0x00000000ebb00000,0x00000000ebb00000,0x00000000eca80000)
  from space 2560K, 89% used [0x00000000eca80000,0x00000000eccbb140,0x00000000ecd00000)
  to   space 2560K, 0% used [0x00000000edc80000,0x00000000edc80000,0x00000000edf00000)
 ParOldGen       total 42496K, used 8K [0x00000000c3000000, 0x00000000c5980000, 0x00000000ebb00000)
  object space 42496K, 0% used [0x00000000c3000000,0x00000000c3002000,0x00000000c5980000)
 Metaspace       used 5874K, capacity 6038K, committed 6144K, reserved 1056768K
  class space    used 685K, capacity 693K, committed 768K, reserved 1048576K
}
Event: 1,907 GC heap before
{Heap before GC invocations=2 (full 0):
 PSYoungGen      total 18432K, used 18156K [0x00000000ebb00000, 0x00000000edf00000, 0x0000000100000000)
  eden space 15872K, 100% used [0x00000000ebb00000,0x00000000eca80000,0x00000000eca80000)
  from space 2560K, 89% used [0x00000000eca80000,0x00000000eccbb140,0x00000000ecd00000)
  to   space 2560K, 0% used [0x00000000edc80000,0x00000000edc80000,0x00000000edf00000)
 ParOldGen       total 42496K, used 8K [0x00000000c3000000, 0x00000000c5980000, 0x00000000ebb00000)
  object space 42496K, 0% used [0x00000000c3000000,0x00000000c3002000,0x00000000c5980000)
 Metaspace       used 9315K, capacity 9436K, committed 9600K, reserved 1058816K
  class space    used 1054K, capacity 1078K, committed 1152K, reserved 1048576K
Event: 1,910 GC heap after
Heap after GC invocations=2 (full 0):
 PSYoungGen      total 34304K, used 1938K [0x00000000ebb00000, 0x00000000edf00000, 0x0000000100000000)
  eden space 31744K, 0% used [0x00000000ebb00000,0x00000000ebb00000,0x00000000eda00000)
  from space 2560K, 75% used [0x00000000edc80000,0x00000000ede64918,0x00000000edf00000)
  to   space 2560K, 0% used [0x00000000eda00000,0x00000000eda00000,0x00000000edc80000)
 ParOldGen       total 42496K, used 80K [0x00000000c3000000, 0x00000000c5980000, 0x00000000ebb00000)
  object space 42496K, 0% used [0x00000000c3000000,0x00000000c3014010,0x00000000c5980000)
 Metaspace       used 9315K, capacity 9436K, committed 9600K, reserved 1058816K
  class space    used 1054K, capacity 1078K, committed 1152K, reserved 1048576K
}
Event: 2,340 GC heap before
{Heap before GC invocations=3 (full 0):
 PSYoungGen      total 34304K, used 33682K [0x00000000ebb00000, 0x00000000edf00000, 0x0000000100000000)
  eden space 31744K, 100% used [0x00000000ebb00000,0x00000000eda00000,0x00000000eda00000)
  from space 2560K, 75% used [0x00000000edc80000,0x00000000ede64918,0x00000000edf00000)
  to   space 2560K, 0% used [0x00000000eda00000,0x00000000eda00000,0x00000000edc80000)
 ParOldGen       total 42496K, used 80K [0x00000000c3000000, 0x00000000c5980000, 0x00000000ebb00000)
  object space 42496K, 0% used [0x00000000c3000000,0x00000000c3014010,0x00000000c5980000)
 Metaspace       used 12998K, capacity 13246K, committed 13568K, reserved 1060864K
  class space    used 1613K, capacity 1685K, committed 1792K, reserved 1048576K

Deoptimization events (4 events):
Event: 0,894 Thread 0x00007fd4c400c800 Uncommon trap: reason=unstable_if action=reinterpret pc=0x00007fd4b511df5c method=java.lang.String.hashCode()I @ 14
Event: 0,951 Thread 0x00007fd4c400c800 Uncommon trap: reason=unstable_if action=reinterpret pc=0x00007fd4b5135938 method=java.lang.String.indexOf(II)I @ 49
Event: 1,363 Thread 0x00007fd4c400c800 Uncommon trap: reason=unstable_if action=reinterpret pc=0x00007fd4b5177554 method=java.lang.String.indexOf([CII[CIII)I @ 3
Event: 1,426 Thread 0x00007fd4c400c800 Uncommon trap: reason=unstable_if action=reinterpret pc=0x00007fd4b51bdbd8 method=java.lang.AbstractStringBuilder.append(Ljava/lang/String;)Ljava/lang/AbstractStringBuilder; @ 1

Internal exceptions (10 events):
Event: 1,409 Thread 0x00007fd4c400c800 Exception <a 'java/lang/ClassNotFoundException': java/lang/ObjectBeanInfo> (0x00000000ec70afa0) thrown at [/build/openjdk-8-pZyJp3/openjdk-8-8u131-b11/src/hotspot/src/share/vm/classfile/systemDictionary.cpp, line 210]
Event: 1,409 Thread 0x00007fd4c400c800 Exception <a 'java/lang/ClassNotFoundException': java/lang/ObjectCustomizer> (0x00000000ec713cb0) thrown at [/build/openjdk-8-pZyJp3/openjdk-8-8u131-b11/src/hotspot/src/share/vm/classfile/systemDictionary.cpp, line 210]
Event: 1,413 Thread 0x00007fd4c400c800 Exception <a 'java/lang/ArrayIndexOutOfBoundsException'> (0x00000000ec715b20) thrown at [/build/openjdk-8-pZyJp3/openjdk-8-8u131-b11/src/hotspot/src/share/vm/runtime/sharedRuntime.cpp, line 605]
Event: 1,415 Thread 0x00007fd4c400c800 Exception <a 'java/lang/ArrayIndexOutOfBoundsException'> (0x00000000ec718d70) thrown at [/build/openjdk-8-pZyJp3/openjdk-8-8u131-b11/src/hotspot/src/share/vm/runtime/sharedRuntime.cpp, line 605]
Event: 1,416 Thread 0x00007fd4c400c800 Exception <a 'java/lang/ArrayIndexOutOfBoundsException'> (0x00000000ec71b1a8) thrown at [/build/openjdk-8-pZyJp3/openjdk-8-8u131-b11/src/hotspot/src/share/vm/runtime/sharedRuntime.cpp, line 605]
Event: 1,420 Thread 0x00007fd4c400c800 Exception <a 'java/lang/ClassNotFoundException': org/apache/log4j/LayoutCustomizer> (0x00000000ec730188) thrown at [/build/openjdk-8-pZyJp3/openjdk-8-8u131-b11/src/hotspot/src/share/vm/classfile/systemDictionary.cpp, line 210]
Event: 1,421 Thread 0x00007fd4c400c800 Exception <a 'java/lang/ClassNotFoundException': org/apache/log4j/PatternLayoutCustomizer> (0x00000000ec755bf0) thrown at [/build/openjdk-8-pZyJp3/openjdk-8-8u131-b11/src/hotspot/src/share/vm/classfile/systemDictionary.cpp, line 210]
Event: 1,425 Thread 0x00007fd4c400c800 Implicit null exception at 0x00007fd4b51bd7b4 to 0x00007fd4b51bdbc1
Event: 2,141 Thread 0x00007fd4c400c800 Exception <a 'java/lang/NoSuchFieldError': method resolution failed> (0x00000000ec877688) thrown at [/build/openjdk-8-pZyJp3/openjdk-8-8u131-b11/src/hotspot/src/share/vm/prims/methodHandles.cpp, line 1146]
Event: 2,143 Thread 0x00007fd4c400c800 Exception <a 'java/lang/NoSuchFieldError': method resolution failed> (0x00000000ec885148) thrown at [/build/openjdk-8-pZyJp3/openjdk-8-8u131-b11/src/hotspot/src/share/vm/prims/methodHandles.cpp, line 1146]

Events (10 events):
Event: 2,336 loading class org/hibernate/internal/CoreMessageLogger_$logger_es_AR done
Event: 2,336 loading class org/hibernate/internal/CoreMessageLogger_$logger_es
Event: 2,336 loading class org/hibernate/internal/CoreMessageLogger_$logger_es done
Event: 2,337 loading class org/hibernate/type/TypeFactory$TypeScopeImpl
Event: 2,337 loading class org/hibernate/type/TypeFactory$TypeScopeImpl done
Event: 2,337 loading class org/hibernate/cfg/Configuration$3
Event: 2,337 loading class org/hibernate/cfg/Configuration$3 done
Event: 2,338 loading class org/hibernate/cfg/Configuration$MetadataSourceQueue
Event: 2,338 loading class org/hibernate/cfg/Configuration$MetadataSourceQueue done
Event: 2,339 Executing VM operation: ParallelGCFailedAllocation


Dynamic libraries:
00400000-00401000 r-xp 00000000 08:01 170472                             /usr/lib/jvm/java-8-openjdk-amd64/jre/bin/java
00600000-00601000 r--p 00000000 08:01 170472                             /usr/lib/jvm/java-8-openjdk-amd64/jre/bin/java
00601000-00602000 rw-p 00001000 08:01 170472                             /usr/lib/jvm/java-8-openjdk-amd64/jre/bin/java
01bcd000-01bee000 rw-p 00000000 00:00 0                                  [heap]
c3000000-c5980000 rw-p 00000000 00:00 0 
c5980000-ebb00000 ---p 00000000 00:00 0 
ebb00000-edf00000 rw-p 00000000 00:00 0 
efe00000-100000000 ---p 00000000 00:00 0 
100000000-1001c0000 rw-p 00000000 00:00 0 
1001c0000-140000000 ---p 00000000 00:00 0 
7fd474000000-7fd474021000 rw-p 00000000 00:00 0 
7fd474021000-7fd478000000 ---p 00000000 00:00 0 
7fd478000000-7fd478021000 rw-p 00000000 00:00 0 
7fd478021000-7fd47c000000 ---p 00000000 00:00 0 
7fd47cfff000-7fd480000000 rw-p 00000000 00:00 0 
7fd480000000-7fd48032d000 rw-p 00000000 00:00 0 
7fd48032d000-7fd484000000 ---p 00000000 00:00 0 
7fd484000000-7fd484021000 rw-p 00000000 00:00 0 
7fd484021000-7fd488000000 ---p 00000000 00:00 0 
7fd488000000-7fd488287000 rw-p 00000000 00:00 0 
7fd488287000-7fd48c000000 ---p 00000000 00:00 0 
7fd48c000000-7fd48c1cb000 rw-p 00000000 00:00 0 
7fd48c1cb000-7fd490000000 ---p 00000000 00:00 0 
7fd490000000-7fd490021000 rw-p 00000000 00:00 0 
7fd490021000-7fd494000000 ---p 00000000 00:00 0 
7fd494000000-7fd494021000 rw-p 00000000 00:00 0 
7fd494021000-7fd498000000 ---p 00000000 00:00 0 
7fd498000000-7fd498021000 rw-p 00000000 00:00 0 
7fd498021000-7fd49c000000 ---p 00000000 00:00 0 
7fd49c000000-7fd49c021000 rw-p 00000000 00:00 0 
7fd49c021000-7fd4a0000000 ---p 00000000 00:00 0 
7fd4a0000000-7fd4a0021000 rw-p 00000000 00:00 0 
7fd4a0021000-7fd4a4000000 ---p 00000000 00:00 0 
7fd4a5d68000-7fd4a5d6f000 r--s 00000000 08:01 278058                     /usr/lib/x86_64-linux-gnu/gconv/gconv-modules.cache
7fd4a5d6f000-7fd4a5d94000 r--p 00000000 08:01 414184                     /usr/share/locale-langpack/es/LC_MESSAGES/libc.mo
7fd4a5d94000-7fd4a5f14000 rw-p 00000000 00:00 0 
7fd4a5f14000-7fd4a5f94000 ---p 00000000 00:00 0 
7fd4a5f94000-7fd4a6194000 rw-p 00000000 00:00 0 
7fd4a6194000-7fd4a61a7000 r--s 00346000 08:01 170437                     /usr/lib/jvm/java-8-openjdk-amd64/jre/lib/resources.jar
7fd4a61a7000-7fd4a61aa000 ---p 00000000 00:00 0 
7fd4a61aa000-7fd4a62a8000 rw-p 00000000 00:00 0 
7fd4a62a8000-7fd4a62bf000 r-xp 00000000 08:01 170421                     /usr/lib/jvm/java-8-openjdk-amd64/jre/lib/amd64/libnet.so
7fd4a62bf000-7fd4a64be000 ---p 00017000 08:01 170421                     /usr/lib/jvm/java-8-openjdk-amd64/jre/lib/amd64/libnet.so
7fd4a64be000-7fd4a64bf000 r--p 00016000 08:01 170421                     /usr/lib/jvm/java-8-openjdk-amd64/jre/lib/amd64/libnet.so
7fd4a64bf000-7fd4a64c0000 rw-p 00017000 08:01 170421                     /usr/lib/jvm/java-8-openjdk-amd64/jre/lib/amd64/libnet.so
7fd4a64c0000-7fd4a64cd000 r--s 00148000 08:01 965660                     /home/dds/.m2/repository/org/hsqldb/hsqldb/2.2.8/hsqldb-2.2.8.jar
7fd4a64cd000-7fd4a64d4000 r--s 000ca000 08:01 965659                     /home/dds/.m2/repository/mysql/mysql-connector-java/5.1.26/mysql-connector-java-5.1.26.jar
7fd4a64d4000-7fd4a64d6000 r--s 00011000 08:01 965655                     /home/dds/.m2/repository/org/jboss/jandex/1.1.0.Final/jandex-1.1.0.Final.jar
7fd4a64d6000-7fd4a64db000 r--s 00068000 08:01 857389                     /home/dds/.m2/repository/antlr/antlr/2.7.7/antlr-2.7.7.jar
7fd4a64db000-7fd4a64e0000 r--s 00017000 08:01 965652                     /home/dds/.m2/repository/org/hibernate/javax/persistence/hibernate-jpa-2.1-api/1.0.0.Final/hibernate-jpa-2.1-api-1.0.0.Final.jar
7fd4a64e0000-7fd4a64e3000 r--s 00010000 08:01 965647                     /home/dds/.m2/repository/org/hibernate/common/hibernate-commons-annotations/4.0.5.Final/hibernate-commons-annotations-4.0.5.Final.jar
7fd4a64e3000-7fd4a64e4000 r--s 00006000 08:01 965650                     /home/dds/.m2/repository/org/jboss/spec/javax/transaction/jboss-transaction-api_1.2_spec/1.0.0.Final/jboss-transaction-api_1.2_spec-1.0.0.Final.jar
7fd4a64e4000-7fd4a6542000 r--s 004a5000 08:01 965653                     /home/dds/.m2/repository/org/hibernate/hibernate-core/4.3.6.Final/hibernate-core-4.3.6.Final.jar
7fd4a6542000-7fd4a6543000 r--s 00002000 08:01 965645                     /home/dds/.m2/repository/org/jboss/logging/jboss-logging-annotations/1.2.0.Beta1/jboss-logging-annotations-1.2.0.Beta1.jar
7fd4a6543000-7fd4a6545000 r--s 0000c000 08:01 965642                     /home/dds/.m2/repository/org/jboss/logging/jboss-logging/3.1.3.GA/jboss-logging-3.1.3.GA.jar
7fd4a6545000-7fd4a6553000 r--s 00090000 08:01 965638                     /home/dds/.m2/repository/org/hibernate/hibernate-entitymanager/4.3.6.Final/hibernate-entitymanager-4.3.6.Final.jar
7fd4a6553000-7fd4a6555000 r--s 00002000 08:01 965634                     /home/dds/.m2/repository/org/uqbar-project/jpa-java8-extras/1.0-alpha-1/jpa-java8-extras-1.0-alpha-1.jar
7fd4a6555000-7fd4a655d000 r--s 00071000 08:01 843118                     /home/dds/.m2/repository/org/apache/commons/commons-lang3/3.6/commons-lang3-3.6.jar
7fd4a655d000-7fd4a6563000 r--s 00093000 08:01 840727                     /home/dds/.m2/repository/net/java/dev/javacc/javacc/7.0.2/javacc-7.0.2.jar
7fd4a6563000-7fd4a6576000 r--s 00211000 08:01 938036                     /home/dds/.m2/repository/org/eclipse/swt/gtk/org.eclipse.swt.gtk.linux.x86_64/3.5.2.v3557f/org.eclipse.swt.gtk.linux.x86_64-3.5.2.v3557f.jar
7fd4a6576000-7fd4a65ba000 r--s 0037c000 08:01 938034                     /home/dds/.m2/repository/org/eclipse/ui/org.eclipse.ui.workbench/3.4.2.M20090127-1700/org.eclipse.ui.workbench-3.4.2.M20090127-1700.jar
7fd4a65ba000-7fd4a65c9000 r--s 000e5000 08:01 938030                     /home/dds/.m2/repository/org/eclipse/org.eclipse.osgi/3.4.3.R34x_v20081215-1030/org.eclipse.osgi-3.4.3.R34x_v20081215-1030.jar
7fd4a65c9000-7fd4a65dd000 r--s 000eb000 08:01 938028                     /home/dds/.m2/repository/org/eclipse/org.eclipse.jface/3.4.2.M20090107-0800/org.eclipse.jface-3.4.2.M20090107-0800.jar
7fd4a65dd000-7fd4a65e2000 r--s 0002b000 08:01 938023                     /home/dds/.m2/repository/org/eclipse/jface/org.eclipse.jface.databinding/1.2.1.M20080827-0800a/org.eclipse.jface.databinding-1.2.1.M20080827-0800a.jar
7fd4a65e2000-7fd4a65e5000 r--s 00015000 08:01 938021                     /home/dds/.m2/repository/org/eclipse/equinox/org.eclipse.equinox.common/3.4.0.v20080421-2006/org.eclipse.equinox.common-3.4.0.v20080421-2006.jar
7fd4a65e5000-7fd4a65ee000 r--s 0004c000 08:01 938019                     /home/dds/.m2/repository/org/eclipse/core/org.eclipse.core.databinding/1.1.1.M20080827-0800b/org.eclipse.core.databinding-1.1.1.M20080827-0800b.jar
7fd4a65ee000-7fd4a65f0000 r--s 0000d000 08:01 938017                     /home/dds/.m2/repository/org/eclipse/core/databinding/org.eclipse.core.databinding.beans/1.1.1.M20080827-0800a/org.eclipse.core.databinding.beans-1.1.1.M20080827-0800a.jar
7fd4a65f0000-7fd4a65f3000 r--s 00017000 08:01 793468                     /home/dds/.m2/repository/org/eclipse/core/org.eclipse.core.commands/3.4.0.I20080509-2000/org.eclipse.core.commands-3.4.0.I20080509-2000.jar
7fd4a65f3000-7fd4a6641000 r--s 0087c000 08:01 793466                     /home/dds/.m2/repository/com/ibm/icu/icu4j/50.1.1/icu4j-50.1.1.jar
7fd4a6641000-7fd4a6662000 r--s 00162000 08:01 939737                     /home/dds/.m2/repository/org/mockito/mockito-all/1.9.5/mockito-all-1.9.5.jar
7fd4a6662000-7fd4a6664000 r--s 00008000 08:01 939735                     /home/dds/.m2/repository/org/uqbar-project/arena-poo/3.6.1/arena-poo-3.6.1.jar
7fd4a6664000-7fd4a666e000 r--s 00095000 08:01 814437                     /home/dds/.m2/repository/org/scala-lang/modules/scala-xml_2.11/1.0.2/scala-xml_2.11-1.0.2.jar
7fd4a666e000-7fd4a66c6000 r--s 004f2000 08:01 814435                     /home/dds/.m2/repository/org/scala-lang/scala-library/2.11.2/scala-library-2.11.2.jar
7fd4a66c6000-7fd4a66cb000 r--s 00016000 08:01 793460                     /home/dds/.m2/repository/xml-apis/xml-apis/1.0.b2/xml-apis-1.0.b2.jar
7fd4a66cb000-7fd4a66d0000 r--s 00048000 08:01 793457                     /home/dds/.m2/repository/dom4j/dom4j/1.6.1/dom4j-1.6.1.jar
7fd4a66d0000-7fd4a66d3000 r--s 00006000 08:01 793454                     /home/dds/.m2/repository/com/google/code/findbugs/jsr305/1.3.9/jsr305-1.3.9.jar
7fd4a66d3000-7fd4a66f4000 r--s 00172000 08:01 793451                     /home/dds/.m2/repository/com/google/guava/guava/11.0.2/guava-11.0.2.jar
7fd4a66f4000-7fd4a66fe000 r--s 000a5000 08:01 793445                     /home/dds/.m2/repository/org/javassist/javassist/3.18.1-GA/javassist-3.18.1-GA.jar
7fd4a66fe000-7fd4a6702000 r--s 00038000 08:01 793423                     /home/dds/.m2/repository/commons-lang/commons-lang/2.2/commons-lang-2.2.jar
7fd4a6702000-7fd4a670a000 r--s 00053000 08:01 793420                     /home/dds/.m2/repository/net/sf/oval/oval/1.81/oval-1.81.jar
7fd4a670a000-7fd4a67a0000 r--s 008d7000 08:01 550478                     /usr/share/java/openjfx/jre/lib/ext/jfxrt.jar
7fd4a67a0000-7fd4a67a1000 ---p 00000000 00:00 0 
7fd4a67a1000-7fd4a68a1000 rw-p 00000000 00:00 0 
7fd4a68a1000-7fd4a68a4000 ---p 00000000 00:00 0 
7fd4a68a4000-7fd4a69a2000 rw-p 00000000 00:00 0 
7fd4a69a2000-7fd4a69a5000 ---p 00000000 00:00 0 
7fd4a69a5000-7fd4a6aa3000 rw-p 00000000 00:00 0 
7fd4a6aa3000-7fd4a6aa6000 ---p 00000000 00:00 0 
7fd4a6aa6000-7fd4a6ba4000 rw-p 00000000 00:00 0 
7fd4a6ba4000-7fd4a6ba7000 ---p 00000000 00:00 0 
7fd4a6ba7000-7fd4a6ca5000 rw-p 00000000 00:00 0 
7fd4a6ca5000-7fd4a6ca8000 ---p 00000000 00:00 0 
7fd4a6ca8000-7fd4a6da6000 rw-p 00000000 00:00 0 
7fd4a6da6000-7fd4a72f3000 r--p 00000000 08:01 2262                       /usr/lib/locale/locale-archive
7fd4a72f3000-7fd4a72f6000 ---p 00000000 00:00 0 
7fd4a72f6000-7fd4a73f4000 rw-p 00000000 00:00 0 
7fd4a73f4000-7fd4a73f7000 ---p 00000000 00:00 0 
7fd4a73f7000-7fd4a74f5000 rw-p 00000000 00:00 0 
7fd4a74f5000-7fd4a74f6000 ---p 00000000 00:00 0 
7fd4a74f6000-7fd4a8000000 rw-p 00000000 00:00 0 
7fd4a8000000-7fd4a8021000 rw-p 00000000 00:00 0 
7fd4a8021000-7fd4ac000000 ---p 00000000 00:00 0 
7fd4ac000000-7fd4ac021000 rw-p 00000000 00:00 0 
7fd4ac021000-7fd4b0000000 ---p 00000000 00:00 0 
7fd4b0000000-7fd4b0021000 rw-p 00000000 00:00 0 
7fd4b0021000-7fd4b4000000 ---p 00000000 00:00 0 
7fd4b4000000-7fd4b4003000 r--s 00017000 08:01 793448                     /home/dds/.m2/repository/org/reflections/reflections/0.9.8/reflections-0.9.8.jar
7fd4b4003000-7fd4b4005000 r--s 0000d000 08:01 793417                     /home/dds/.m2/repository/commons-logging/commons-logging/1.1.1/commons-logging-1.1.1.jar
7fd4b4005000-7fd4b400a000 r--s 0002a000 08:01 793414                     /home/dds/.m2/repository/commons-beanutils/commons-beanutils/1.7.0/commons-beanutils-1.7.0.jar
7fd4b400a000-7fd4b4016000 r--s 00076000 08:01 793411                     /home/dds/.m2/repository/net/sourceforge/collections/collections-generic/4.01/collections-generic-4.01.jar
7fd4b4016000-7fd4b4024000 r--s 0007f000 08:01 793408                     /home/dds/.m2/repository/commons-collections/commons-collections/3.2.1/commons-collections-3.2.1.jar
7fd4b4024000-7fd4b4026000 r--s 00008000 08:01 814432                     /home/dds/.m2/repository/org/uqbar-project/uqbar-domain/3.6.1/uqbar-domain-3.6.1.jar
7fd4b4026000-7fd4b402a000 r--s 00028000 08:01 939733                     /home/dds/.m2/repository/org/uqbar-project/arena-apo/3.6.1/arena-apo-3.6.1.jar
7fd4b402a000-7fd4b402d000 r--s 00014000 08:01 939731                     /home/dds/.m2/repository/org/uqbar-project/arena-pot/3.6.1/arena-pot-3.6.1.jar
7fd4b402d000-7fd4b4034000 r--s 0002c000 08:01 939729                     /home/dds/.m2/repository/org/uqbar-project/arena-core/3.6.1/arena-core-3.6.1.jar
7fd4b4034000-7fd4b403a000 r--s 00035000 08:01 939727                     /home/dds/.m2/repository/org/uqbar-project/arena-jface/3.6.1/arena-jface-3.6.1.jar
7fd4b403a000-7fd4b4043000 r--s 0006f000 08:01 793390                     /home/dds/.m2/repository/log4j/log4j/1.2.17/log4j-1.2.17.jar
7fd4b4043000-7fd4b4048000 r--s 00034000 08:01 793387                     /home/dds/.m2/repository/com/google/code/gson/gson/2.8.0/gson-2.8.0.jar
7fd4b4048000-7fd4b404a000 r--s 00009000 08:01 787749                     /home/dds/.m2/repository/org/hamcrest/hamcrest-core/1.3/hamcrest-core-1.3.jar
7fd4b404a000-7fd4b4052000 r--s 00045000 08:01 793384                     /home/dds/.m2/repository/junit/junit/4.12/junit-4.12.jar
7fd4b4052000-7fd4b405c000 r--s 00061000 08:01 793378                     /home/dds/.m2/repository/com/sun/jersey/jersey-core/1.19.3/jersey-core-1.19.3.jar
7fd4b405c000-7fd4b4060000 r--s 0001d000 08:01 793375                     /home/dds/.m2/repository/com/sun/jersey/jersey-client/1.19.3/jersey-client-1.19.3.jar
7fd4b4060000-7fd4b4064000 r--s 00037000 08:01 155729                     /usr/lib/jvm/java-8-openjdk-amd64/jre/lib/ext/sunpkcs11.jar
7fd4b4064000-7fd4b4067000 r--s 0000f000 08:01 155733                     /usr/lib/jvm/java-8-openjdk-amd64/jre/lib/ext/icedtea-sound.jar
7fd4b4067000-7fd4b4082000 r--s 001d6000 08:01 155727                     /usr/lib/jvm/java-8-openjdk-amd64/jre/lib/ext/nashorn.jar
7fd4b4082000-7fd4b409d000 r--s 00394000 08:01 155153                     /usr/lib/jvm/java-8-openjdk-amd64/jre/lib/ext/cldrdata.jar
7fd4b409d000-7fd4b4632000 rw-p 00000000 00:00 0 
7fd4b4632000-7fd4b4800000 r--s 03c13000 08:01 141429                     /usr/lib/jvm/java-8-openjdk-amd64/jre/lib/rt.jar
7fd4b4800000-7fd4b5000000 rw-p 00000000 00:00 0 
7fd4b5000000-7fd4b5300000 rwxp 00000000 00:00 0 
7fd4b5300000-7fd4c4000000 ---p 00000000 00:00 0 
7fd4c4000000-7fd4c469b000 rw-p 00000000 00:00 0 
7fd4c469b000-7fd4c8000000 ---p 00000000 00:00 0 
7fd4c8000000-7fd4c8002000 r--s 0000a000 08:01 793381                     /home/dds/.m2/repository/javax/ws/rs/jsr311-api/1.1.1/jsr311-api-1.1.1.jar
7fd4c8002000-7fd4c8004000 r--s 00001000 08:01 155730                     /usr/lib/jvm/java-8-openjdk-amd64/jre/lib/ext/dnsns.jar
7fd4c8004000-7fd4ca103000 rw-p 00000000 00:00 0 
7fd4ca103000-7fd4ca104000 ---p 00000000 00:00 0 
7fd4ca104000-7fd4ca204000 rw-p 00000000 00:00 0 
7fd4ca204000-7fd4ca205000 ---p 00000000 00:00 0 
7fd4ca205000-7fd4ca305000 rw-p 00000000 00:00 0 
7fd4ca305000-7fd4ca306000 ---p 00000000 00:00 0 
7fd4ca306000-7fd4ca406000 rw-p 00000000 00:00 0 
7fd4ca406000-7fd4ca407000 ---p 00000000 00:00 0 
7fd4ca407000-7fd4ca51c000 rw-p 00000000 00:00 0 
7fd4ca51c000-7fd4ca64d000 ---p 00000000 00:00 0 
7fd4ca64d000-7fd4ca662000 rw-p 00000000 00:00 0 
7fd4ca662000-7fd4ca792000 ---p 00000000 00:00 0 
7fd4ca792000-7fd4ca7a5000 rw-p 00000000 00:00 0 
7fd4ca7a5000-7fd4ca835000 ---p 00000000 00:00 0 
7fd4ca835000-7fd4ca842000 rw-p 00000000 00:00 0 
7fd4ca842000-7fd4cabf6000 ---p 00000000 00:00 0 
7fd4cabf6000-7fd4cabfe000 r-xp 00000000 08:01 170412                     /usr/lib/jvm/java-8-openjdk-amd64/jre/lib/amd64/libzip.so
7fd4cabfe000-7fd4cadfd000 ---p 00008000 08:01 170412                     /usr/lib/jvm/java-8-openjdk-amd64/jre/lib/amd64/libzip.so
7fd4cadfd000-7fd4cadfe000 r--p 00007000 08:01 170412                     /usr/lib/jvm/java-8-openjdk-amd64/jre/lib/amd64/libzip.so
7fd4cadfe000-7fd4cadff000 rw-p 00008000 08:01 170412                     /usr/lib/jvm/java-8-openjdk-amd64/jre/lib/amd64/libzip.so
7fd4cadff000-7fd4cae0a000 r-xp 00000000 08:01 1056813                    /lib/x86_64-linux-gnu/libnss_files-2.23.so
7fd4cae0a000-7fd4cb009000 ---p 0000b000 08:01 1056813                    /lib/x86_64-linux-gnu/libnss_files-2.23.so
7fd4cb009000-7fd4cb00a000 r--p 0000a000 08:01 1056813                    /lib/x86_64-linux-gnu/libnss_files-2.23.so
7fd4cb00a000-7fd4cb00b000 rw-p 0000b000 08:01 1056813                    /lib/x86_64-linux-gnu/libnss_files-2.23.so
7fd4cb00b000-7fd4cb011000 rw-p 00000000 00:00 0 
7fd4cb011000-7fd4cb01c000 r-xp 00000000 08:01 1056816                    /lib/x86_64-linux-gnu/libnss_nis-2.23.so
7fd4cb01c000-7fd4cb21b000 ---p 0000b000 08:01 1056816                    /lib/x86_64-linux-gnu/libnss_nis-2.23.so
7fd4cb21b000-7fd4cb21c000 r--p 0000a000 08:01 1056816                    /lib/x86_64-linux-gnu/libnss_nis-2.23.so
7fd4cb21c000-7fd4cb21d000 rw-p 0000b000 08:01 1056816                    /lib/x86_64-linux-gnu/libnss_nis-2.23.so
7fd4cb21d000-7fd4cb233000 r-xp 00000000 08:01 1048632                    /lib/x86_64-linux-gnu/libnsl-2.23.so
7fd4cb233000-7fd4cb432000 ---p 00016000 08:01 1048632                    /lib/x86_64-linux-gnu/libnsl-2.23.so
7fd4cb432000-7fd4cb433000 r--p 00015000 08:01 1048632                    /lib/x86_64-linux-gnu/libnsl-2.23.so
7fd4cb433000-7fd4cb434000 rw-p 00016000 08:01 1048632                    /lib/x86_64-linux-gnu/libnsl-2.23.so
7fd4cb434000-7fd4cb436000 rw-p 00000000 00:00 0 
7fd4cb436000-7fd4cb43e000 r-xp 00000000 08:01 1056822                    /lib/x86_64-linux-gnu/libnss_compat-2.23.so
7fd4cb43e000-7fd4cb63d000 ---p 00008000 08:01 1056822                    /lib/x86_64-linux-gnu/libnss_compat-2.23.so
7fd4cb63d000-7fd4cb63e000 r--p 00007000 08:01 1056822                    /lib/x86_64-linux-gnu/libnss_compat-2.23.so
7fd4cb63e000-7fd4cb63f000 rw-p 00008000 08:01 1056822                    /lib/x86_64-linux-gnu/libnss_compat-2.23.so
7fd4cb63f000-7fd4cb66c000 r-xp 00000000 08:01 170427                     /usr/lib/jvm/java-8-openjdk-amd64/jre/lib/amd64/libjava.so
7fd4cb66c000-7fd4cb86b000 ---p 0002d000 08:01 170427                     /usr/lib/jvm/java-8-openjdk-amd64/jre/lib/amd64/libjava.so
7fd4cb86b000-7fd4cb86c000 r--p 0002c000 08:01 170427                     /usr/lib/jvm/java-8-openjdk-amd64/jre/lib/amd64/libjava.so
7fd4cb86c000-7fd4cb86e000 rw-p 0002d000 08:01 170427                     /usr/lib/jvm/java-8-openjdk-amd64/jre/lib/amd64/libjava.so
7fd4cb86e000-7fd4cb87d000 r-xp 00000000 08:01 170406                     /usr/lib/jvm/java-8-openjdk-amd64/jre/lib/amd64/libverify.so
7fd4cb87d000-7fd4cba7c000 ---p 0000f000 08:01 170406                     /usr/lib/jvm/java-8-openjdk-amd64/jre/lib/amd64/libverify.so
7fd4cba7c000-7fd4cba7e000 r--p 0000e000 08:01 170406                     /usr/lib/jvm/java-8-openjdk-amd64/jre/lib/amd64/libverify.so
7fd4cba7e000-7fd4cba7f000 rw-p 00010000 08:01 170406                     /usr/lib/jvm/java-8-openjdk-amd64/jre/lib/amd64/libverify.so
7fd4cba7f000-7fd4cba86000 r-xp 00000000 08:01 1056818                    /lib/x86_64-linux-gnu/librt-2.23.so
7fd4cba86000-7fd4cbc85000 ---p 00007000 08:01 1056818                    /lib/x86_64-linux-gnu/librt-2.23.so
7fd4cbc85000-7fd4cbc86000 r--p 00006000 08:01 1056818                    /lib/x86_64-linux-gnu/librt-2.23.so
7fd4cbc86000-7fd4cbc87000 rw-p 00007000 08:01 1056818                    /lib/x86_64-linux-gnu/librt-2.23.so
7fd4cbc87000-7fd4cbc9d000 r-xp 00000000 08:01 1054182                    /lib/x86_64-linux-gnu/libgcc_s.so.1
7fd4cbc9d000-7fd4cbe9c000 ---p 00016000 08:01 1054182                    /lib/x86_64-linux-gnu/libgcc_s.so.1
7fd4cbe9c000-7fd4cbe9d000 rw-p 00015000 08:01 1054182                    /lib/x86_64-linux-gnu/libgcc_s.so.1
7fd4cbe9d000-7fd4cbfa5000 r-xp 00000000 08:01 1056827                    /lib/x86_64-linux-gnu/libm-2.23.so
7fd4cbfa5000-7fd4cc1a4000 ---p 00108000 08:01 1056827                    /lib/x86_64-linux-gnu/libm-2.23.so
7fd4cc1a4000-7fd4cc1a5000 r--p 00107000 08:01 1056827                    /lib/x86_64-linux-gnu/libm-2.23.so
7fd4cc1a5000-7fd4cc1a6000 rw-p 00108000 08:01 1056827                    /lib/x86_64-linux-gnu/libm-2.23.so
7fd4cc1a6000-7fd4cc318000 r-xp 00000000 08:01 140859                     /usr/lib/x86_64-linux-gnu/libstdc++.so.6.0.21
7fd4cc318000-7fd4cc518000 ---p 00172000 08:01 140859                     /usr/lib/x86_64-linux-gnu/libstdc++.so.6.0.21
7fd4cc518000-7fd4cc522000 r--p 00172000 08:01 140859                     /usr/lib/x86_64-linux-gnu/libstdc++.so.6.0.21
7fd4cc522000-7fd4cc524000 rw-p 0017c000 08:01 140859                     /usr/lib/x86_64-linux-gnu/libstdc++.so.6.0.21
7fd4cc524000-7fd4cc528000 rw-p 00000000 00:00 0 
7fd4cc528000-7fd4cd17c000 r-xp 00000000 08:01 170411                     /usr/lib/jvm/java-8-openjdk-amd64/jre/lib/amd64/server/libjvm.so
7fd4cd17c000-7fd4cd37c000 ---p 00c54000 08:01 170411                     /usr/lib/jvm/java-8-openjdk-amd64/jre/lib/amd64/server/libjvm.so
7fd4cd37c000-7fd4cd40f000 r--p 00c54000 08:01 170411                     /usr/lib/jvm/java-8-openjdk-amd64/jre/lib/amd64/server/libjvm.so
7fd4cd40f000-7fd4cd438000 rw-p 00ce7000 08:01 170411                     /usr/lib/jvm/java-8-openjdk-amd64/jre/lib/amd64/server/libjvm.so
7fd4cd438000-7fd4cd468000 rw-p 00000000 00:00 0 
7fd4cd468000-7fd4cd480000 r-xp 00000000 08:01 1056815                    /lib/x86_64-linux-gnu/libpthread-2.23.so
7fd4cd480000-7fd4cd67f000 ---p 00018000 08:01 1056815                    /lib/x86_64-linux-gnu/libpthread-2.23.so
7fd4cd67f000-7fd4cd680000 r--p 00017000 08:01 1056815                    /lib/x86_64-linux-gnu/libpthread-2.23.so
7fd4cd680000-7fd4cd681000 rw-p 00018000 08:01 1056815                    /lib/x86_64-linux-gnu/libpthread-2.23.so
7fd4cd681000-7fd4cd685000 rw-p 00000000 00:00 0 
7fd4cd685000-7fd4cd688000 r-xp 00000000 08:01 1056821                    /lib/x86_64-linux-gnu/libdl-2.23.so
7fd4cd688000-7fd4cd887000 ---p 00003000 08:01 1056821                    /lib/x86_64-linux-gnu/libdl-2.23.so
7fd4cd887000-7fd4cd888000 r--p 00002000 08:01 1056821                    /lib/x86_64-linux-gnu/libdl-2.23.so
7fd4cd888000-7fd4cd889000 rw-p 00003000 08:01 1056821                    /lib/x86_64-linux-gnu/libdl-2.23.so
7fd4cd889000-7fd4cd8a2000 r-xp 00000000 08:01 1057478                    /lib/x86_64-linux-gnu/libz.so.1.2.8
7fd4cd8a2000-7fd4cdaa1000 ---p 00019000 08:01 1057478                    /lib/x86_64-linux-gnu/libz.so.1.2.8
7fd4cdaa1000-7fd4cdaa2000 r--p 00018000 08:01 1057478                    /lib/x86_64-linux-gnu/libz.so.1.2.8
7fd4cdaa2000-7fd4cdaa3000 rw-p 00019000 08:01 1057478                    /lib/x86_64-linux-gnu/libz.so.1.2.8
7fd4cdaa3000-7fd4cdc63000 r-xp 00000000 08:01 1056842                    /lib/x86_64-linux-gnu/libc-2.23.so
7fd4cdc63000-7fd4cde63000 ---p 001c0000 08:01 1056842                    /lib/x86_64-linux-gnu/libc-2.23.so
7fd4cde63000-7fd4cde67000 r--p 001c0000 08:01 1056842                    /lib/x86_64-linux-gnu/libc-2.23.so
7fd4cde67000-7fd4cde69000 rw-p 001c4000 08:01 1056842                    /lib/x86_64-linux-gnu/libc-2.23.so
7fd4cde69000-7fd4cde6d000 rw-p 00000000 00:00 0 
7fd4cde6d000-7fd4cde7a000 r-xp 00000000 08:01 170404                     /usr/lib/jvm/java-8-openjdk-amd64/jre/lib/amd64/jli/libjli.so
7fd4cde7a000-7fd4ce07a000 ---p 0000d000 08:01 170404                     /usr/lib/jvm/java-8-openjdk-amd64/jre/lib/amd64/jli/libjli.so
7fd4ce07a000-7fd4ce07b000 r--p 0000d000 08:01 170404                     /usr/lib/jvm/java-8-openjdk-amd64/jre/lib/amd64/jli/libjli.so
7fd4ce07b000-7fd4ce07c000 rw-p 0000e000 08:01 170404                     /usr/lib/jvm/java-8-openjdk-amd64/jre/lib/amd64/jli/libjli.so
7fd4ce07c000-7fd4ce0a2000 r-xp 00000000 08:01 1056810                    /lib/x86_64-linux-gnu/ld-2.23.so
7fd4ce0a2000-7fd4ce0a3000 r--s 00003000 08:01 938032                     /home/dds/.m2/repository/org/eclipse/org.eclipse.swt/3.4.2.v3452b/org.eclipse.swt-3.4.2.v3452b.jar
7fd4ce0a3000-7fd4ce0a5000 r--s 00008000 08:01 155734                     /usr/lib/jvm/java-8-openjdk-amd64/jre/lib/ext/sunec.jar
7fd4ce0a5000-7fd4ce17e000 rw-p 00000000 00:00 0 
7fd4ce17e000-7fd4ce181000 ---p 00000000 00:00 0 
7fd4ce181000-7fd4ce284000 rw-p 00000000 00:00 0 
7fd4ce284000-7fd4ce285000 r--s 0000a000 08:01 155731                     /usr/lib/jvm/java-8-openjdk-amd64/jre/lib/ext/jaccess.jar
7fd4ce285000-7fd4ce28a000 r--s 0003b000 08:01 155732                     /usr/lib/jvm/java-8-openjdk-amd64/jre/lib/ext/sunjce_provider.jar
7fd4ce28a000-7fd4ce28b000 r--s 00010000 08:01 155735                     /usr/lib/jvm/java-8-openjdk-amd64/jre/lib/ext/zipfs.jar
7fd4ce28b000-7fd4ce295000 r--s 00116000 08:01 155728                     /usr/lib/jvm/java-8-openjdk-amd64/jre/lib/ext/localedata.jar
7fd4ce295000-7fd4ce29d000 rw-s 00000000 08:01 5219                       /tmp/hsperfdata_dds/7204
7fd4ce29d000-7fd4ce29e000 rw-p 00000000 00:00 0 
7fd4ce29e000-7fd4ce29f000 ---p 00000000 00:00 0 
7fd4ce29f000-7fd4ce2a1000 rw-p 00000000 00:00 0 
7fd4ce2a1000-7fd4ce2a2000 r--p 00025000 08:01 1056810                    /lib/x86_64-linux-gnu/ld-2.23.so
7fd4ce2a2000-7fd4ce2a3000 rw-p 00026000 08:01 1056810                    /lib/x86_64-linux-gnu/ld-2.23.so
7fd4ce2a3000-7fd4ce2a4000 rw-p 00000000 00:00 0 
7ffd75616000-7ffd75638000 rw-p 00000000 00:00 0                          [stack]
7ffd756f8000-7ffd756fa000 r--p 00000000 00:00 0                          [vvar]
7ffd756fa000-7ffd756fc000 r-xp 00000000 00:00 0                          [vdso]
ffffffffff600000-ffffffffff601000 r-xp 00000000 00:00 0                  [vsyscall]

VM Arguments:
jvm_args: -ea -Dfile.encoding=UTF-8 
java_command: org.eclipse.jdt.internal.junit.runner.RemoteTestRunner -version 3 -port 33735 -testLoaderClass org.eclipse.jdt.internal.junit4.runner.JUnit4TestLoader -loaderpluginname org.eclipse.jdt.junit4.runtime -test appDataTestConStub.AppDataTestDeIndicadores:cargarDeArchivoInexistente
java_class_path (initial): /home/dds/Desarrollo/workspace/2017-vn-group-10/target/testClasses:/home/dds/Desarrollo/workspace/2017-vn-group-10/target/classes:/home/dds/.m2/repository/javax/ws/rs/jsr311-api/1.1.1/jsr311-api-1.1.1.jar:/home/dds/.m2/repository/com/sun/jersey/jersey-client/1.19.3/jersey-client-1.19.3.jar:/home/dds/.m2/repository/com/sun/jersey/jersey-core/1.19.3/jersey-core-1.19.3.jar:/home/dds/.m2/repository/junit/junit/4.12/junit-4.12.jar:/home/dds/.m2/repository/org/hamcrest/hamcrest-core/1.3/hamcrest-core-1.3.jar:/home/dds/.m2/repository/com/google/code/gson/gson/2.8.0/gson-2.8.0.jar:/home/dds/.m2/repository/log4j/log4j/1.2.17/log4j-1.2.17.jar:/home/dds/.m2/repository/org/uqbar-project/arena-jface/3.6.1/arena-jface-3.6.1.jar:/home/dds/.m2/repository/org/uqbar-project/arena-core/3.6.1/arena-core-3.6.1.jar:/home/dds/.m2/repository/org/uqbar-project/arena-pot/3.6.1/arena-pot-3.6.1.jar:/home/dds/.m2/repository/org/uqbar-project/arena-apo/3.6.1/arena-apo-3.6.1.jar:/home/dds/.m2/repository/org/uqbar-project/uqbar-domain/3.6.1/uqbar-domain-3.6.1.jar:/home/dds/.m2/repository/commons-collections/commons-collections/3.2.1/commons-collections-3.2.1.jar:/home/dds/.m2/repository/net/sourceforge/collections/collections-generic/4.01/collections-generic-4.01.jar:/home/dds/.m2/repository/commons-beanutils/commons-beanutils/1.7.0/commons-beanutils-1.7.0.jar:/home/dds/.m2/repository/commons-logging/commons-logging/1.1.1/commons-logging-1.1.1.jar:/home/dds/.m2/repository/net/sf/oval/oval/1.81/oval-1.81.jar:/home/dds/.m2/repository/commons-lang/commons-lang/2.2/commons-lang-2.2.jar:/home/dds/.m2/repository/org/javassist/javassist/3.18.1-GA/javassist-3.18.1-GA.jar:/home/dds/.m2/repository/org/reflections/reflections/0.9.8/reflections-0.9.8.jar:/home/dds/.m2/repository/com/google/guava/guava/11.0.2/guava-11.0.2.jar:/home/dds/.m2/repository/com/google/code/findbugs/jsr305/1.3.9/jsr305-1.3.9.jar:/home/dds/.m2/repository/dom4j/dom4j/1.6.1/dom4j-1.6.1.jar:/home/dds/.m2/repos
Launcher Type: SUN_STANDARD

Environment Variables:
PATH=/home/dds/bin:/home/dds/.local/bin:/usr/local/sbin:/usr/local/bin:/usr/sbin:/usr/bin:/sbin:/bin:/usr/games:/usr/local/games:/snap/bin
SHELL=/bin/bash
DISPLAY=:0

Signal Handlers:
SIGSEGV: [libjvm.so+0xa6ad10], sa_mask[0]=11111111011111111101111111111110, sa_flags=SA_RESTART|SA_SIGINFO
SIGBUS: [libjvm.so+0xa6ad10], sa_mask[0]=11111111011111111101111111111110, sa_flags=SA_RESTART|SA_SIGINFO
SIGFPE: [libjvm.so+0x8b3bc0], sa_mask[0]=11111111011111111101111111111110, sa_flags=SA_RESTART|SA_SIGINFO
SIGPIPE: [libjvm.so+0x8b3bc0], sa_mask[0]=11111111011111111101111111111110, sa_flags=SA_RESTART|SA_SIGINFO
SIGXFSZ: [libjvm.so+0x8b3bc0], sa_mask[0]=11111111011111111101111111111110, sa_flags=SA_RESTART|SA_SIGINFO
SIGILL: [libjvm.so+0x8b3bc0], sa_mask[0]=11111111011111111101111111111110, sa_flags=SA_RESTART|SA_SIGINFO
SIGUSR1: SIG_DFL, sa_mask[0]=00000000000000000000000000000000, sa_flags=none
SIGUSR2: [libjvm.so+0x8b3a70], sa_mask[0]=00100000000000000000000000000000, sa_flags=SA_RESTART|SA_SIGINFO
SIGHUP: [libjvm.so+0x8b3f40], sa_mask[0]=11111111011111111101111111111110, sa_flags=SA_RESTART|SA_SIGINFO
SIGINT: [libjvm.so+0x8b3f40], sa_mask[0]=11111111011111111101111111111110, sa_flags=SA_RESTART|SA_SIGINFO
SIGTERM: [libjvm.so+0x8b3f40], sa_mask[0]=11111111011111111101111111111110, sa_flags=SA_RESTART|SA_SIGINFO
SIGQUIT: [libjvm.so+0x8b3f40], sa_mask[0]=11111111011111111101111111111110, sa_flags=SA_RESTART|SA_SIGINFO


---------------  S Y S T E M  ---------------

OS:DISTRIB_ID=Ubuntu
DISTRIB_RELEASE=16.04
DISTRIB_CODENAME=xenial
DISTRIB_DESCRIPTION="Ubuntu 16.04.3 LTS"

uname:Linux 4.10.0-32-generic #36~16.04.1-Ubuntu SMP Wed Aug 9 09:19:02 UTC 2017 x86_64
libc:glibc 2.23 NPTL 2.23 
rlimit: STACK 8192k, CORE 0k, NPROC 15430, NOFILE 1048576, AS infinity
load average:1,01 0,44 0,28

/proc/meminfo:
MemTotal:        3994796 kB
MemFree:          103964 kB
MemAvailable:       6176 kB
Buffers:            1980 kB
Cached:            15608 kB
SwapCached:        10464 kB
Active:          3124344 kB
Inactive:         630176 kB
Active(anon):    3117568 kB
Inactive(anon):   623488 kB
Active(file):       6776 kB
Inactive(file):     6688 kB
Unevictable:          40 kB
Mlocked:              40 kB
SwapTotal:       2095100 kB
SwapFree:              0 kB
Dirty:                72 kB
Writeback:           156 kB
AnonPages:       3727168 kB
Mapped:            13404 kB
Shmem:              3484 kB
Slab:              56508 kB
SReclaimable:      27608 kB
SUnreclaim:        28900 kB
KernelStack:       11344 kB
PageTables:        39056 kB
NFS_Unstable:          0 kB
Bounce:                0 kB
WritebackTmp:          0 kB
CommitLimit:     4092496 kB
Committed_AS:    9657732 kB
VmallocTotal:   34359738367 kB
VmallocUsed:           0 kB
VmallocChunk:          0 kB
HardwareCorrupted:     0 kB
AnonHugePages:    991232 kB
ShmemHugePages:        0 kB
ShmemPmdMapped:        0 kB
CmaTotal:              0 kB
CmaFree:               0 kB
HugePages_Total:       0
HugePages_Free:        0
HugePages_Rsvd:        0
HugePages_Surp:        0
Hugepagesize:       2048 kB
DirectMap4k:      102336 kB
DirectMap2M:     4042752 kB


CPU:total 4 (initial active 4) (4 cores per cpu, 1 threads per core) family 6 model 60 stepping 3, cmov, cx8, fxsr, mmx, sse, sse2, sse3, ssse3, sse4.1, sse4.2, popcnt, avx, aes, clmul, lzcnt, tsc, tscinvbit

/proc/cpuinfo:
processor	: 0
vendor_id	: GenuineIntel
cpu family	: 6
model		: 60
model name	: Intel(R) Core(TM) i5-4440 CPU @ 3.10GHz
stepping	: 3
cpu MHz		: 3092.838
cache size	: 6144 KB
physical id	: 0
siblings	: 4
core id		: 0
cpu cores	: 4
apicid		: 0
initial apicid	: 0
fpu		: yes
fpu_exception	: yes
cpuid level	: 13
wp		: yes
flags		: fpu vme de pse tsc msr pae mce cx8 apic sep mtrr pge mca cmov pat pse36 clflush mmx fxsr sse sse2 ht syscall nx rdtscp lm constant_tsc rep_good nopl xtopology nonstop_tsc pni pclmulqdq ssse3 cx16 sse4_1 sse4_2 x2apic movbe popcnt aes xsave avx rdrand hypervisor lahf_lm abm
bugs		:
bogomips	: 6185.67
clflush size	: 64
cache_alignment	: 64
address sizes	: 39 bits physical, 48 bits virtual
power management:

processor	: 1
vendor_id	: GenuineIntel
cpu family	: 6
model		: 60
model name	: Intel(R) Core(TM) i5-4440 CPU @ 3.10GHz
stepping	: 3
cpu MHz		: 3092.838
cache size	: 6144 KB
physical id	: 0
siblings	: 4
core id		: 1
cpu cores	: 4
apicid		: 1
initial apicid	: 1
fpu		: yes
fpu_exception	: yes
cpuid level	: 13
wp		: yes
flags		: fpu vme de pse tsc msr pae mce cx8 apic sep mtrr pge mca cmov pat pse36 clflush mmx fxsr sse sse2 ht syscall nx rdtscp lm constant_tsc rep_good nopl xtopology nonstop_tsc pni pclmulqdq ssse3 cx16 sse4_1 sse4_2 x2apic movbe popcnt aes xsave avx rdrand hypervisor lahf_lm abm
bugs		:
bogomips	: 6185.67
clflush size	: 64
cache_alignment	: 64
address sizes	: 39 bits physical, 48 bits virtual
power management:

processor	: 2
vendor_id	: GenuineIntel
cpu family	: 6
model		: 60
model name	: Intel(R) Core(TM) i5-4440 CPU @ 3.10GHz
stepping	: 3
cpu MHz		: 3092.838
cache size	: 6144 KB
physical id	: 0
siblings	: 4
core id		: 2
cpu cores	: 4
apicid		: 2
initial apicid	: 2
fpu		: yes
fpu_exception	: yes
cpuid level	: 13
wp		: yes
flags		: fpu vme de pse tsc msr pae mce cx8 apic sep mtrr pge mca cmov pat pse36 clflush mmx fxsr sse sse2 ht syscall nx rdtscp lm constant_tsc rep_good nopl xtopology nonstop_tsc pni pclmulqdq ssse3 cx16 sse4_1 sse4_2 x2apic movbe popcnt aes xsave avx rdrand hypervisor lahf_lm abm
bugs		:
bogomips	: 6185.67
clflush size	: 64
cache_alignment	: 64
address sizes	: 39 bits physical, 48 bits virtual
power management:

processor	: 3
vendor_id	: GenuineIntel
cpu family	: 6
model		: 60
model name	: Intel(R) Core(TM) i5-4440 CPU @ 3.10GHz
stepping	: 3
cpu MHz		: 3092.838
cache size	: 6144 KB
physical id	: 0
siblings	: 4
core id		: 3
cpu cores	: 4
apicid		: 3
initial apicid	: 3
fpu		: yes
fpu_exception	: yes
cpuid level	: 13
wp		: yes
flags		: fpu vme de pse tsc msr pae mce cx8 apic sep mtrr pge mca cmov pat pse36 clflush mmx fxsr sse sse2 ht syscall nx rdtscp lm constant_tsc rep_good nopl xtopology nonstop_tsc pni pclmulqdq ssse3 cx16 sse4_1 sse4_2 x2apic movbe popcnt aes xsave avx rdrand hypervisor lahf_lm abm
bugs		:
bogomips	: 6185.67
clflush size	: 64
cache_alignment	: 64
address sizes	: 39 bits physical, 48 bits virtual
power management:



Memory: 4k page, physical 3994796k(103964k free), swap 2095100k(0k free)

vm_info: OpenJDK 64-Bit Server VM (25.131-b11) for linux-amd64 JRE (1.8.0_131-8u131-b11-2ubuntu1.16.04.3-b11), built on Jul 28 2017 01:23:32 by "buildd" with gcc 5.4.0 20160609

time: Fri Sep 15 01:57:43 2017
elapsed time: 2 seconds (0d 0h 0m 2s)

